This file contains any messages produced by compilers while
running configure, to aid debugging if configure makes a mistake.

It was created by S/PHI/nX Accelerate Libraries configure 2.11.13, which was
generated by GNU Autoconf 2.71.  Invocation command line was

  $ ./configure --disable-option-checking --prefix=/Users/fonari/src/sphinx-mac/sphinx-3.1/install_dn --with-sxmath --disable-debug --enable-mkl --enable-mklfft --with-mklpath=/Users/fonari/src/2026-2/schrodinger_buildenv_packages/.pixi/envs/schrodinger/mkl-2020.0.166/include:/Users/fonari/src/2026-2/schrodinger_buildenv_packages/.pixi/envs/schrodinger/mkl-2020.0.166/lib --with-numlibs=/Users/fonari/src/sphinx-mac/sphinx-3.1/../netcdf/netcdf-c-4.8.1/install_dn --disable-openmp --disable-mpi --disable-numlibschecks --cache-file=/dev/null --srcdir=.

## --------- ##
## Platform. ##
## --------- ##

hostname = Y76X0Q4QHW-MBP
uname -m = arm64
uname -r = 23.6.0
uname -s = Darwin
uname -v = Darwin Kernel Version 23.6.0: Wed Oct 15 21:13:51 PDT 2025; root:xnu-10063.141.1.707.11~1/RELEASE_ARM64_T6020

/usr/bin/uname -p = arm
/bin/uname -X     = unknown

/bin/arch              = unknown
/usr/bin/arch -k       = unknown
/usr/convex/getsysinfo = unknown
/usr/bin/hostinfo      = Mach kernel version:
	 Darwin Kernel Version 23.6.0: Wed Oct 15 21:13:51 PDT 2025; root:xnu-10063.141.1.707.11~1/RELEASE_ARM64_T6020
Kernel configured for up to 12 processors.
12 processors are physically available.
12 processors are logically available.
Processor type: arm64e (ARM64E)
Processors active: 0 1 2 3 4 5 6 7 8 9 10 11
Primary memory available: 32.00 gigabytes
Default processor set: 663 tasks, 4248 threads, 12 processors
Load average: 11.72, Mach factor: 4.87
/bin/machine           = unknown
/usr/bin/oslevel       = unknown
/bin/universe          = unknown

PATH: /Users/fonari/src/2026-2/schrodinger_buildenv_packages/.pixi/envs/schrodinger/clang_tools-14.0.6/bin/
PATH: /Users/fonari/src/2026-2/buildvenv/82fbb9c/bin/
PATH: /Users/fonari/src/2026-2/schrodinger_buildenv_packages/.pixi/envs/schrodinger/qt-6.5.8/bin/
PATH: /Users/fonari/src/2026-2/schrodinger_buildenv_packages/.pixi/envs/schrodinger/perl-5.14.2-sdk1012/bin/
PATH: /Users/fonari/src/2026-2/schrodinger_buildenv_packages/.pixi/envs/schrodinger/perceptualdiff-1.1.1/
PATH: /Users/fonari/src/2026-2/schrodinger_buildenv_packages/.pixi/envs/schrodinger/ifort_2022.0.0/bin/intel64/
PATH: /Users/fonari/src/2026-2/schrodinger_buildenv_packages/.pixi/envs/schrodinger/grpc-1.62.3/bin/
PATH: /Users/fonari/src/2026-2/schrodinger_buildenv_packages/.pixi/envs/schrodinger/protobuf-25.7/bin/
PATH: /Users/fonari/src/2026-2/schrodinger_buildenv_packages/.pixi/envs/schrodinger/go-1.25.4/bin/
PATH: /Users/fonari/src/2026-2/schrodinger_buildenv_packages/.pixi/envs/schrodinger/python-3.11.4/bin/
PATH: /opt/homebrew/bin/
PATH: /opt/homebrew/sbin/
PATH: /Users/fonari/.local/bin/
PATH: /Users/fonari/Library/Python/3.9/bin/
PATH: /usr/local/bin/
PATH: /System/Cryptexes/App/usr/bin/
PATH: /usr/bin/
PATH: /bin/
PATH: /usr/sbin/
PATH: /sbin/
PATH: /var/run/com.apple.security.cryptexd/codex.system/bootstrap/usr/local/bin/
PATH: /var/run/com.apple.security.cryptexd/codex.system/bootstrap/usr/bin/
PATH: /var/run/com.apple.security.cryptexd/codex.system/bootstrap/usr/appleinternal/bin/
PATH: /opt/X11/bin/
PATH: /Library/Apple/usr/bin/


## ----------- ##
## Core tests. ##
## ----------- ##

configure:3278: looking for aux files: ltmain.sh compile missing install-sh config.guess config.sub
configure:3291:  trying ./
configure:3320:   ./ltmain.sh found
configure:3320:   ./compile found
configure:3320:   ./missing found
configure:3302:   ./install-sh found
configure:3320:   ./config.guess found
configure:3320:   ./config.sub found
configure:3441: checking build system type
configure:3456: result: aarch64-apple-darwin23.6.0
configure:3476: checking host system type
configure:3490: result: aarch64-apple-darwin23.6.0
configure:3532: checking for a BSD-compatible install
configure:3605: result: /usr/bin/install -c
configure:3616: checking whether build environment is sane
configure:3671: result: yes
configure:3830: checking for a race-free mkdir -p
configure:3874: result: ./install-sh -c -d
configure:3881: checking for gawk
configure:3916: result: no
configure:3881: checking for mawk
configure:3916: result: no
configure:3881: checking for nawk
configure:3916: result: no
configure:3881: checking for awk
configure:3902: found /usr/bin/awk
configure:3913: result: awk
configure:3924: checking whether make sets $(MAKE)
configure:3947: result: yes
configure:3977: checking whether make supports nested variables
configure:3995: result: yes
configure:4263: checking whether to use examples
configure:4271: result: no
configure:4307: checking whether to use apps
configure:4315: result: yes
configure:4351: checking whether to use sxmath
configure:4359: result: yes
configure:4395: checking whether to use tests
configure:4403: result: no
configure:4477: checking whether make supports the include directive
configure:4492: make -f confmf.GNU && cat confinc.out
this is the am__doit target
configure:4495: $? = 0
configure:4514: result: yes (GNU style)
configure:4590: checking for gcc
configure:4622: result: clang
configure:4975: checking for C compiler version
configure:4984: clang --version >&5
Apple clang version 16.0.0 (clang-1600.0.26.6)
Target: x86_64-apple-darwin23.6.0
Thread model: posix
InstalledDir: /Applications/Xcode.app/Contents/Developer/Toolchains/XcodeDefault.xctoolchain/usr/bin
configure:4995: $? = 0
configure:4984: clang -v >&5
Apple clang version 16.0.0 (clang-1600.0.26.6)
Target: x86_64-apple-darwin23.6.0
Thread model: posix
InstalledDir: /Applications/Xcode.app/Contents/Developer/Toolchains/XcodeDefault.xctoolchain/usr/bin
configure:4995: $? = 0
configure:4984: clang -V >&5
clang: error: argument to '-V' is missing (expected 1 value)
clang: error: no input files
configure:4995: $? = 1
configure:4984: clang -qversion >&5
clang: error: unknown argument '-qversion'; did you mean '--version'?
clang: error: no input files
configure:4995: $? = 1
configure:4984: clang -version >&5
clang: error: unknown argument '-version'; did you mean '--version'?
clang: error: no input files
configure:4995: $? = 1
configure:5015: checking whether the C compiler works
configure:5037: clang    conftest.c  >&5
configure:5041: $? = 0
configure:5091: result: yes
configure:5094: checking for C compiler default output file name
configure:5096: result: a.out
configure:5102: checking for suffix of executables
configure:5109: clang -o conftest    conftest.c  >&5
configure:5113: $? = 0
configure:5136: result: 
configure:5158: checking whether we are cross compiling
configure:5166: clang -o conftest    conftest.c  >&5
configure:5170: $? = 0
configure:5177: ./conftest
configure:5181: $? = 0
configure:5196: result: no
configure:5201: checking for suffix of object files
configure:5224: clang -c   conftest.c >&5
configure:5228: $? = 0
configure:5250: result: o
configure:5254: checking whether the compiler supports GNU C
configure:5274: clang -c   conftest.c >&5
configure:5274: $? = 0
configure:5284: result: yes
configure:5295: checking whether clang accepts -g
configure:5316: clang -c -g  conftest.c >&5
configure:5316: $? = 0
configure:5360: result: yes
configure:5380: checking for clang option to enable C11 features
configure:5395: clang  -c -g -O2  conftest.c >&5
conftest.c:29:14: warning: a function definition without a prototype is deprecated in all versions of C and is not supported in C2x [-Wdeprecated-non-prototype]
   29 | static char *e (p, i)
      |              ^
1 warning generated.
configure:5395: $? = 0
configure:5413: result: none needed
configure:5529: checking whether clang understands -c and -o together
configure:5552: clang -c conftest.c -o conftest2.o
configure:5555: $? = 0
configure:5552: clang -c conftest.c -o conftest2.o
configure:5555: $? = 0
configure:5567: result: yes
configure:5586: checking dependency style of clang
configure:5698: result: gcc3
configure:5718: checking for stdio.h
configure:5718: clang -c -g -O2  conftest.c >&5
configure:5718: $? = 0
configure:5718: result: yes
configure:5718: checking for stdlib.h
configure:5718: clang -c -g -O2  conftest.c >&5
configure:5718: $? = 0
configure:5718: result: yes
configure:5718: checking for string.h
configure:5718: clang -c -g -O2  conftest.c >&5
configure:5718: $? = 0
configure:5718: result: yes
configure:5718: checking for inttypes.h
configure:5718: clang -c -g -O2  conftest.c >&5
configure:5718: $? = 0
configure:5718: result: yes
configure:5718: checking for stdint.h
configure:5718: clang -c -g -O2  conftest.c >&5
configure:5718: $? = 0
configure:5718: result: yes
configure:5718: checking for strings.h
configure:5718: clang -c -g -O2  conftest.c >&5
configure:5718: $? = 0
configure:5718: result: yes
configure:5718: checking for sys/stat.h
configure:5718: clang -c -g -O2  conftest.c >&5
configure:5718: $? = 0
configure:5718: result: yes
configure:5718: checking for sys/types.h
configure:5718: clang -c -g -O2  conftest.c >&5
configure:5718: $? = 0
configure:5718: result: yes
configure:5718: checking for unistd.h
configure:5718: clang -c -g -O2  conftest.c >&5
configure:5718: $? = 0
configure:5718: result: yes
configure:5762: checking whether to use bintarget
configure:5770: result: 
configure:6029: checking for ddd
configure:6064: result: no
configure:6029: checking for gdb
configure:6064: result: no
configure:6087: checking for valgrind
configure:6122: result: no
configure:6129: checking for valgrind
configure:6164: result: no
configure:6230: checking for otool
configure:6251: found /usr/bin/otool
configure:6262: result: otool -L
configure:6380: checking size of void*
configure:6386: clang -o conftest -g -O2   conftest.c  >&5
configure:6386: $? = 0
configure:6386: ./conftest
configure:6386: $? = 0
configure:6401: result: 8
configure:6422: checking whether byte ordering is bigendian
configure:6438: clang -c -g -O2  conftest.c >&5
configure:6438: $? = 0
configure:6484: clang -c -g -O2  conftest.c >&5
configure:6484: $? = 0
configure:6503: clang -c -g -O2  conftest.c >&5
conftest.c:34:4: error: use of undeclared identifier 'not'
   34 |                  not big endian
      |                  ^
1 error generated.
configure:6503: $? = 1
configure: failed program was:
| /* confdefs.h */
| #define PACKAGE_NAME "S/PHI/nX Accelerate Libraries"
| #define PACKAGE_TARNAME "sxaccelerate"
| #define PACKAGE_VERSION "2.11.13"
| #define PACKAGE_STRING "S/PHI/nX Accelerate Libraries 2.11.13"
| #define PACKAGE_BUGREPORT "https://www.sxlib.de"
| #define PACKAGE_URL ""
| #define PACKAGE "sxaccelerate"
| #define VERSION "2.11.13"
| #define WITH_APPS /**/
| #define WITH_APPS /**/
| #define USE_SXMATH /**/
| #define USE_SXMATH /**/
| #define HAVE_STDIO_H 1
| #define HAVE_STDLIB_H 1
| #define HAVE_STRING_H 1
| #define HAVE_INTTYPES_H 1
| #define HAVE_STDINT_H 1
| #define HAVE_STRINGS_H 1
| #define HAVE_SYS_STAT_H 1
| #define HAVE_SYS_TYPES_H 1
| #define HAVE_UNISTD_H 1
| #define STDC_HEADERS 1
| #define SIZEOF_VOIDP 8
| #define HAS_64BIT "1"
| /* end confdefs.h.  */
| #include <sys/types.h>
| 		#include <sys/param.h>
| 
| int
| main (void)
| {
| #if BYTE_ORDER != BIG_ENDIAN
| 		 not big endian
| 		#endif
| 
|   ;
|   return 0;
| }
configure:6637: result: no
configure:6753: checking whether ln -s works
configure:6757: result: yes
configure:6768: checking for gawk
configure:6800: result: awk
configure:6815: checking for flex
configure:6836: found /usr/bin/flex
configure:6847: result: flex
configure:6896: checking for lex output file root
configure:6909: flex conftest.l
configure:6913: $? = 0
configure:6921: result: lex.yy
configure:6936: checking for lex library
configure:6961: clang -o conftest -g -O2   conftest.c  >&5
configure:6961: $? = 0
configure:6974: result: none needed
configure:6994: checking whether yytext is a pointer
configure:7010: clang -c -g -O2  conftest.c >&5
configure:7010: $? = 0
configure:7017: result: yes
configure:7033: checking for bison
configure:7054: found /usr/bin/bison
configure:7065: result: bison -y
configure:7125: checking for doxygen
configure:7160: result: no
configure:7189: checking whether to enable sxqdoc
configure:7197: result: no
configure:8420: checking whether to enable debug
configure:8428: result: no
configure:8444: checking whether to enable logging
configure:8452: result: yes
configure:8468: checking whether to enable profile
configure:8476: result: no
configure:8492: checking whether to enable staticlibc
configure:8500: result: no
configure:8516: checking whether to enable openmp
configure:8524: result: no
configure:8540: checking whether to enable mpi
configure:8548: result: no
configure:8565: checking whether to enable cpuspecific
configure:8573: result: yes
configure:8589: checking whether to enable errorlimit
configure:8597: result: 1
configure:8625: checking whether to enable gpu
configure:8633: result: no
configure:8668: checking whether to use cuda
configure:8676: result: /usr/local/cuda
configure:8712: Determine compiler flags
configure:8840: checking for C compiler version
configure:8849: clang --version >&5
Apple clang version 16.0.0 (clang-1600.0.26.6)
Target: x86_64-apple-darwin23.6.0
Thread model: posix
InstalledDir: /Applications/Xcode.app/Contents/Developer/Toolchains/XcodeDefault.xctoolchain/usr/bin
configure:8860: $? = 0
configure:8849: clang -v >&5
Apple clang version 16.0.0 (clang-1600.0.26.6)
Target: x86_64-apple-darwin23.6.0
Thread model: posix
InstalledDir: /Applications/Xcode.app/Contents/Developer/Toolchains/XcodeDefault.xctoolchain/usr/bin
configure:8860: $? = 0
configure:8849: clang -V >&5
clang: error: argument to '-V' is missing (expected 1 value)
clang: error: no input files
configure:8860: $? = 1
configure:8849: clang -qversion >&5
clang: error: unknown argument '-qversion'; did you mean '--version'?
clang: error: no input files
configure:8860: $? = 1
configure:8849: clang -version >&5
clang: error: unknown argument '-version'; did you mean '--version'?
clang: error: no input files
configure:8860: $? = 1
configure:8864: checking whether the compiler supports GNU C
configure:8894: result: yes
configure:8905: checking whether clang accepts -g
configure:8970: result: yes
configure:8990: checking for clang option to enable C11 features
configure:9023: result: none needed
configure:9139: checking whether clang understands -c and -o together
configure:9177: result: yes
configure:9196: checking dependency style of clang
configure:9308: result: gcc3
configure:9945: checking for C++ compiler version
configure:9954: clang++ --version >&5
Apple clang version 16.0.0 (clang-1600.0.26.6)
Target: x86_64-apple-darwin23.6.0
Thread model: posix
InstalledDir: /Applications/Xcode.app/Contents/Developer/Toolchains/XcodeDefault.xctoolchain/usr/bin
configure:9965: $? = 0
configure:9954: clang++ -v >&5
Apple clang version 16.0.0 (clang-1600.0.26.6)
Target: x86_64-apple-darwin23.6.0
Thread model: posix
InstalledDir: /Applications/Xcode.app/Contents/Developer/Toolchains/XcodeDefault.xctoolchain/usr/bin
configure:9965: $? = 0
configure:9954: clang++ -V >&5
clang++: error: argument to '-V' is missing (expected 1 value)
clang++: error: no input files
configure:9965: $? = 1
configure:9954: clang++ -qversion >&5
clang++: error: unknown argument '-qversion'; did you mean '--version'?
clang++: error: no input files
configure:9965: $? = 1
configure:9969: checking whether the compiler supports GNU C++
configure:9989: clang++ -c   conftest.cpp >&5
configure:9989: $? = 0
configure:9999: result: yes
configure:10010: checking whether clang++ accepts -g
configure:10031: clang++ -c -g  conftest.cpp >&5
configure:10031: $? = 0
configure:10075: result: yes
configure:10095: checking for clang++ option to enable C++11 features
configure:10110: clang++  -c -g -O2  conftest.cpp >&5
conftest.cpp:96:3: error: "Compiler does not advertise C++11 conformance"
   96 | # error "Compiler does not advertise C++11 conformance"
      |   ^
conftest.cpp:101:3: error: unknown type name 'constexpr'
  101 |   constexpr int get_val() { return 20; }
      |   ^
conftest.cpp:113:17: error: delegating constructors are permitted only in C++11
  113 |     delegate(): delegate(2354) {}
      |                 ^~~~~~~~
conftest.cpp:124:26: warning: 'override' keyword is a C++11 extension [-Wc++11-extensions]
  124 |     virtual int getval() override final { return this->n * 2; }
      |                          ^
conftest.cpp:124:35: warning: 'final' keyword is a C++11 extension [-Wc++11-extensions]
  124 |     virtual int getval() override final { return this->n * 2; }
      |                                   ^
conftest.cpp:131:16: warning: defaulted function definitions are a C++11 extension [-Wc++11-extensions]
  131 |     nocopy() = default;
      |                ^
conftest.cpp:132:29: warning: deleted function definitions are a C++11 extension [-Wc++11-extensions]
  132 |     nocopy(const nocopy&) = delete;
      |                             ^
conftest.cpp:133:41: warning: deleted function definitions are a C++11 extension [-Wc++11-extensions]
  133 |     nocopy & operator=(const nocopy&) = delete;
      |                                         ^
conftest.cpp:145:25: warning: 'auto' type specifier is a C++11 extension [-Wc++11-extensions]
  145 |   template <typename V> auto sum(V first) -> V
      |                         ^
conftest.cpp:145:25: error: 'auto' not allowed in function return type
  145 |   template <typename V> auto sum(V first) -> V
      |                         ^~~~
conftest.cpp:145:42: error: expected ';' at end of declaration
  145 |   template <typename V> auto sum(V first) -> V
      |                                          ^
      |                                          ;
conftest.cpp:145:43: error: cannot use arrow operator on a type
  145 |   template <typename V> auto sum(V first) -> V
      |                                           ^
conftest.cpp:149:33: warning: variadic templates are a C++11 extension [-Wc++11-extensions]
  149 |   template <typename V, typename... Args> auto sum(V first, Args... rest) -> V
      |                                 ^
conftest.cpp:149:43: warning: 'auto' type specifier is a C++11 extension [-Wc++11-extensions]
  149 |   template <typename V, typename... Args> auto sum(V first, Args... rest) -> V
      |                                           ^
conftest.cpp:149:43: error: 'auto' not allowed in function return type
  149 |   template <typename V, typename... Args> auto sum(V first, Args... rest) -> V
      |                                           ^~~~
conftest.cpp:149:74: error: expected ';' at end of declaration
  149 |   template <typename V, typename... Args> auto sum(V first, Args... rest) -> V
      |                                                                          ^
      |                                                                          ;
conftest.cpp:149:75: error: cannot use arrow operator on a type
  149 |   template <typename V, typename... Args> auto sum(V first, Args... rest) -> V
      |                                                                           ^
conftest.cpp:173:3: warning: 'auto' type specifier is a C++11 extension [-Wc++11-extensions]
  173 |   auto a1 = 6538;
      |   ^
conftest.cpp:174:3: warning: 'auto' type specifier is a C++11 extension [-Wc++11-extensions]
  174 |   auto a2 = 48573953.4;
      |   ^
conftest.cpp:175:3: warning: 'auto' type specifier is a C++11 extension [-Wc++11-extensions]
  175 |   auto a3 = "String literal";
      |   ^
conftest.cpp:178:8: warning: 'auto' type specifier is a C++11 extension [-Wc++11-extensions]
  178 |   for (auto i = a3; *i; ++i) { total += *i; }
      |        ^
conftest.cpp:194:8: warning: 'auto' type specifier is a C++11 extension [-Wc++11-extensions]
  194 |   for (auto &x : array) { x += 23; }
      |        ^
conftest.cpp:194:16: warning: range-based for loop is a C++11 extension [-Wc++11-extensions]
  194 |   for (auto &x : array) { x += 23; }
      |                ^
conftest.cpp:199:17: error: expected expression
  199 |   assert (eval ([](int x) { return x*2; }, 21) == 42);
      |                 ^
conftest.cpp:201:17: error: expected expression
  201 |   assert (eval ([&](double x) { return d += x; }, 3.0) == 5.0);
      |                 ^
conftest.cpp:203:17: error: expected expression
  203 |   assert (eval ([=](double x) mutable { return d += x; }, 4.0) == 9.0);
      |                 ^
conftest.cpp:209:3: warning: 'auto' type specifier is a C++11 extension [-Wc++11-extensions]
  209 |   auto a = sum(1);
      |   ^
conftest.cpp:209:12: error: no matching function for call to 'sum'
  209 |   auto a = sum(1);
      |            ^~~
conftest.cpp:210:3: warning: 'auto' type specifier is a C++11 extension [-Wc++11-extensions]
  210 |   auto b = sum(1, 2);
      |   ^
conftest.cpp:210:12: error: no matching function for call to 'sum'
  210 |   auto b = sum(1, 2);
      |            ^~~
conftest.cpp:211:3: warning: 'auto' type specifier is a C++11 extension [-Wc++11-extensions]
  211 |   auto c = sum(1.0, 2.0, 3.0);
      |   ^
conftest.cpp:211:12: error: no matching function for call to 'sum'
  211 |   auto c = sum(1.0, 2.0, 3.0);
      |            ^~~
conftest.cpp:216:25: warning: empty parentheses interpreted as a function declaration [-Wvexing-parse]
  216 |   cxx11test::delegate d2();
      |                         ^~
conftest.cpp:216:25: note: remove parentheses to declare a variable
  216 |   cxx11test::delegate d2();
      |                         ^~
conftest.cpp:229:16: error: found '<::' after a template name which forms the digraph '<:' (aka '[') and a ':', did you mean '< ::'?
  229 |   test_template<::test_template<int>> v(test_template<int>(12));
      |                ^~~
      |                < ::
conftest.cpp:229:36: error: a space is required between consecutive right angle brackets (use '> >')
  229 |   test_template<::test_template<int>> v(test_template<int>(12));
      |                                    ^~
      |                                    > >
conftest.cpp:233:22: error: use of undeclared identifier 'u8'
  233 |   char const *utf8 = u8"UTF-8 string \u2500";
      |                      ^
conftest.cpp:233:24: error: expected ';' at end of declaration
  233 |   char const *utf8 = u8"UTF-8 string \u2500";
      |                        ^
      |                        ;
fatal error: too many errors emitted, stopping now [-ferror-limit=]
18 warnings and 20 errors generated.
configure:10110: $? = 1
configure: failed program was:
| /* confdefs.h */
| #define PACKAGE_NAME "S/PHI/nX Accelerate Libraries"
| #define PACKAGE_TARNAME "sxaccelerate"
| #define PACKAGE_VERSION "2.11.13"
| #define PACKAGE_STRING "S/PHI/nX Accelerate Libraries 2.11.13"
| #define PACKAGE_BUGREPORT "https://www.sxlib.de"
| #define PACKAGE_URL ""
| #define PACKAGE "sxaccelerate"
| #define VERSION "2.11.13"
| #define WITH_APPS /**/
| #define WITH_APPS /**/
| #define USE_SXMATH /**/
| #define USE_SXMATH /**/
| #define HAVE_STDIO_H 1
| #define HAVE_STDLIB_H 1
| #define HAVE_STRING_H 1
| #define HAVE_INTTYPES_H 1
| #define HAVE_STDINT_H 1
| #define HAVE_STRINGS_H 1
| #define HAVE_SYS_STAT_H 1
| #define HAVE_SYS_TYPES_H 1
| #define HAVE_UNISTD_H 1
| #define STDC_HEADERS 1
| #define SIZEOF_VOIDP 8
| #define HAS_64BIT "1"
| #define UNAME "Darwin"
| #define PROCESSOR "x86_64"
| #define WHOAMI "fonari"
| #define GDB ""
| #define MEMTRACER ""
| #define THREADTRACER ""
| #define DIST_OS "Darwin"
| #define DIST_NAME "MacOSX"
| #define DIST_VERSION ""
| #define DIST_VERSION_L 0L 
| #define DIST_MAJOR ""
| #define DIST_MINOR ""
| #define DIST_PATCH "0"
| #define DIST_REPO_VER "."
| #define PKG_TYPE "pkg"
| #define REPOPROC "x86_64"
| #define SXBINTARGET ""
| #define SXACCELERATE_SRC "/Users/fonari/src/sphinx-mac/sphinx-3.1/sxaccelerate/src"
| #define SXACCELERATE_BUILD "/Users/fonari/src/sphinx-mac/sphinx-3.1/sxaccelerate/src"
| #define YYTEXT_POINTER 1
| #define SXQDIR ""
| #define USE_SX_LOG /**/
| #define MACHINE_SPECIFIC /**/
| /* end confdefs.h.  */
| 
| // Does the compiler advertise C++98 conformance?
| #if !defined __cplusplus || __cplusplus < 199711L
| # error "Compiler does not advertise C++98 conformance"
| #endif
| 
| // These inclusions are to reject old compilers that
| // lack the unsuffixed header files.
| #include <cstdlib>
| #include <exception>
| 
| // <cassert> and <cstring> are *not* freestanding headers in C++98.
| extern void assert (int);
| namespace std {
|   extern int strcmp (const char *, const char *);
| }
| 
| // Namespaces, exceptions, and templates were all added after "C++ 2.0".
| using std::exception;
| using std::strcmp;
| 
| namespace {
| 
| void test_exception_syntax()
| {
|   try {
|     throw "test";
|   } catch (const char *s) {
|     // Extra parentheses suppress a warning when building autoconf itself,
|     // due to lint rules shared with more typical C programs.
|     assert (!(strcmp) (s, "test"));
|   }
| }
| 
| template <typename T> struct test_template
| {
|   T const val;
|   explicit test_template(T t) : val(t) {}
|   template <typename U> T add(U u) { return static_cast<T>(u) + val; }
| };
| 
| } // anonymous namespace
| 
| 
| // Does the compiler advertise C++ 2011 conformance?
| #if !defined __cplusplus || __cplusplus < 201103L
| # error "Compiler does not advertise C++11 conformance"
| #endif
| 
| namespace cxx11test
| {
|   constexpr int get_val() { return 20; }
| 
|   struct testinit
|   {
|     int i;
|     double d;
|   };
| 
|   class delegate
|   {
|   public:
|     delegate(int n) : n(n) {}
|     delegate(): delegate(2354) {}
| 
|     virtual int getval() { return this->n; };
|   protected:
|     int n;
|   };
| 
|   class overridden : public delegate
|   {
|   public:
|     overridden(int n): delegate(n) {}
|     virtual int getval() override final { return this->n * 2; }
|   };
| 
|   class nocopy
|   {
|   public:
|     nocopy(int i): i(i) {}
|     nocopy() = default;
|     nocopy(const nocopy&) = delete;
|     nocopy & operator=(const nocopy&) = delete;
|   private:
|     int i;
|   };
| 
|   // for testing lambda expressions
|   template <typename Ret, typename Fn> Ret eval(Fn f, Ret v)
|   {
|     return f(v);
|   }
| 
|   // for testing variadic templates and trailing return types
|   template <typename V> auto sum(V first) -> V
|   {
|     return first;
|   }
|   template <typename V, typename... Args> auto sum(V first, Args... rest) -> V
|   {
|     return first + sum(rest...);
|   }
| }
| 
| 
| int
| main (int argc, char **argv)
| {
|   int ok = 0;
|   
|   assert (argc);
|   assert (! argv[0]);
| {
|   test_exception_syntax ();
|   test_template<double> tt (2.0);
|   assert (tt.add (4) == 6.0);
|   assert (true && !false);
| }
| 
|   
| {
|   // Test auto and decltype
|   auto a1 = 6538;
|   auto a2 = 48573953.4;
|   auto a3 = "String literal";
| 
|   int total = 0;
|   for (auto i = a3; *i; ++i) { total += *i; }
| 
|   decltype(a2) a4 = 34895.034;
| }
| {
|   // Test constexpr
|   short sa[cxx11test::get_val()] = { 0 };
| }
| {
|   // Test initializer lists
|   cxx11test::testinit il = { 4323, 435234.23544 };
| }
| {
|   // Test range-based for
|   int array[] = {9, 7, 13, 15, 4, 18, 12, 10, 5, 3,
|                  14, 19, 17, 8, 6, 20, 16, 2, 11, 1};
|   for (auto &x : array) { x += 23; }
| }
| {
|   // Test lambda expressions
|   using cxx11test::eval;
|   assert (eval ([](int x) { return x*2; }, 21) == 42);
|   double d = 2.0;
|   assert (eval ([&](double x) { return d += x; }, 3.0) == 5.0);
|   assert (d == 5.0);
|   assert (eval ([=](double x) mutable { return d += x; }, 4.0) == 9.0);
|   assert (d == 5.0);
| }
| {
|   // Test use of variadic templates
|   using cxx11test::sum;
|   auto a = sum(1);
|   auto b = sum(1, 2);
|   auto c = sum(1.0, 2.0, 3.0);
| }
| {
|   // Test constructor delegation
|   cxx11test::delegate d1;
|   cxx11test::delegate d2();
|   cxx11test::delegate d3(45);
| }
| {
|   // Test override and final
|   cxx11test::overridden o1(55464);
| }
| {
|   // Test nullptr
|   char *c = nullptr;
| }
| {
|   // Test template brackets
|   test_template<::test_template<int>> v(test_template<int>(12));
| }
| {
|   // Unicode literals
|   char const *utf8 = u8"UTF-8 string \u2500";
|   char16_t const *utf16 = u"UTF-8 string \u2500";
|   char32_t const *utf32 = U"UTF-32 string \u2500";
| }
| 
|   return ok;
| }
| 
configure:10128: result: none needed
configure:10194: checking dependency style of clang++
configure:10306: result: gcc3
configure:10381: checking for clang++
configure:10402: found /Users/fonari/src/2026-2/buildvenv/82fbb9c/bin/clang++
configure:10413: result: clang++
configure:10438: checking for Objective C++ compiler version
configure:10447: clang++ --version >&5
Apple clang version 16.0.0 (clang-1600.0.26.6)
Target: x86_64-apple-darwin23.6.0
Thread model: posix
InstalledDir: /Applications/Xcode.app/Contents/Developer/Toolchains/XcodeDefault.xctoolchain/usr/bin
configure:10458: $? = 0
configure:10447: clang++ -v >&5
Apple clang version 16.0.0 (clang-1600.0.26.6)
Target: x86_64-apple-darwin23.6.0
Thread model: posix
InstalledDir: /Applications/Xcode.app/Contents/Developer/Toolchains/XcodeDefault.xctoolchain/usr/bin
configure:10458: $? = 0
configure:10447: clang++ -V >&5
clang++: error: argument to '-V' is missing (expected 1 value)
clang++: error: no input files
configure:10458: $? = 1
configure:10447: clang++ -qversion >&5
clang++: error: unknown argument '-qversion'; did you mean '--version'?
clang++: error: no input files
configure:10458: $? = 1
configure:10462: checking whether the compiler supports GNU Objective C++
configure:10482: clang++ -c   conftest.mm >&5
configure:10482: $? = 0
configure:10492: result: yes
configure:10503: checking whether clang++ accepts -g
configure:10524: clang++ -c -g  conftest.mm >&5
configure:10524: $? = 0
configure:10568: result: yes
configure:10593: checking dependency style of clang++
configure:10703: result: gcc3
configure:12734: clang++ pretends to be GCC, but fails to prove it in --version
configure:12754: checking operating system
configure:12767: result: MacOSX
configure:12849: checking GCC_M_ARCH
configure:12851: result: -march=native
configure:13045: checking for round
configure:13045: clang -o conftest -Wall -O3 -march=native -fpermissive -flax-vector-conversions -pipe -Wno-variadic-macros -DNDEBUG -D_REENTRANT   conftest.c  -framework CoreFoundation -lm >&5
conftest.c:67:6: warning: incompatible redeclaration of library function 'round' [-Wincompatible-library-redeclaration]
   67 | char round ();
      |      ^
conftest.c:67:6: note: 'round' is a builtin with type 'double (double)'
1 warning generated.
configure:13045: $? = 0
configure:13045: result: yes
configure:13051: checking for lround
configure:13051: clang -o conftest -Wall -O3 -march=native -fpermissive -flax-vector-conversions -pipe -Wno-variadic-macros -DNDEBUG -D_REENTRANT   conftest.c  -framework CoreFoundation -lm >&5
conftest.c:68:6: warning: incompatible redeclaration of library function 'lround' [-Wincompatible-library-redeclaration]
   68 | char lround ();
      |      ^
conftest.c:68:6: note: 'lround' is a builtin with type 'long (double)'
1 warning generated.
configure:13051: $? = 0
configure:13051: result: yes
configure:13057: checking for sincos
configure:13057: clang -o conftest -Wall -O3 -march=native -fpermissive -flax-vector-conversions -pipe -Wno-variadic-macros -DNDEBUG -D_REENTRANT   conftest.c  -framework CoreFoundation -lm >&5
Undefined symbols for architecture x86_64:
  "_sincos", referenced from:
      _main in conftest-0e2bb6.o
ld: symbol(s) not found for architecture x86_64
clang: error: linker command failed with exit code 1 (use -v to see invocation)
configure:13057: $? = 1
configure: failed program was:
| /* confdefs.h */
| #define PACKAGE_NAME "S/PHI/nX Accelerate Libraries"
| #define PACKAGE_TARNAME "sxaccelerate"
| #define PACKAGE_VERSION "2.11.13"
| #define PACKAGE_STRING "S/PHI/nX Accelerate Libraries 2.11.13"
| #define PACKAGE_BUGREPORT "https://www.sxlib.de"
| #define PACKAGE_URL ""
| #define PACKAGE "sxaccelerate"
| #define VERSION "2.11.13"
| #define WITH_APPS /**/
| #define WITH_APPS /**/
| #define USE_SXMATH /**/
| #define USE_SXMATH /**/
| #define HAVE_STDIO_H 1
| #define HAVE_STDLIB_H 1
| #define HAVE_STRING_H 1
| #define HAVE_INTTYPES_H 1
| #define HAVE_STDINT_H 1
| #define HAVE_STRINGS_H 1
| #define HAVE_SYS_STAT_H 1
| #define HAVE_SYS_TYPES_H 1
| #define HAVE_UNISTD_H 1
| #define STDC_HEADERS 1
| #define SIZEOF_VOIDP 8
| #define HAS_64BIT "1"
| #define UNAME "Darwin"
| #define PROCESSOR "x86_64"
| #define WHOAMI "fonari"
| #define GDB ""
| #define MEMTRACER ""
| #define THREADTRACER ""
| #define DIST_OS "Darwin"
| #define DIST_NAME "MacOSX"
| #define DIST_VERSION ""
| #define DIST_VERSION_L 0L 
| #define DIST_MAJOR ""
| #define DIST_MINOR ""
| #define DIST_PATCH "0"
| #define DIST_REPO_VER "."
| #define PKG_TYPE "pkg"
| #define REPOPROC "x86_64"
| #define SXBINTARGET ""
| #define SXACCELERATE_SRC "/Users/fonari/src/sphinx-mac/sphinx-3.1/sxaccelerate/src"
| #define SXACCELERATE_BUILD "/Users/fonari/src/sphinx-mac/sphinx-3.1/sxaccelerate/src"
| #define YYTEXT_POINTER 1
| #define SXQDIR ""
| #define USE_SX_LOG /**/
| #define MACHINE_SPECIFIC /**/
| #define MACOSX "1"
| #define HAVE_ROUND 1
| #define HAVE_LROUND 1
| /* end confdefs.h.  */
| /* Define sincos to an innocuous variant, in case <limits.h> declares sincos.
|    For example, HP-UX 11i <limits.h> declares gettimeofday.  */
| #define sincos innocuous_sincos
| 
| /* System header to define __stub macros and hopefully few prototypes,
|    which can conflict with char sincos (); below.  */
| 
| #include <limits.h>
| #undef sincos
| 
| /* Override any GCC internal prototype to avoid an error.
|    Use char because int might match the return type of a GCC
|    builtin and then its argument prototype would still apply.  */
| #ifdef __cplusplus
| extern "C"
| #endif
| char sincos ();
| /* The GNU C library defines this for functions which it implements
|     to always fail with ENOSYS.  Some functions are actually named
|     something starting with __ and the normal name is an alias.  */
| #if defined __stub_sincos || defined __stub___sincos
| choke me
| #endif
| 
| int
| main (void)
| {
| return sincos ();
|   ;
|   return 0;
| }
configure:13057: result: no
configure:13069: checking for dlopen in -ldl
configure:13092: clang -o conftest -Wall -O3 -march=native -fpermissive -flax-vector-conversions -pipe -Wno-variadic-macros -DNDEBUG -D_REENTRANT   conftest.c -ldl   -framework CoreFoundation >&5
configure:13092: $? = 0
configure:13102: result: yes
configure:13110: checking for pthread_create in -lpthreadGCE2
configure:13133: clang -o conftest -Wall -O3 -march=native -fpermissive -flax-vector-conversions -pipe -Wno-variadic-macros -DNDEBUG -D_REENTRANT   conftest.c -lpthreadGCE2   -framework CoreFoundation -ldl >&5
ld: library 'pthreadGCE2' not found
clang: error: linker command failed with exit code 1 (use -v to see invocation)
configure:13133: $? = 1
configure: failed program was:
| /* confdefs.h */
| #define PACKAGE_NAME "S/PHI/nX Accelerate Libraries"
| #define PACKAGE_TARNAME "sxaccelerate"
| #define PACKAGE_VERSION "2.11.13"
| #define PACKAGE_STRING "S/PHI/nX Accelerate Libraries 2.11.13"
| #define PACKAGE_BUGREPORT "https://www.sxlib.de"
| #define PACKAGE_URL ""
| #define PACKAGE "sxaccelerate"
| #define VERSION "2.11.13"
| #define WITH_APPS /**/
| #define WITH_APPS /**/
| #define USE_SXMATH /**/
| #define USE_SXMATH /**/
| #define HAVE_STDIO_H 1
| #define HAVE_STDLIB_H 1
| #define HAVE_STRING_H 1
| #define HAVE_INTTYPES_H 1
| #define HAVE_STDINT_H 1
| #define HAVE_STRINGS_H 1
| #define HAVE_SYS_STAT_H 1
| #define HAVE_SYS_TYPES_H 1
| #define HAVE_UNISTD_H 1
| #define STDC_HEADERS 1
| #define SIZEOF_VOIDP 8
| #define HAS_64BIT "1"
| #define UNAME "Darwin"
| #define PROCESSOR "x86_64"
| #define WHOAMI "fonari"
| #define GDB ""
| #define MEMTRACER ""
| #define THREADTRACER ""
| #define DIST_OS "Darwin"
| #define DIST_NAME "MacOSX"
| #define DIST_VERSION ""
| #define DIST_VERSION_L 0L 
| #define DIST_MAJOR ""
| #define DIST_MINOR ""
| #define DIST_PATCH "0"
| #define DIST_REPO_VER "."
| #define PKG_TYPE "pkg"
| #define REPOPROC "x86_64"
| #define SXBINTARGET ""
| #define SXACCELERATE_SRC "/Users/fonari/src/sphinx-mac/sphinx-3.1/sxaccelerate/src"
| #define SXACCELERATE_BUILD "/Users/fonari/src/sphinx-mac/sphinx-3.1/sxaccelerate/src"
| #define YYTEXT_POINTER 1
| #define SXQDIR ""
| #define USE_SX_LOG /**/
| #define MACHINE_SPECIFIC /**/
| #define MACOSX "1"
| #define HAVE_ROUND 1
| #define HAVE_LROUND 1
| /* end confdefs.h.  */
| 
| /* Override any GCC internal prototype to avoid an error.
|    Use char because int might match the return type of a GCC
|    builtin and then its argument prototype would still apply.  */
| char pthread_create ();
| int
| main (void)
| {
| return pthread_create ();
|   ;
|   return 0;
| }
configure:13143: result: no
configure:13149: checking for pthread_create in -lpthread
configure:13172: clang -o conftest -Wall -O3 -march=native -fpermissive -flax-vector-conversions -pipe -Wno-variadic-macros -DNDEBUG -D_REENTRANT   conftest.c -lpthread   -framework CoreFoundation -ldl >&5
configure:13172: $? = 0
configure:13182: result: yes
configure:13197: checking for suitable compiler flags
configure:13199: result: -Wall -O3 -march=native -fpermissive -flax-vector-conversions -pipe -Wno-variadic-macros -DNDEBUG -D_REENTRANT
configure:13299: checking for perl
configure:13322: found /Users/fonari/src/2026-2/schrodinger_buildenv_packages/.pixi/envs/schrodinger/perl-5.14.2-sdk1012/bin/perl
configure:13334: result: /Users/fonari/src/2026-2/schrodinger_buildenv_packages/.pixi/envs/schrodinger/perl-5.14.2-sdk1012/bin/perl
configure:13407: checking for grep
configure:13430: found /usr/bin/grep
configure:13442: result: /usr/bin/grep
configure:13515: checking for find
configure:13538: found /usr/bin/find
configure:13550: result: /usr/bin/find
configure:13623: checking for rm
configure:13646: found /bin/rm
configure:13658: result: /bin/rm
configure:13684: checking for gzcat
configure:13707: found /usr/bin/gzcat
configure:13719: result: /usr/bin/gzcat
configure:13734: checking for gtail
configure:13772: result: no
configure:13734: checking for tail
configure:13757: found /usr/bin/tail
configure:13769: result: /usr/bin/tail
configure:13784: checking for gawk
configure:13822: result: no
configure:13784: checking for awk
configure:13807: found /usr/bin/awk
configure:13819: result: /usr/bin/awk
configure:13834: checking for gsed
configure:13872: result: no
configure:13834: checking for sed
configure:13857: found /usr/bin/sed
configure:13869: result: /usr/bin/sed
configure:13929: checking how to print strings
configure:13956: result: printf
configure:13977: checking for a sed that does not truncate output
configure:14047: result: /usr/bin/sed
configure:14065: checking for grep that handles long lines and -e
configure:14129: result: /usr/bin/grep
configure:14134: checking for egrep
configure:14202: result: /usr/bin/grep -E
configure:14207: checking for fgrep
configure:14275: result: /usr/bin/grep -F
configure:14311: checking for ld used by clang
configure:14379: result: /Applications/Xcode.app/Contents/Developer/Toolchains/XcodeDefault.xctoolchain/usr/bin/ld
configure:14386: checking if the linker (/Applications/Xcode.app/Contents/Developer/Toolchains/XcodeDefault.xctoolchain/usr/bin/ld) is GNU ld
configure:14402: result: no
configure:14414: checking for BSD- or MS-compatible name lister (nm)
configure:14469: result: /usr/bin/nm -B
configure:14609: checking the name lister (/usr/bin/nm -B) interface
configure:14617: clang -c -Wall -O3 -march=native -fpermissive -flax-vector-conversions -pipe -Wno-variadic-macros -DNDEBUG -D_REENTRANT  conftest.c >&5
configure:14620: /usr/bin/nm -B "conftest.o"
configure:14623: output
0000000000000000 S _some_variable
configure:14630: result: BSD nm
configure:14634: checking the maximum length of command line arguments
configure:14766: result: 786432
configure:14814: checking how to convert aarch64-apple-darwin23.6.0 file names to aarch64-apple-darwin23.6.0 format
configure:14855: result: func_convert_file_noop
configure:14862: checking how to convert aarch64-apple-darwin23.6.0 file names to toolchain format
configure:14883: result: func_convert_file_noop
configure:14890: checking for /Applications/Xcode.app/Contents/Developer/Toolchains/XcodeDefault.xctoolchain/usr/bin/ld option to reload object files
configure:14898: result: -r
configure:14977: checking for objdump
configure:14998: found /usr/bin/objdump
configure:15009: result: objdump
configure:15038: checking how to recognize dependent libraries
configure:15239: result: pass_all
configure:15329: checking for dlltool
configure:15364: result: no
configure:15391: checking how to associate runtime and link libraries
configure:15419: result: printf %s\n
configure:15484: checking for ar
configure:15505: found /usr/bin/ar
configure:15516: result: ar
configure:15553: checking for archiver @FILE support
configure:15571: clang -c -Wall -O3 -march=native -fpermissive -flax-vector-conversions -pipe -Wno-variadic-macros -DNDEBUG -D_REENTRANT  conftest.c >&5
configure:15571: $? = 0
configure:15575: ar ruv libconftest.a @conftest.lst >&5
ar: creating archive libconftest.a
ar: @conftest.lst: No such file or directory
a - @conftest.lst
configure:15578: $? = 1
configure:15598: result: no
configure:15661: checking for strip
configure:15682: found /usr/bin/strip
configure:15693: result: strip
configure:15770: checking for ranlib
configure:15791: found /usr/bin/ranlib
configure:15802: result: ranlib
configure:15904: checking command to parse /usr/bin/nm -B output from clang object
configure:16058: clang -c -Wall -O3 -march=native -fpermissive -flax-vector-conversions -pipe -Wno-variadic-macros -DNDEBUG -D_REENTRANT  conftest.c >&5
configure:16061: $? = 0
configure:16065: /usr/bin/nm -B conftest.o | sed -n -e 's/^.*[	 ]\([ABCDGIRSTW][ABCDGIRSTW]*\)[	 ][	 ]*\([_A-Za-z][_A-Za-z0-9]*\)$/\1 \2 \2/p' | sed '/ __gnu_lto/d' > conftest.nm
cannot find nm_test_var in conftest.nm
configure:16058: clang -c -Wall -O3 -march=native -fpermissive -flax-vector-conversions -pipe -Wno-variadic-macros -DNDEBUG -D_REENTRANT  conftest.c >&5
configure:16061: $? = 0
configure:16065: /usr/bin/nm -B conftest.o | sed -n -e 's/^.*[	 ]\([ABCDGIRSTW][ABCDGIRSTW]*\)[	 ][	 ]*_\([_A-Za-z][_A-Za-z0-9]*\)$/\1 _\2 \2/p' | sed '/ __gnu_lto/d' > conftest.nm
configure:16131: clang -o conftest -Wall -O3 -march=native -fpermissive -flax-vector-conversions -pipe -Wno-variadic-macros -DNDEBUG -D_REENTRANT   conftest.c conftstm.o >&5
configure:16134: $? = 0
configure:16172: result: ok
configure:16219: checking for sysroot
configure:16250: result: no
configure:16257: checking for a working dd
configure:16301: result: /bin/dd
configure:16305: checking how to truncate binary pipes
configure:16321: result: /bin/dd bs=4096 count=1
configure:16658: checking for mt
configure:16693: result: no
configure:16713: checking if : is a manifest tool
configure:16720: : '-?'
configure:16728: result: no
configure:16789: checking for dsymutil
configure:16810: found /usr/bin/dsymutil
configure:16821: result: dsymutil
configure:16891: checking for nmedit
configure:16912: found /usr/bin/nmedit
configure:16923: result: nmedit
configure:16993: checking for lipo
configure:17014: found /usr/bin/lipo
configure:17025: result: lipo
configure:17095: checking for otool
configure:17116: found /usr/bin/otool
configure:17127: result: otool
configure:17197: checking for otool64
configure:17232: result: no
configure:17277: checking for -single_module linker flag
clang -Wall -O3 -march=native -fpermissive -flax-vector-conversions -pipe -Wno-variadic-macros -DNDEBUG -D_REENTRANT  -o libconftest.dylib -dynamiclib -Wl,-single_module conftest.c
ld: warning: -single_module is obsolete
configure:17311: result: no
configure:17314: checking for -exported_symbols_list linker flag
configure:17335: clang -o conftest -Wall -O3 -march=native -fpermissive -flax-vector-conversions -pipe -Wno-variadic-macros -DNDEBUG -D_REENTRANT   -Wl,-exported_symbols_list,conftest.sym conftest.c  -framework CoreFoundation -ldl -lpthread >&5
configure:17335: $? = 0
configure:17346: result: yes
configure:17349: checking for -force_load linker flag
clang -Wall -O3 -march=native -fpermissive -flax-vector-conversions -pipe -Wno-variadic-macros -DNDEBUG -D_REENTRANT -c -o conftest.o conftest.c
ar cr libconftest.a conftest.o
ranlib libconftest.a
clang -Wall -O3 -march=native -fpermissive -flax-vector-conversions -pipe -Wno-variadic-macros -DNDEBUG -D_REENTRANT  -o conftest conftest.c -Wl,-force_load,./libconftest.a
configure:17382: result: yes
configure:17454: checking for dlfcn.h
configure:17454: clang -c -Wall -O3 -march=native -fpermissive -flax-vector-conversions -pipe -Wno-variadic-macros -DNDEBUG -D_REENTRANT  conftest.c >&5
configure:17454: $? = 0
configure:17454: result: yes
configure:18050: checking for objdir
configure:18066: result: .libs
configure:18330: checking if clang supports -fno-rtti -fno-exceptions
configure:18349: clang -c -Wall -O3 -march=native -fpermissive -flax-vector-conversions -pipe -Wno-variadic-macros -DNDEBUG -D_REENTRANT  -fno-rtti -fno-exceptions conftest.c >&5
configure:18353: $? = 0
configure:18366: result: yes
configure:18730: checking for clang option to produce PIC
configure:18738: result: -fno-common -DPIC
configure:18746: checking if clang PIC flag -fno-common -DPIC works
configure:18765: clang -c -Wall -O3 -march=native -fpermissive -flax-vector-conversions -pipe -Wno-variadic-macros -DNDEBUG -D_REENTRANT  -fno-common -DPIC -DPIC conftest.c >&5
configure:18769: $? = 0
configure:18782: result: yes
configure:18811: checking if clang static flag -static works
configure:18840: result: no
configure:18855: checking if clang supports -c -o file.o
configure:18877: clang -c -Wall -O3 -march=native -fpermissive -flax-vector-conversions -pipe -Wno-variadic-macros -DNDEBUG -D_REENTRANT  -o out/conftest2.o conftest.c >&5
configure:18881: $? = 0
configure:18903: result: yes
configure:18911: checking if clang supports -c -o file.o
configure:18959: result: yes
configure:18992: checking whether the clang linker (/Applications/Xcode.app/Contents/Developer/Toolchains/XcodeDefault.xctoolchain/usr/bin/ld) supports shared libraries
configure:20262: result: yes
configure:20503: checking dynamic linker characteristics
configure:21336: result: darwin23.6.0 dyld
configure:21458: checking how to hardcode library paths into programs
configure:21483: result: immediate
configure:22035: checking whether stripping libraries is possible
configure:22049: result: yes
configure:22075: checking if libtool supports shared libraries
configure:22077: result: yes
configure:22080: checking whether to build shared libraries
configure:22105: result: yes
configure:22108: checking whether to build static libraries
configure:22112: result: no
configure:22135: checking how to run the C++ preprocessor
configure:22157: clang++ -E  conftest.cpp
configure:22157: $? = 0
configure:22172: clang++ -E  conftest.cpp
conftest.cpp:60:10: fatal error: 'ac_nonexistent.h' file not found
   60 | #include <ac_nonexistent.h>
      |          ^~~~~~~~~~~~~~~~~~
1 error generated.
configure:22172: $? = 1
configure: failed program was:
| /* confdefs.h */
| #define PACKAGE_NAME "S/PHI/nX Accelerate Libraries"
| #define PACKAGE_TARNAME "sxaccelerate"
| #define PACKAGE_VERSION "2.11.13"
| #define PACKAGE_STRING "S/PHI/nX Accelerate Libraries 2.11.13"
| #define PACKAGE_BUGREPORT "https://www.sxlib.de"
| #define PACKAGE_URL ""
| #define PACKAGE "sxaccelerate"
| #define VERSION "2.11.13"
| #define WITH_APPS /**/
| #define WITH_APPS /**/
| #define USE_SXMATH /**/
| #define USE_SXMATH /**/
| #define HAVE_STDIO_H 1
| #define HAVE_STDLIB_H 1
| #define HAVE_STRING_H 1
| #define HAVE_INTTYPES_H 1
| #define HAVE_STDINT_H 1
| #define HAVE_STRINGS_H 1
| #define HAVE_SYS_STAT_H 1
| #define HAVE_SYS_TYPES_H 1
| #define HAVE_UNISTD_H 1
| #define STDC_HEADERS 1
| #define SIZEOF_VOIDP 8
| #define HAS_64BIT "1"
| #define UNAME "Darwin"
| #define PROCESSOR "x86_64"
| #define WHOAMI "fonari"
| #define GDB ""
| #define MEMTRACER ""
| #define THREADTRACER ""
| #define DIST_OS "Darwin"
| #define DIST_NAME "MacOSX"
| #define DIST_VERSION ""
| #define DIST_VERSION_L 0L 
| #define DIST_MAJOR ""
| #define DIST_MINOR ""
| #define DIST_PATCH "0"
| #define DIST_REPO_VER "."
| #define PKG_TYPE "pkg"
| #define REPOPROC "x86_64"
| #define SXBINTARGET ""
| #define SXACCELERATE_SRC "/Users/fonari/src/sphinx-mac/sphinx-3.1/sxaccelerate/src"
| #define SXACCELERATE_BUILD "/Users/fonari/src/sphinx-mac/sphinx-3.1/sxaccelerate/src"
| #define YYTEXT_POINTER 1
| #define SXQDIR ""
| #define USE_SX_LOG /**/
| #define MACHINE_SPECIFIC /**/
| #define MACOSX "1"
| #define HAVE_ROUND 1
| #define HAVE_LROUND 1
| #define CXX "clang++"
| #define CXXFLAGS "-Wall -O3 -march=native -fpermissive -flax-vector-conversions -pipe -Wno-variadic-macros -DNDEBUG -D_REENTRANT"
| #define CXXVERSION "Apple clang version 16.0.0 (clang-1600.0.26.6)"
| #define F77 ""
| #define FFLAGS ""
| #define HAVE_DLFCN_H 1
| #define LT_OBJDIR ".libs/"
| /* end confdefs.h.  */
| #include <ac_nonexistent.h>
configure:22199: result: clang++ -E
configure:22213: clang++ -E  conftest.cpp
configure:22213: $? = 0
configure:22228: clang++ -E  conftest.cpp
conftest.cpp:60:10: fatal error: 'ac_nonexistent.h' file not found
   60 | #include <ac_nonexistent.h>
      |          ^~~~~~~~~~~~~~~~~~
1 error generated.
configure:22228: $? = 1
configure: failed program was:
| /* confdefs.h */
| #define PACKAGE_NAME "S/PHI/nX Accelerate Libraries"
| #define PACKAGE_TARNAME "sxaccelerate"
| #define PACKAGE_VERSION "2.11.13"
| #define PACKAGE_STRING "S/PHI/nX Accelerate Libraries 2.11.13"
| #define PACKAGE_BUGREPORT "https://www.sxlib.de"
| #define PACKAGE_URL ""
| #define PACKAGE "sxaccelerate"
| #define VERSION "2.11.13"
| #define WITH_APPS /**/
| #define WITH_APPS /**/
| #define USE_SXMATH /**/
| #define USE_SXMATH /**/
| #define HAVE_STDIO_H 1
| #define HAVE_STDLIB_H 1
| #define HAVE_STRING_H 1
| #define HAVE_INTTYPES_H 1
| #define HAVE_STDINT_H 1
| #define HAVE_STRINGS_H 1
| #define HAVE_SYS_STAT_H 1
| #define HAVE_SYS_TYPES_H 1
| #define HAVE_UNISTD_H 1
| #define STDC_HEADERS 1
| #define SIZEOF_VOIDP 8
| #define HAS_64BIT "1"
| #define UNAME "Darwin"
| #define PROCESSOR "x86_64"
| #define WHOAMI "fonari"
| #define GDB ""
| #define MEMTRACER ""
| #define THREADTRACER ""
| #define DIST_OS "Darwin"
| #define DIST_NAME "MacOSX"
| #define DIST_VERSION ""
| #define DIST_VERSION_L 0L 
| #define DIST_MAJOR ""
| #define DIST_MINOR ""
| #define DIST_PATCH "0"
| #define DIST_REPO_VER "."
| #define PKG_TYPE "pkg"
| #define REPOPROC "x86_64"
| #define SXBINTARGET ""
| #define SXACCELERATE_SRC "/Users/fonari/src/sphinx-mac/sphinx-3.1/sxaccelerate/src"
| #define SXACCELERATE_BUILD "/Users/fonari/src/sphinx-mac/sphinx-3.1/sxaccelerate/src"
| #define YYTEXT_POINTER 1
| #define SXQDIR ""
| #define USE_SX_LOG /**/
| #define MACHINE_SPECIFIC /**/
| #define MACOSX "1"
| #define HAVE_ROUND 1
| #define HAVE_LROUND 1
| #define CXX "clang++"
| #define CXXFLAGS "-Wall -O3 -march=native -fpermissive -flax-vector-conversions -pipe -Wno-variadic-macros -DNDEBUG -D_REENTRANT"
| #define CXXVERSION "Apple clang version 16.0.0 (clang-1600.0.26.6)"
| #define F77 ""
| #define FFLAGS ""
| #define HAVE_DLFCN_H 1
| #define LT_OBJDIR ".libs/"
| /* end confdefs.h.  */
| #include <ac_nonexistent.h>
configure:22393: checking for ld used by clang++
configure:22461: result: /Applications/Xcode.app/Contents/Developer/Toolchains/XcodeDefault.xctoolchain/usr/bin/ld
configure:22468: checking if the linker (/Applications/Xcode.app/Contents/Developer/Toolchains/XcodeDefault.xctoolchain/usr/bin/ld) is GNU ld
configure:22484: result: no
configure:22539: checking whether the clang++ linker (/Applications/Xcode.app/Contents/Developer/Toolchains/XcodeDefault.xctoolchain/usr/bin/ld) supports shared libraries
configure:23616: result: yes
configure:23652: clang++ -c -Wall -O3 -march=native -fpermissive -flax-vector-conversions -pipe -Wno-variadic-macros -DNDEBUG -D_REENTRANT  conftest.cpp >&5
configure:23655: $? = 0
configure:24136: checking for clang++ option to produce PIC
configure:24144: result: -fno-common -DPIC
configure:24152: checking if clang++ PIC flag -fno-common -DPIC works
configure:24171: clang++ -c -Wall -O3 -march=native -fpermissive -flax-vector-conversions -pipe -Wno-variadic-macros -DNDEBUG -D_REENTRANT  -fno-common -DPIC -DPIC conftest.cpp >&5
configure:24175: $? = 0
configure:24188: result: yes
configure:24211: checking if clang++ static flag -static works
configure:24240: result: no
configure:24252: checking if clang++ supports -c -o file.o
configure:24274: clang++ -c -Wall -O3 -march=native -fpermissive -flax-vector-conversions -pipe -Wno-variadic-macros -DNDEBUG -D_REENTRANT  -o out/conftest2.o conftest.cpp >&5
configure:24278: $? = 0
configure:24300: result: yes
configure:24305: checking if clang++ supports -c -o file.o
configure:24353: result: yes
configure:24383: checking whether the clang++ linker (/Applications/Xcode.app/Contents/Developer/Toolchains/XcodeDefault.xctoolchain/usr/bin/ld) supports shared libraries
configure:24426: result: yes
configure:24568: checking dynamic linker characteristics
configure:25328: result: darwin23.6.0 dyld
configure:25393: checking how to hardcode library paths into programs
configure:25418: result: immediate
configure:25563: checking for sys/wait.h that is POSIX.1 compatible
configure:25590: clang -c -Wall -O3 -march=native -fpermissive -flax-vector-conversions -pipe -Wno-variadic-macros -DNDEBUG -D_REENTRANT  conftest.c >&5
configure:25590: $? = 0
configure:25598: result: yes
configure:25606: checking for arpa/inet.h
configure:25606: clang -c -Wall -O3 -march=native -fpermissive -flax-vector-conversions -pipe -Wno-variadic-macros -DNDEBUG -D_REENTRANT  conftest.c >&5
configure:25606: $? = 0
configure:25606: result: yes
configure:25612: checking for fcntl.h
configure:25612: clang -c -Wall -O3 -march=native -fpermissive -flax-vector-conversions -pipe -Wno-variadic-macros -DNDEBUG -D_REENTRANT  conftest.c >&5
configure:25612: $? = 0
configure:25612: result: yes
configure:25618: checking for netdb.h
configure:25618: clang -c -Wall -O3 -march=native -fpermissive -flax-vector-conversions -pipe -Wno-variadic-macros -DNDEBUG -D_REENTRANT  conftest.c >&5
configure:25618: $? = 0
configure:25618: result: yes
configure:25624: checking for netinet/in.h
configure:25624: clang -c -Wall -O3 -march=native -fpermissive -flax-vector-conversions -pipe -Wno-variadic-macros -DNDEBUG -D_REENTRANT  conftest.c >&5
configure:25624: $? = 0
configure:25624: result: yes
configure:25630: checking for stdlib.h
configure:25630: result: yes
configure:25636: checking for signal.h
configure:25636: clang -c -Wall -O3 -march=native -fpermissive -flax-vector-conversions -pipe -Wno-variadic-macros -DNDEBUG -D_REENTRANT  conftest.c >&5
configure:25636: $? = 0
configure:25636: result: yes
configure:25642: checking for string.h
configure:25642: result: yes
configure:25648: checking for sys/socket.h
configure:25648: clang -c -Wall -O3 -march=native -fpermissive -flax-vector-conversions -pipe -Wno-variadic-macros -DNDEBUG -D_REENTRANT  conftest.c >&5
configure:25648: $? = 0
configure:25648: result: yes
configure:25654: checking for sys/types.h
configure:25654: result: yes
configure:25660: checking for sys/time.h
configure:25660: clang -c -Wall -O3 -march=native -fpermissive -flax-vector-conversions -pipe -Wno-variadic-macros -DNDEBUG -D_REENTRANT  conftest.c >&5
configure:25660: $? = 0
configure:25660: result: yes
configure:25666: checking for sys/wait.h
configure:25666: result: yes
configure:25672: checking for sys/resource.h
configure:25672: clang -c -Wall -O3 -march=native -fpermissive -flax-vector-conversions -pipe -Wno-variadic-macros -DNDEBUG -D_REENTRANT  conftest.c >&5
configure:25672: $? = 0
configure:25672: result: yes
configure:25678: checking for unistd.h
configure:25678: result: yes
configure:25684: checking for winsock.h
configure:25684: clang -c -Wall -O3 -march=native -fpermissive -flax-vector-conversions -pipe -Wno-variadic-macros -DNDEBUG -D_REENTRANT  conftest.c >&5
conftest.c:102:10: fatal error: 'winsock.h' file not found
  102 | #include <winsock.h>
      |          ^~~~~~~~~~~
1 error generated.
configure:25684: $? = 1
configure: failed program was:
| /* confdefs.h */
| #define PACKAGE_NAME "S/PHI/nX Accelerate Libraries"
| #define PACKAGE_TARNAME "sxaccelerate"
| #define PACKAGE_VERSION "2.11.13"
| #define PACKAGE_STRING "S/PHI/nX Accelerate Libraries 2.11.13"
| #define PACKAGE_BUGREPORT "https://www.sxlib.de"
| #define PACKAGE_URL ""
| #define PACKAGE "sxaccelerate"
| #define VERSION "2.11.13"
| #define WITH_APPS /**/
| #define WITH_APPS /**/
| #define USE_SXMATH /**/
| #define USE_SXMATH /**/
| #define HAVE_STDIO_H 1
| #define HAVE_STDLIB_H 1
| #define HAVE_STRING_H 1
| #define HAVE_INTTYPES_H 1
| #define HAVE_STDINT_H 1
| #define HAVE_STRINGS_H 1
| #define HAVE_SYS_STAT_H 1
| #define HAVE_SYS_TYPES_H 1
| #define HAVE_UNISTD_H 1
| #define STDC_HEADERS 1
| #define SIZEOF_VOIDP 8
| #define HAS_64BIT "1"
| #define UNAME "Darwin"
| #define PROCESSOR "x86_64"
| #define WHOAMI "fonari"
| #define GDB ""
| #define MEMTRACER ""
| #define THREADTRACER ""
| #define DIST_OS "Darwin"
| #define DIST_NAME "MacOSX"
| #define DIST_VERSION ""
| #define DIST_VERSION_L 0L 
| #define DIST_MAJOR ""
| #define DIST_MINOR ""
| #define DIST_PATCH "0"
| #define DIST_REPO_VER "."
| #define PKG_TYPE "pkg"
| #define REPOPROC "x86_64"
| #define SXBINTARGET ""
| #define SXACCELERATE_SRC "/Users/fonari/src/sphinx-mac/sphinx-3.1/sxaccelerate/src"
| #define SXACCELERATE_BUILD "/Users/fonari/src/sphinx-mac/sphinx-3.1/sxaccelerate/src"
| #define YYTEXT_POINTER 1
| #define SXQDIR ""
| #define USE_SX_LOG /**/
| #define MACHINE_SPECIFIC /**/
| #define MACOSX "1"
| #define HAVE_ROUND 1
| #define HAVE_LROUND 1
| #define CXX "clang++"
| #define CXXFLAGS "-Wall -O3 -march=native -fpermissive -flax-vector-conversions -pipe -Wno-variadic-macros -DNDEBUG -D_REENTRANT"
| #define CXXVERSION "Apple clang version 16.0.0 (clang-1600.0.26.6)"
| #define F77 ""
| #define FFLAGS ""
| #define HAVE_DLFCN_H 1
| #define LT_OBJDIR ".libs/"
| #define HAVE_SYS_WAIT_H 1
| #define HAVE_ARPA_INET_H 1
| #define HAVE_FCNTL_H 1
| #define HAVE_NETDB_H 1
| #define HAVE_NETINET_IN_H 1
| #define HAVE_STDLIB_H 1
| #define HAVE_SIGNAL_H 1
| #define HAVE_STRING_H 1
| #define HAVE_SYS_SOCKET_H 1
| #define HAVE_SYS_TYPES_H 1
| #define HAVE_SYS_TIME_H 1
| #define HAVE_SYS_WAIT_H 1
| #define HAVE_SYS_RESOURCE_H 1
| #define HAVE_UNISTD_H 1
| /* end confdefs.h.  */
| #include <stddef.h>
| #ifdef HAVE_STDIO_H
| # include <stdio.h>
| #endif
| #ifdef HAVE_STDLIB_H
| # include <stdlib.h>
| #endif
| #ifdef HAVE_STRING_H
| # include <string.h>
| #endif
| #ifdef HAVE_INTTYPES_H
| # include <inttypes.h>
| #endif
| #ifdef HAVE_STDINT_H
| # include <stdint.h>
| #endif
| #ifdef HAVE_STRINGS_H
| # include <strings.h>
| #endif
| #ifdef HAVE_SYS_TYPES_H
| # include <sys/types.h>
| #endif
| #ifdef HAVE_SYS_STAT_H
| # include <sys/stat.h>
| #endif
| #ifdef HAVE_UNISTD_H
| # include <unistd.h>
| #endif
| #include <winsock.h>
configure:25684: result: no
configure:25690: checking for winsock2.h
configure:25690: clang -c -Wall -O3 -march=native -fpermissive -flax-vector-conversions -pipe -Wno-variadic-macros -DNDEBUG -D_REENTRANT  conftest.c >&5
conftest.c:102:10: fatal error: 'winsock2.h' file not found
  102 | #include <winsock2.h>
      |          ^~~~~~~~~~~~
1 error generated.
configure:25690: $? = 1
configure: failed program was:
| /* confdefs.h */
| #define PACKAGE_NAME "S/PHI/nX Accelerate Libraries"
| #define PACKAGE_TARNAME "sxaccelerate"
| #define PACKAGE_VERSION "2.11.13"
| #define PACKAGE_STRING "S/PHI/nX Accelerate Libraries 2.11.13"
| #define PACKAGE_BUGREPORT "https://www.sxlib.de"
| #define PACKAGE_URL ""
| #define PACKAGE "sxaccelerate"
| #define VERSION "2.11.13"
| #define WITH_APPS /**/
| #define WITH_APPS /**/
| #define USE_SXMATH /**/
| #define USE_SXMATH /**/
| #define HAVE_STDIO_H 1
| #define HAVE_STDLIB_H 1
| #define HAVE_STRING_H 1
| #define HAVE_INTTYPES_H 1
| #define HAVE_STDINT_H 1
| #define HAVE_STRINGS_H 1
| #define HAVE_SYS_STAT_H 1
| #define HAVE_SYS_TYPES_H 1
| #define HAVE_UNISTD_H 1
| #define STDC_HEADERS 1
| #define SIZEOF_VOIDP 8
| #define HAS_64BIT "1"
| #define UNAME "Darwin"
| #define PROCESSOR "x86_64"
| #define WHOAMI "fonari"
| #define GDB ""
| #define MEMTRACER ""
| #define THREADTRACER ""
| #define DIST_OS "Darwin"
| #define DIST_NAME "MacOSX"
| #define DIST_VERSION ""
| #define DIST_VERSION_L 0L 
| #define DIST_MAJOR ""
| #define DIST_MINOR ""
| #define DIST_PATCH "0"
| #define DIST_REPO_VER "."
| #define PKG_TYPE "pkg"
| #define REPOPROC "x86_64"
| #define SXBINTARGET ""
| #define SXACCELERATE_SRC "/Users/fonari/src/sphinx-mac/sphinx-3.1/sxaccelerate/src"
| #define SXACCELERATE_BUILD "/Users/fonari/src/sphinx-mac/sphinx-3.1/sxaccelerate/src"
| #define YYTEXT_POINTER 1
| #define SXQDIR ""
| #define USE_SX_LOG /**/
| #define MACHINE_SPECIFIC /**/
| #define MACOSX "1"
| #define HAVE_ROUND 1
| #define HAVE_LROUND 1
| #define CXX "clang++"
| #define CXXFLAGS "-Wall -O3 -march=native -fpermissive -flax-vector-conversions -pipe -Wno-variadic-macros -DNDEBUG -D_REENTRANT"
| #define CXXVERSION "Apple clang version 16.0.0 (clang-1600.0.26.6)"
| #define F77 ""
| #define FFLAGS ""
| #define HAVE_DLFCN_H 1
| #define LT_OBJDIR ".libs/"
| #define HAVE_SYS_WAIT_H 1
| #define HAVE_ARPA_INET_H 1
| #define HAVE_FCNTL_H 1
| #define HAVE_NETDB_H 1
| #define HAVE_NETINET_IN_H 1
| #define HAVE_STDLIB_H 1
| #define HAVE_SIGNAL_H 1
| #define HAVE_STRING_H 1
| #define HAVE_SYS_SOCKET_H 1
| #define HAVE_SYS_TYPES_H 1
| #define HAVE_SYS_TIME_H 1
| #define HAVE_SYS_WAIT_H 1
| #define HAVE_SYS_RESOURCE_H 1
| #define HAVE_UNISTD_H 1
| /* end confdefs.h.  */
| #include <stddef.h>
| #ifdef HAVE_STDIO_H
| # include <stdio.h>
| #endif
| #ifdef HAVE_STDLIB_H
| # include <stdlib.h>
| #endif
| #ifdef HAVE_STRING_H
| # include <string.h>
| #endif
| #ifdef HAVE_INTTYPES_H
| # include <inttypes.h>
| #endif
| #ifdef HAVE_STDINT_H
| # include <stdint.h>
| #endif
| #ifdef HAVE_STRINGS_H
| # include <strings.h>
| #endif
| #ifdef HAVE_SYS_TYPES_H
| # include <sys/types.h>
| #endif
| #ifdef HAVE_SYS_STAT_H
| # include <sys/stat.h>
| #endif
| #ifdef HAVE_UNISTD_H
| # include <unistd.h>
| #endif
| #include <winsock2.h>
configure:25690: result: no
configure:25702: Setting up numlibs
configure:25710: checking for rand in -lgfortran
configure:25733: clang -o conftest -Wall -O3 -march=native -fpermissive -flax-vector-conversions -pipe -Wno-variadic-macros -DNDEBUG -D_REENTRANT   conftest.c -lgfortran  -lm  -framework CoreFoundation -ldl -lpthread >&5
ld: library 'gfortran' not found
clang: error: linker command failed with exit code 1 (use -v to see invocation)
configure:25733: $? = 1
configure: failed program was:
| /* confdefs.h */
| #define PACKAGE_NAME "S/PHI/nX Accelerate Libraries"
| #define PACKAGE_TARNAME "sxaccelerate"
| #define PACKAGE_VERSION "2.11.13"
| #define PACKAGE_STRING "S/PHI/nX Accelerate Libraries 2.11.13"
| #define PACKAGE_BUGREPORT "https://www.sxlib.de"
| #define PACKAGE_URL ""
| #define PACKAGE "sxaccelerate"
| #define VERSION "2.11.13"
| #define WITH_APPS /**/
| #define WITH_APPS /**/
| #define USE_SXMATH /**/
| #define USE_SXMATH /**/
| #define HAVE_STDIO_H 1
| #define HAVE_STDLIB_H 1
| #define HAVE_STRING_H 1
| #define HAVE_INTTYPES_H 1
| #define HAVE_STDINT_H 1
| #define HAVE_STRINGS_H 1
| #define HAVE_SYS_STAT_H 1
| #define HAVE_SYS_TYPES_H 1
| #define HAVE_UNISTD_H 1
| #define STDC_HEADERS 1
| #define SIZEOF_VOIDP 8
| #define HAS_64BIT "1"
| #define UNAME "Darwin"
| #define PROCESSOR "x86_64"
| #define WHOAMI "fonari"
| #define GDB ""
| #define MEMTRACER ""
| #define THREADTRACER ""
| #define DIST_OS "Darwin"
| #define DIST_NAME "MacOSX"
| #define DIST_VERSION ""
| #define DIST_VERSION_L 0L 
| #define DIST_MAJOR ""
| #define DIST_MINOR ""
| #define DIST_PATCH "0"
| #define DIST_REPO_VER "."
| #define PKG_TYPE "pkg"
| #define REPOPROC "x86_64"
| #define SXBINTARGET ""
| #define SXACCELERATE_SRC "/Users/fonari/src/sphinx-mac/sphinx-3.1/sxaccelerate/src"
| #define SXACCELERATE_BUILD "/Users/fonari/src/sphinx-mac/sphinx-3.1/sxaccelerate/src"
| #define YYTEXT_POINTER 1
| #define SXQDIR ""
| #define USE_SX_LOG /**/
| #define MACHINE_SPECIFIC /**/
| #define MACOSX "1"
| #define HAVE_ROUND 1
| #define HAVE_LROUND 1
| #define CXX "clang++"
| #define CXXFLAGS "-Wall -O3 -march=native -fpermissive -flax-vector-conversions -pipe -Wno-variadic-macros -DNDEBUG -D_REENTRANT"
| #define CXXVERSION "Apple clang version 16.0.0 (clang-1600.0.26.6)"
| #define F77 ""
| #define FFLAGS ""
| #define HAVE_DLFCN_H 1
| #define LT_OBJDIR ".libs/"
| #define HAVE_SYS_WAIT_H 1
| #define HAVE_ARPA_INET_H 1
| #define HAVE_FCNTL_H 1
| #define HAVE_NETDB_H 1
| #define HAVE_NETINET_IN_H 1
| #define HAVE_STDLIB_H 1
| #define HAVE_SIGNAL_H 1
| #define HAVE_STRING_H 1
| #define HAVE_SYS_SOCKET_H 1
| #define HAVE_SYS_TYPES_H 1
| #define HAVE_SYS_TIME_H 1
| #define HAVE_SYS_WAIT_H 1
| #define HAVE_SYS_RESOURCE_H 1
| #define HAVE_UNISTD_H 1
| /* end confdefs.h.  */
| 
| /* Override any GCC internal prototype to avoid an error.
|    Use char because int might match the return type of a GCC
|    builtin and then its argument prototype would still apply.  */
| char rand ();
| int
| main (void)
| {
| return rand ();
|   ;
|   return 0;
| }
configure:25743: result: no
configure:25753: checking for _gfortran_copy_string in -lgfortran
configure:25776: clang -o conftest -Wall -O3 -march=native -fpermissive -flax-vector-conversions -pipe -Wno-variadic-macros -DNDEBUG -D_REENTRANT   conftest.c -lgfortran  -lm  -framework CoreFoundation -ldl -lpthread >&5
ld: library 'gfortran' not found
clang: error: linker command failed with exit code 1 (use -v to see invocation)
configure:25776: $? = 1
configure: failed program was:
| /* confdefs.h */
| #define PACKAGE_NAME "S/PHI/nX Accelerate Libraries"
| #define PACKAGE_TARNAME "sxaccelerate"
| #define PACKAGE_VERSION "2.11.13"
| #define PACKAGE_STRING "S/PHI/nX Accelerate Libraries 2.11.13"
| #define PACKAGE_BUGREPORT "https://www.sxlib.de"
| #define PACKAGE_URL ""
| #define PACKAGE "sxaccelerate"
| #define VERSION "2.11.13"
| #define WITH_APPS /**/
| #define WITH_APPS /**/
| #define USE_SXMATH /**/
| #define USE_SXMATH /**/
| #define HAVE_STDIO_H 1
| #define HAVE_STDLIB_H 1
| #define HAVE_STRING_H 1
| #define HAVE_INTTYPES_H 1
| #define HAVE_STDINT_H 1
| #define HAVE_STRINGS_H 1
| #define HAVE_SYS_STAT_H 1
| #define HAVE_SYS_TYPES_H 1
| #define HAVE_UNISTD_H 1
| #define STDC_HEADERS 1
| #define SIZEOF_VOIDP 8
| #define HAS_64BIT "1"
| #define UNAME "Darwin"
| #define PROCESSOR "x86_64"
| #define WHOAMI "fonari"
| #define GDB ""
| #define MEMTRACER ""
| #define THREADTRACER ""
| #define DIST_OS "Darwin"
| #define DIST_NAME "MacOSX"
| #define DIST_VERSION ""
| #define DIST_VERSION_L 0L 
| #define DIST_MAJOR ""
| #define DIST_MINOR ""
| #define DIST_PATCH "0"
| #define DIST_REPO_VER "."
| #define PKG_TYPE "pkg"
| #define REPOPROC "x86_64"
| #define SXBINTARGET ""
| #define SXACCELERATE_SRC "/Users/fonari/src/sphinx-mac/sphinx-3.1/sxaccelerate/src"
| #define SXACCELERATE_BUILD "/Users/fonari/src/sphinx-mac/sphinx-3.1/sxaccelerate/src"
| #define YYTEXT_POINTER 1
| #define SXQDIR ""
| #define USE_SX_LOG /**/
| #define MACHINE_SPECIFIC /**/
| #define MACOSX "1"
| #define HAVE_ROUND 1
| #define HAVE_LROUND 1
| #define CXX "clang++"
| #define CXXFLAGS "-Wall -O3 -march=native -fpermissive -flax-vector-conversions -pipe -Wno-variadic-macros -DNDEBUG -D_REENTRANT"
| #define CXXVERSION "Apple clang version 16.0.0 (clang-1600.0.26.6)"
| #define F77 ""
| #define FFLAGS ""
| #define HAVE_DLFCN_H 1
| #define LT_OBJDIR ".libs/"
| #define HAVE_SYS_WAIT_H 1
| #define HAVE_ARPA_INET_H 1
| #define HAVE_FCNTL_H 1
| #define HAVE_NETDB_H 1
| #define HAVE_NETINET_IN_H 1
| #define HAVE_STDLIB_H 1
| #define HAVE_SIGNAL_H 1
| #define HAVE_STRING_H 1
| #define HAVE_SYS_SOCKET_H 1
| #define HAVE_SYS_TYPES_H 1
| #define HAVE_SYS_TIME_H 1
| #define HAVE_SYS_WAIT_H 1
| #define HAVE_SYS_RESOURCE_H 1
| #define HAVE_UNISTD_H 1
| /* end confdefs.h.  */
| 
| /* Override any GCC internal prototype to avoid an error.
|    Use char because int might match the return type of a GCC
|    builtin and then its argument prototype would still apply.  */
| char _gfortran_copy_string ();
| int
| main (void)
| {
| return _gfortran_copy_string ();
|   ;
|   return 0;
| }
configure:25786: result: no
configure:25837: checking whether to use numlibs
configure:25845: result: /Users/fonari/src/sphinx-mac/sphinx-3.1/../netcdf/netcdf-c-4.8.1/install_dn
configure:25871: checking whether to enable numlibschecks
configure:25879: result: no
configure:25901: checking whether to enable atlas
configure:25909: result: no
configure:25925: checking whether to enable netlib
configure:25933: result: no
configure:25949: checking whether to enable acml
configure:25957: result: no
configure:25983: checking whether to use mklpath
configure:25991: result: /Users/fonari/src/2026-2/schrodinger_buildenv_packages/.pixi/envs/schrodinger/mkl-2020.0.166/include:/Users/fonari/src/2026-2/schrodinger_buildenv_packages/.pixi/envs/schrodinger/mkl-2020.0.166/lib
configure:26017: checking whether to enable mkl
configure:26025: result: yes
configure:26041: checking whether to enable goto
configure:26049: result: no
configure:26065: checking whether to enable fftw
configure:26073: result: no
configure:26089: checking whether to enable mklfft
configure:26097: result: yes
configure:26113: checking whether to enable acmlfft
configure:26121: result: no
configure:26137: checking whether to enable mpi
configure:26145: result: no
configure:26161: checking whether to enable netcdf4
configure:26169: result: no
configure:26185: checking whether to enable parnetcdf4
configure:26193: result: no
configure:26209: checking whether to enable openmp
configure:26217: result: no
configure:26233: checking whether to enable hdf5
configure:26241: result: no
configure:26257: checking whether to enable pcre2
configure:26265: result: auto
configure:26337: Adding include path /Users/fonari/src/sphinx-mac/sphinx-3.1/../netcdf/netcdf-c-4.8.1/install_dn/include
configure:26345: Adding library path /Users/fonari/src/sphinx-mac/sphinx-3.1/../netcdf/netcdf-c-4.8.1/install_dn/lib
configure:26370: checking for /Users/fonari/src/2026-2/schrodinger_buildenv_packages/.pixi/envs/schrodinger/mkl-2020.0.166/include/mkl.h
configure:26385: result: yes
configure:26395: checking for /Users/fonari/src/2026-2/schrodinger_buildenv_packages/.pixi/envs/schrodinger/mkl-2020.0.166/lib/libmkl_core.dylib
configure:26410: result: yes
configure:27233: checking for dnrm2
configure:27233: clang -o conftest -Wall -O3 -march=native -fpermissive -flax-vector-conversions -pipe -Wno-variadic-macros -DNDEBUG -D_REENTRANT  -I/Users/fonari/src/sphinx-mac/netcdf/netcdf-c-4.8.1/install_dn/include -I/Users/fonari/src/2026-2/schrodinger_buildenv_packages/.pixi/envs/schrodinger/mkl-2020.0.166/include -L/Users/fonari/src/2026-2/schrodinger_buildenv_packages/.pixi/envs/schrodinger/mkl-2020.0.166/lib -Wl,-rpath,/Users/fonari/src/2026-2/schrodinger_buildenv_packages/.pixi/envs/schrodinger/mkl-2020.0.166/lib  -L/Users/fonari/src/sphinx-mac/netcdf/netcdf-c-4.8.1/install_dn/lib conftest.c -lmkl_intel_lp64 -lmkl_core -lmkl_sequential -ldl -ldl -lpthread -lm  -lm  -framework CoreFoundation -ldl -lpthread -lm  -framework CoreFoundation -ldl -lpthread >&5
ld: warning: ignoring duplicate libraries: '-ldl', '-lm', '-lpthread'
configure:27233: $? = 0
configure:27233: result: yes
configure:28202: checking for pcre2.h
configure:28202: clang -c -Wall -O3 -march=native -fpermissive -flax-vector-conversions -pipe -Wno-variadic-macros -DNDEBUG -D_REENTRANT  -I/Users/fonari/src/sphinx-mac/netcdf/netcdf-c-4.8.1/install_dn/include -I/Users/fonari/src/2026-2/schrodinger_buildenv_packages/.pixi/envs/schrodinger/mkl-2020.0.166/include conftest.c >&5
conftest.c:79:10: fatal error: 'pcre2.h' file not found
   79 | #include <pcre2.h>
      |          ^~~~~~~~~
1 error generated.
configure:28202: $? = 1
configure: failed program was:
| /* confdefs.h */
| #define PACKAGE_NAME "S/PHI/nX Accelerate Libraries"
| #define PACKAGE_TARNAME "sxaccelerate"
| #define PACKAGE_VERSION "2.11.13"
| #define PACKAGE_STRING "S/PHI/nX Accelerate Libraries 2.11.13"
| #define PACKAGE_BUGREPORT "https://www.sxlib.de"
| #define PACKAGE_URL ""
| #define PACKAGE "sxaccelerate"
| #define VERSION "2.11.13"
| #define WITH_APPS /**/
| #define WITH_APPS /**/
| #define USE_SXMATH /**/
| #define USE_SXMATH /**/
| #define HAVE_STDIO_H 1
| #define HAVE_STDLIB_H 1
| #define HAVE_STRING_H 1
| #define HAVE_INTTYPES_H 1
| #define HAVE_STDINT_H 1
| #define HAVE_STRINGS_H 1
| #define HAVE_SYS_STAT_H 1
| #define HAVE_SYS_TYPES_H 1
| #define HAVE_UNISTD_H 1
| #define STDC_HEADERS 1
| #define SIZEOF_VOIDP 8
| #define HAS_64BIT "1"
| #define UNAME "Darwin"
| #define PROCESSOR "x86_64"
| #define WHOAMI "fonari"
| #define GDB ""
| #define MEMTRACER ""
| #define THREADTRACER ""
| #define DIST_OS "Darwin"
| #define DIST_NAME "MacOSX"
| #define DIST_VERSION ""
| #define DIST_VERSION_L 0L 
| #define DIST_MAJOR ""
| #define DIST_MINOR ""
| #define DIST_PATCH "0"
| #define DIST_REPO_VER "."
| #define PKG_TYPE "pkg"
| #define REPOPROC "x86_64"
| #define SXBINTARGET ""
| #define SXACCELERATE_SRC "/Users/fonari/src/sphinx-mac/sphinx-3.1/sxaccelerate/src"
| #define SXACCELERATE_BUILD "/Users/fonari/src/sphinx-mac/sphinx-3.1/sxaccelerate/src"
| #define YYTEXT_POINTER 1
| #define SXQDIR ""
| #define USE_SX_LOG /**/
| #define MACHINE_SPECIFIC /**/
| #define MACOSX "1"
| #define HAVE_ROUND 1
| #define HAVE_LROUND 1
| #define CXX "clang++"
| #define CXXFLAGS "-Wall -O3 -march=native -fpermissive -flax-vector-conversions -pipe -Wno-variadic-macros -DNDEBUG -D_REENTRANT"
| #define CXXVERSION "Apple clang version 16.0.0 (clang-1600.0.26.6)"
| #define F77 ""
| #define FFLAGS ""
| #define HAVE_DLFCN_H 1
| #define LT_OBJDIR ".libs/"
| #define HAVE_SYS_WAIT_H 1
| #define HAVE_ARPA_INET_H 1
| #define HAVE_FCNTL_H 1
| #define HAVE_NETDB_H 1
| #define HAVE_NETINET_IN_H 1
| #define HAVE_STDLIB_H 1
| #define HAVE_SIGNAL_H 1
| #define HAVE_STRING_H 1
| #define HAVE_SYS_SOCKET_H 1
| #define HAVE_SYS_TYPES_H 1
| #define HAVE_SYS_TIME_H 1
| #define HAVE_SYS_WAIT_H 1
| #define HAVE_SYS_RESOURCE_H 1
| #define HAVE_UNISTD_H 1
| #define USE_INTEL_MKL /**/
| #define USE_MKL_FFT /**/
| #define SXCOPYRIGHT "| S/PHI/nX utilizes the following 3rd-party libraries:\n|    - Intel MKL       http://software.intel.com/en-us/intel-mkl\n|    - Flex            http://flex.sourceforge.net\n|    - NetCDF          http://www.unidata.ucar.edu/software/netcdf\n"
| /* end confdefs.h.  */
| #define PCRE2_CODE_UNIT_WIDTH 8
| 
| #include <pcre2.h>
configure:28202: result: no
configure:28215: pcre2 will not be used
configure:28246: checking for mkstemp
configure:28246: clang -o conftest -Wall -O3 -march=native -fpermissive -flax-vector-conversions -pipe -Wno-variadic-macros -DNDEBUG -D_REENTRANT  -I/Users/fonari/src/sphinx-mac/netcdf/netcdf-c-4.8.1/install_dn/include -I/Users/fonari/src/2026-2/schrodinger_buildenv_packages/.pixi/envs/schrodinger/mkl-2020.0.166/include -L/Users/fonari/src/2026-2/schrodinger_buildenv_packages/.pixi/envs/schrodinger/mkl-2020.0.166/lib -Wl,-rpath,/Users/fonari/src/2026-2/schrodinger_buildenv_packages/.pixi/envs/schrodinger/mkl-2020.0.166/lib  -L/Users/fonari/src/sphinx-mac/netcdf/netcdf-c-4.8.1/install_dn/lib conftest.c  -framework CoreFoundation -ldl -lpthread >&5
configure:28246: $? = 0
configure:28246: result: yes
configure:28252: checking for posix_memalign
configure:28252: clang -o conftest -Wall -O3 -march=native -fpermissive -flax-vector-conversions -pipe -Wno-variadic-macros -DNDEBUG -D_REENTRANT  -I/Users/fonari/src/sphinx-mac/netcdf/netcdf-c-4.8.1/install_dn/include -I/Users/fonari/src/2026-2/schrodinger_buildenv_packages/.pixi/envs/schrodinger/mkl-2020.0.166/include -L/Users/fonari/src/2026-2/schrodinger_buildenv_packages/.pixi/envs/schrodinger/mkl-2020.0.166/lib -Wl,-rpath,/Users/fonari/src/2026-2/schrodinger_buildenv_packages/.pixi/envs/schrodinger/mkl-2020.0.166/lib  -L/Users/fonari/src/sphinx-mac/netcdf/netcdf-c-4.8.1/install_dn/lib conftest.c  -framework CoreFoundation -ldl -lpthread >&5
configure:28252: $? = 0
configure:28252: result: yes
configure:28259: checking for clang options needed to detect all undeclared functions
configure:28281: clang -c -Wall -O3 -march=native -fpermissive -flax-vector-conversions -pipe -Wno-variadic-macros -DNDEBUG -D_REENTRANT   -I/Users/fonari/src/sphinx-mac/netcdf/netcdf-c-4.8.1/install_dn/include -I/Users/fonari/src/2026-2/schrodinger_buildenv_packages/.pixi/envs/schrodinger/mkl-2020.0.166/include conftest.c >&5
conftest.c:83:8: error: call to undeclared library function 'strchr' with type 'char *(const char *, int)'; ISO C99 and later do not support implicit function declarations [-Wimplicit-function-declaration]
   83 | (void) strchr;
      |        ^
conftest.c:83:8: note: include the header <string.h> or explicitly provide a declaration for 'strchr'
1 error generated.
configure:28281: $? = 1
configure: failed program was:
| /* confdefs.h */
| #define PACKAGE_NAME "S/PHI/nX Accelerate Libraries"
| #define PACKAGE_TARNAME "sxaccelerate"
| #define PACKAGE_VERSION "2.11.13"
| #define PACKAGE_STRING "S/PHI/nX Accelerate Libraries 2.11.13"
| #define PACKAGE_BUGREPORT "https://www.sxlib.de"
| #define PACKAGE_URL ""
| #define PACKAGE "sxaccelerate"
| #define VERSION "2.11.13"
| #define WITH_APPS /**/
| #define WITH_APPS /**/
| #define USE_SXMATH /**/
| #define USE_SXMATH /**/
| #define HAVE_STDIO_H 1
| #define HAVE_STDLIB_H 1
| #define HAVE_STRING_H 1
| #define HAVE_INTTYPES_H 1
| #define HAVE_STDINT_H 1
| #define HAVE_STRINGS_H 1
| #define HAVE_SYS_STAT_H 1
| #define HAVE_SYS_TYPES_H 1
| #define HAVE_UNISTD_H 1
| #define STDC_HEADERS 1
| #define SIZEOF_VOIDP 8
| #define HAS_64BIT "1"
| #define UNAME "Darwin"
| #define PROCESSOR "x86_64"
| #define WHOAMI "fonari"
| #define GDB ""
| #define MEMTRACER ""
| #define THREADTRACER ""
| #define DIST_OS "Darwin"
| #define DIST_NAME "MacOSX"
| #define DIST_VERSION ""
| #define DIST_VERSION_L 0L 
| #define DIST_MAJOR ""
| #define DIST_MINOR ""
| #define DIST_PATCH "0"
| #define DIST_REPO_VER "."
| #define PKG_TYPE "pkg"
| #define REPOPROC "x86_64"
| #define SXBINTARGET ""
| #define SXACCELERATE_SRC "/Users/fonari/src/sphinx-mac/sphinx-3.1/sxaccelerate/src"
| #define SXACCELERATE_BUILD "/Users/fonari/src/sphinx-mac/sphinx-3.1/sxaccelerate/src"
| #define YYTEXT_POINTER 1
| #define SXQDIR ""
| #define USE_SX_LOG /**/
| #define MACHINE_SPECIFIC /**/
| #define MACOSX "1"
| #define HAVE_ROUND 1
| #define HAVE_LROUND 1
| #define CXX "clang++"
| #define CXXFLAGS "-Wall -O3 -march=native -fpermissive -flax-vector-conversions -pipe -Wno-variadic-macros -DNDEBUG -D_REENTRANT"
| #define CXXVERSION "Apple clang version 16.0.0 (clang-1600.0.26.6)"
| #define F77 ""
| #define FFLAGS ""
| #define HAVE_DLFCN_H 1
| #define LT_OBJDIR ".libs/"
| #define HAVE_SYS_WAIT_H 1
| #define HAVE_ARPA_INET_H 1
| #define HAVE_FCNTL_H 1
| #define HAVE_NETDB_H 1
| #define HAVE_NETINET_IN_H 1
| #define HAVE_STDLIB_H 1
| #define HAVE_SIGNAL_H 1
| #define HAVE_STRING_H 1
| #define HAVE_SYS_SOCKET_H 1
| #define HAVE_SYS_TYPES_H 1
| #define HAVE_SYS_TIME_H 1
| #define HAVE_SYS_WAIT_H 1
| #define HAVE_SYS_RESOURCE_H 1
| #define HAVE_UNISTD_H 1
| #define USE_INTEL_MKL /**/
| #define USE_MKL_FFT /**/
| #define SXCOPYRIGHT "| S/PHI/nX utilizes the following 3rd-party libraries:\n|    - Intel MKL       http://software.intel.com/en-us/intel-mkl\n|    - Flex            http://flex.sourceforge.net\n|    - NetCDF          http://www.unidata.ucar.edu/software/netcdf\n"
| #define HAVE_MKSTEMP 1
| #define HAVE_POSIX_MEMALIGN 1
| /* end confdefs.h.  */
| 
| int
| main (void)
| {
| (void) strchr;
|   ;
|   return 0;
| }
configure:28308: clang -c -Wall -O3 -march=native -fpermissive -flax-vector-conversions -pipe -Wno-variadic-macros -DNDEBUG -D_REENTRANT   -I/Users/fonari/src/sphinx-mac/netcdf/netcdf-c-4.8.1/install_dn/include -I/Users/fonari/src/2026-2/schrodinger_buildenv_packages/.pixi/envs/schrodinger/mkl-2020.0.166/include conftest.c >&5
configure:28308: $? = 0
configure:28325: result: none needed
configure:28339: checking whether strerror_r is declared
configure:28339: clang -c -Wall -O3 -march=native -fpermissive -flax-vector-conversions -pipe -Wno-variadic-macros -DNDEBUG -D_REENTRANT   -I/Users/fonari/src/sphinx-mac/netcdf/netcdf-c-4.8.1/install_dn/include -I/Users/fonari/src/2026-2/schrodinger_buildenv_packages/.pixi/envs/schrodinger/mkl-2020.0.166/include conftest.c >&5
configure:28339: $? = 0
configure:28339: result: yes
configure:28358: checking whether strerror_r returns char *
configure:28383: clang -c -Wall -O3 -march=native -fpermissive -flax-vector-conversions -pipe -Wno-variadic-macros -DNDEBUG -D_REENTRANT  -I/Users/fonari/src/sphinx-mac/netcdf/netcdf-c-4.8.1/install_dn/include -I/Users/fonari/src/2026-2/schrodinger_buildenv_packages/.pixi/envs/schrodinger/mkl-2020.0.166/include conftest.c >&5
conftest.c:87:13: error: indirection requires pointer operand ('int' invalid)
   87 |           char x = *strerror_r (0, buf, sizeof buf);
      |                    ^~~~~~~~~~~~~~~~~~~~~~~~~~~~~~~~
conftest.c:88:10: error: incompatible integer to pointer conversion initializing 'char *' with an expression of type 'int' [-Wint-conversion]
   88 |           char *p = strerror_r (0, buf, sizeof buf);
      |                 ^   ~~~~~~~~~~~~~~~~~~~~~~~~~~~~~~~
2 errors generated.
configure:28383: $? = 1
configure: failed program was:
| /* confdefs.h */
| #define PACKAGE_NAME "S/PHI/nX Accelerate Libraries"
| #define PACKAGE_TARNAME "sxaccelerate"
| #define PACKAGE_VERSION "2.11.13"
| #define PACKAGE_STRING "S/PHI/nX Accelerate Libraries 2.11.13"
| #define PACKAGE_BUGREPORT "https://www.sxlib.de"
| #define PACKAGE_URL ""
| #define PACKAGE "sxaccelerate"
| #define VERSION "2.11.13"
| #define WITH_APPS /**/
| #define WITH_APPS /**/
| #define USE_SXMATH /**/
| #define USE_SXMATH /**/
| #define HAVE_STDIO_H 1
| #define HAVE_STDLIB_H 1
| #define HAVE_STRING_H 1
| #define HAVE_INTTYPES_H 1
| #define HAVE_STDINT_H 1
| #define HAVE_STRINGS_H 1
| #define HAVE_SYS_STAT_H 1
| #define HAVE_SYS_TYPES_H 1
| #define HAVE_UNISTD_H 1
| #define STDC_HEADERS 1
| #define SIZEOF_VOIDP 8
| #define HAS_64BIT "1"
| #define UNAME "Darwin"
| #define PROCESSOR "x86_64"
| #define WHOAMI "fonari"
| #define GDB ""
| #define MEMTRACER ""
| #define THREADTRACER ""
| #define DIST_OS "Darwin"
| #define DIST_NAME "MacOSX"
| #define DIST_VERSION ""
| #define DIST_VERSION_L 0L 
| #define DIST_MAJOR ""
| #define DIST_MINOR ""
| #define DIST_PATCH "0"
| #define DIST_REPO_VER "."
| #define PKG_TYPE "pkg"
| #define REPOPROC "x86_64"
| #define SXBINTARGET ""
| #define SXACCELERATE_SRC "/Users/fonari/src/sphinx-mac/sphinx-3.1/sxaccelerate/src"
| #define SXACCELERATE_BUILD "/Users/fonari/src/sphinx-mac/sphinx-3.1/sxaccelerate/src"
| #define YYTEXT_POINTER 1
| #define SXQDIR ""
| #define USE_SX_LOG /**/
| #define MACHINE_SPECIFIC /**/
| #define MACOSX "1"
| #define HAVE_ROUND 1
| #define HAVE_LROUND 1
| #define CXX "clang++"
| #define CXXFLAGS "-Wall -O3 -march=native -fpermissive -flax-vector-conversions -pipe -Wno-variadic-macros -DNDEBUG -D_REENTRANT"
| #define CXXVERSION "Apple clang version 16.0.0 (clang-1600.0.26.6)"
| #define F77 ""
| #define FFLAGS ""
| #define HAVE_DLFCN_H 1
| #define LT_OBJDIR ".libs/"
| #define HAVE_SYS_WAIT_H 1
| #define HAVE_ARPA_INET_H 1
| #define HAVE_FCNTL_H 1
| #define HAVE_NETDB_H 1
| #define HAVE_NETINET_IN_H 1
| #define HAVE_STDLIB_H 1
| #define HAVE_SIGNAL_H 1
| #define HAVE_STRING_H 1
| #define HAVE_SYS_SOCKET_H 1
| #define HAVE_SYS_TYPES_H 1
| #define HAVE_SYS_TIME_H 1
| #define HAVE_SYS_WAIT_H 1
| #define HAVE_SYS_RESOURCE_H 1
| #define HAVE_UNISTD_H 1
| #define USE_INTEL_MKL /**/
| #define USE_MKL_FFT /**/
| #define SXCOPYRIGHT "| S/PHI/nX utilizes the following 3rd-party libraries:\n|    - Intel MKL       http://software.intel.com/en-us/intel-mkl\n|    - Flex            http://flex.sourceforge.net\n|    - NetCDF          http://www.unidata.ucar.edu/software/netcdf\n"
| #define HAVE_MKSTEMP 1
| #define HAVE_POSIX_MEMALIGN 1
| #define HAVE_DECL_STRERROR_R 1
| #define HAVE_STRERROR_R 1
| /* end confdefs.h.  */
| #include <string.h>
| int
| main (void)
| {
| 
| 	  char buf[100];
| 	  char x = *strerror_r (0, buf, sizeof buf);
| 	  char *p = strerror_r (0, buf, sizeof buf);
| 	  return !p || x;
| 
|   ;
|   return 0;
| }
configure:28392: result: no
configure:28561: checking that generated files are newer than configure
configure:28567: result: done
configure:28683: creating ./config.status

## ---------------------- ##
## Running config.status. ##
## ---------------------- ##

This file was extended by S/PHI/nX Accelerate Libraries config.status 2.11.13, which was
generated by GNU Autoconf 2.71.  Invocation command line was

  CONFIG_FILES    = 
  CONFIG_HEADERS  = 
  CONFIG_LINKS    = 
  CONFIG_COMMANDS = 
  $ ./config.status 

on Y76X0Q4QHW-MBP

config.status:1401: creating Makefile
config.status:1401: creating nonstd/Makefile
config.status:1401: creating util/Makefile
config.status:1401: creating util/examples/Makefile
config.status:1401: creating util/tests/Makefile
config.status:1401: creating graph/Makefile
config.status:1401: creating math/Makefile
config.status:1401: creating math/examples/Makefile
config.status:1401: creating math/tests/Makefile
config.status:1401: creating math/benchmarks/Makefile
config.status:1401: creating ipc/Makefile
config.status:1401: creating ipc/tests/Makefile
config.status:1401: creating ipc/examples/Makefile
config.status:1401: creating ipc/examples/plugins/Makefile
config.status:1401: creating fs/Makefile
config.status:1401: creating fs/examples/Makefile
config.status:1401: creating fs/tests/Makefile
config.status:1401: creating parserkit/Makefile
config.status:1401: creating parserkit/examples/Makefile
config.status:1401: creating parserkit/examples/01_hello/Makefile
config.status:1401: creating parserkit/examples/02_stateful_scanner/Makefile
config.status:1401: creating parserkit/examples/03_unicode/Makefile
config.status:1401: creating parserkit/examples/04_include_files/Makefile
config.status:1401: creating parserkit/examples/05_parser_stack/Makefile
config.status:1401: creating parserkit/examples/06_schema/Makefile
config.status:1401: creating json/Makefile
config.status:1401: creating json/examples/Makefile
config.status:1401: creating io/Makefile
config.status:1401: creating io/examples/Makefile
config.status:1401: creating io/examples/plugins/Makefile
config.status:1401: creating mpi/Makefile
config.status:1401: creating mpi/examples/Makefile
config.status:1401: creating apps/Makefile
config.status:1401: creating apps/libexec/Makefile
config.status:1401: creating apps/tests/Makefile
config.status:1401: creating apps/tests/bin/Makefile
config.status:1401: creating share/Makefile
config.status:1401: creating share/manual/Makefile
config.status:1401: creating share/manual/manual.sx
config.status:1401: creating share/manual/preamble.a4paper.tex
config.status:1401: creating share/manual/preamble.a5paper.tex
config.status:1401: creating share/manual/title.a4paper.tex
config.status:1401: creating share/manual/title.a5paper.tex
config.status:1401: creating system/Makefile
config.status:1401: creating system/sxwarnstat.pl
config.status:1401: creating system/Doxyfile
config.status:1401: creating gpu/Makefile
config.status:1401: creating system/sxmake
config.status:1401: creating util/SxUnixConfig.h
config.status:1630: executing depfiles commands
config.status:1707: cd nonstd       && sed -e '/# am--include-marker/d' Makefile         | make -f - am--depfiles
config.status:1712: $? = 0
config.status:1707: cd util       && sed -e '/# am--include-marker/d' Makefile         | make -f - am--depfiles
config.status:1712: $? = 0
config.status:1707: cd util/examples       && sed -e '/# am--include-marker/d' Makefile         | make -f - am--depfiles
config.status:1712: $? = 0
config.status:1707: cd util/tests       && sed -e '/# am--include-marker/d' Makefile         | make -f - am--depfiles
config.status:1712: $? = 0
config.status:1707: cd graph       && sed -e '/# am--include-marker/d' Makefile         | make -f - am--depfiles
config.status:1712: $? = 0
config.status:1707: cd math       && sed -e '/# am--include-marker/d' Makefile         | make -f - am--depfiles
config.status:1712: $? = 0
config.status:1707: cd math/examples       && sed -e '/# am--include-marker/d' Makefile         | make -f - am--depfiles
config.status:1712: $? = 0
config.status:1707: cd math/tests       && sed -e '/# am--include-marker/d' Makefile         | make -f - am--depfiles
config.status:1712: $? = 0
config.status:1707: cd math/benchmarks       && sed -e '/# am--include-marker/d' Makefile         | make -f - am--depfiles
config.status:1712: $? = 0
config.status:1707: cd ipc       && sed -e '/# am--include-marker/d' Makefile         | make -f - am--depfiles
config.status:1712: $? = 0
config.status:1707: cd ipc/tests       && sed -e '/# am--include-marker/d' Makefile         | make -f - am--depfiles
config.status:1712: $? = 0
config.status:1707: cd ipc/examples       && sed -e '/# am--include-marker/d' Makefile         | make -f - am--depfiles
config.status:1712: $? = 0
config.status:1707: cd ipc/examples/plugins       && sed -e '/# am--include-marker/d' Makefile         | make -f - am--depfiles
/Users/fonari/src/sphinx-mac/sphinx-3.1/sxaccelerate/src/system/make.am.apps:56: warning: overriding commands for target `distclean'
/var/folders/h8/y948pzrj75s93w8h3wp77wkw0000gq/T/GmvuCGCb:826: warning: ignoring old commands for target `distclean'
config.status:1712: $? = 0
config.status:1707: cd fs       && sed -e '/# am--include-marker/d' Makefile         | make -f - am--depfiles
config.status:1712: $? = 0
config.status:1707: cd fs/examples       && sed -e '/# am--include-marker/d' Makefile         | make -f - am--depfiles
config.status:1712: $? = 0
config.status:1707: cd fs/tests       && sed -e '/# am--include-marker/d' Makefile         | make -f - am--depfiles
config.status:1712: $? = 0
config.status:1707: cd parserkit       && sed -e '/# am--include-marker/d' Makefile         | make -f - am--depfiles
config.status:1712: $? = 0
config.status:1707: cd parserkit/examples       && sed -e '/# am--include-marker/d' Makefile         | make -f - am--depfiles
config.status:1712: $? = 0
config.status:1707: cd parserkit/examples/01_hello       && sed -e '/# am--include-marker/d' Makefile         | make -f - am--depfiles
config.status:1712: $? = 0
config.status:1707: cd parserkit/examples/02_stateful_scanner       && sed -e '/# am--include-marker/d' Makefile         | make -f - am--depfiles
config.status:1712: $? = 0
config.status:1707: cd parserkit/examples/03_unicode       && sed -e '/# am--include-marker/d' Makefile         | make -f - am--depfiles
config.status:1712: $? = 0
config.status:1707: cd parserkit/examples/04_include_files       && sed -e '/# am--include-marker/d' Makefile         | make -f - am--depfiles
config.status:1712: $? = 0
config.status:1707: cd parserkit/examples/05_parser_stack       && sed -e '/# am--include-marker/d' Makefile         | make -f - am--depfiles
config.status:1712: $? = 0
config.status:1707: cd parserkit/examples/06_schema       && sed -e '/# am--include-marker/d' Makefile         | make -f - am--depfiles
config.status:1712: $? = 0
config.status:1707: cd json       && sed -e '/# am--include-marker/d' Makefile         | make -f - am--depfiles
config.status:1712: $? = 0
config.status:1707: cd json/examples       && sed -e '/# am--include-marker/d' Makefile         | make -f - am--depfiles
config.status:1712: $? = 0
config.status:1707: cd io       && sed -e '/# am--include-marker/d' Makefile         | make -f - am--depfiles
config.status:1712: $? = 0
config.status:1707: cd io/examples       && sed -e '/# am--include-marker/d' Makefile         | make -f - am--depfiles
config.status:1712: $? = 0
config.status:1707: cd io/examples/plugins       && sed -e '/# am--include-marker/d' Makefile         | make -f - am--depfiles
config.status:1712: $? = 0
config.status:1707: cd mpi       && sed -e '/# am--include-marker/d' Makefile         | make -f - am--depfiles
config.status:1712: $? = 0
config.status:1707: cd mpi/examples       && sed -e '/# am--include-marker/d' Makefile         | make -f - am--depfiles
config.status:1712: $? = 0
config.status:1707: cd apps/libexec       && sed -e '/# am--include-marker/d' Makefile         | make -f - am--depfiles
config.status:1712: $? = 0
config.status:1707: cd apps/tests/bin       && sed -e '/# am--include-marker/d' Makefile         | make -f - am--depfiles
config.status:1712: $? = 0
config.status:1630: executing libtool commands
config.status:1630: executing chmodwarn commands
config.status:1630: executing helper commands
config.status:1630: executing sxmake commands

## ---------------- ##
## Cache variables. ##
## ---------------- ##

ac_cv_build=aarch64-apple-darwin23.6.0
ac_cv_c_bigendian=no
ac_cv_c_compiler_gnu=yes
ac_cv_c_undeclared_builtin_options='none needed'
ac_cv_cxx_compiler_gnu=yes
ac_cv_enable_acml=no
ac_cv_enable_acmlfft=no
ac_cv_enable_atlas=no
ac_cv_enable_cpuspecific=yes
ac_cv_enable_debug=no
ac_cv_enable_errorlimit=1
ac_cv_enable_fftw=no
ac_cv_enable_goto=no
ac_cv_enable_gpu=no
ac_cv_enable_hdf5=no
ac_cv_enable_logging=yes
ac_cv_enable_mkl=yes
ac_cv_enable_mklfft=yes
ac_cv_enable_mpi=no
ac_cv_enable_netcdf4=no
ac_cv_enable_netlib=no
ac_cv_enable_numlibschecks=no
ac_cv_enable_openmp=no
ac_cv_enable_parnetcdf4=no
ac_cv_enable_pcre2=auto
ac_cv_enable_profile=no
ac_cv_enable_staticlibc=no
ac_cv_enable_sxqdoc=no
ac_cv_env_CCC_set=
ac_cv_env_CCC_value=
ac_cv_env_CC_set=set
ac_cv_env_CC_value=clang
ac_cv_env_CFLAGS_set=
ac_cv_env_CFLAGS_value=
ac_cv_env_CPPFLAGS_set=
ac_cv_env_CPPFLAGS_value=
ac_cv_env_CXXCPP_set=
ac_cv_env_CXXCPP_value=
ac_cv_env_CXXFLAGS_set=
ac_cv_env_CXXFLAGS_value=
ac_cv_env_CXX_M_ARCH_set=
ac_cv_env_CXX_M_ARCH_value=
ac_cv_env_CXX_set=set
ac_cv_env_CXX_value=clang++
ac_cv_env_DIST_OS_set=
ac_cv_env_DIST_OS_value=
ac_cv_env_LDFLAGS_set=
ac_cv_env_LDFLAGS_value=
ac_cv_env_LIBS_set=
ac_cv_env_LIBS_value=
ac_cv_env_LT_SYS_LIBRARY_PATH_set=
ac_cv_env_LT_SYS_LIBRARY_PATH_value=
ac_cv_env_OBJCXXFLAGS_set=
ac_cv_env_OBJCXXFLAGS_value=
ac_cv_env_OBJCXX_set=
ac_cv_env_OBJCXX_value=
ac_cv_env_YACC_set=
ac_cv_env_YACC_value=
ac_cv_env_YFLAGS_set=
ac_cv_env_YFLAGS_value=
ac_cv_env_build_alias_set=
ac_cv_env_build_alias_value=
ac_cv_env_host_alias_set=
ac_cv_env_host_alias_value=
ac_cv_env_target_alias_set=
ac_cv_env_target_alias_value=
ac_cv_file__Users_fonari_src_2026_2_schrodinger_buildenv_packages__pixi_envs_schrodinger_mkl_2020_0_166_include_mkl_h=yes
ac_cv_file__Users_fonari_src_2026_2_schrodinger_buildenv_packages__pixi_envs_schrodinger_mkl_2020_0_166_lib_libmkl_core_dylib=yes
ac_cv_func_dnrm2=yes
ac_cv_func_lround=yes
ac_cv_func_mkstemp=yes
ac_cv_func_posix_memalign=yes
ac_cv_func_round=yes
ac_cv_func_sincos=no
ac_cv_func_strerror_r_char_p=no
ac_cv_have_decl_strerror_r=yes
ac_cv_header_arpa_inet_h=yes
ac_cv_header_dlfcn_h=yes
ac_cv_header_fcntl_h=yes
ac_cv_header_inttypes_h=yes
ac_cv_header_netdb_h=yes
ac_cv_header_netinet_in_h=yes
ac_cv_header_pcre2_h=no
ac_cv_header_signal_h=yes
ac_cv_header_stdint_h=yes
ac_cv_header_stdio_h=yes
ac_cv_header_stdlib_h=yes
ac_cv_header_string_h=yes
ac_cv_header_strings_h=yes
ac_cv_header_sys_resource_h=yes
ac_cv_header_sys_socket_h=yes
ac_cv_header_sys_stat_h=yes
ac_cv_header_sys_time_h=yes
ac_cv_header_sys_types_h=yes
ac_cv_header_sys_wait_h=yes
ac_cv_header_unistd_h=yes
ac_cv_header_winsock2_h=no
ac_cv_header_winsock_h=no
ac_cv_host=aarch64-apple-darwin23.6.0
ac_cv_lib_dl_dlopen=yes
ac_cv_lib_gfortran__gfortran_copy_string=no
ac_cv_lib_gfortran_rand=no
ac_cv_lib_lex='none needed'
ac_cv_lib_pthreadGCE2_pthread_create=no
ac_cv_lib_pthread_pthread_create=yes
ac_cv_objcxx_compiler_gnu=yes
ac_cv_objext=o
ac_cv_path_AWK=/usr/bin/awk
ac_cv_path_EGREP='/usr/bin/grep -E'
ac_cv_path_FGREP='/usr/bin/grep -F'
ac_cv_path_GREP=/usr/bin/grep
ac_cv_path_SED=/usr/bin/sed
ac_cv_path_TAIL=/usr/bin/tail
ac_cv_path_ZCAT=/usr/bin/gzcat
ac_cv_path_ac_pt_FIND=/usr/bin/find
ac_cv_path_ac_pt_GREP=/usr/bin/grep
ac_cv_path_ac_pt_PERL=/Users/fonari/src/2026-2/schrodinger_buildenv_packages/.pixi/envs/schrodinger/perl-5.14.2-sdk1012/bin/perl
ac_cv_path_ac_pt_RM=/bin/rm
ac_cv_path_install='/usr/bin/install -c'
ac_cv_path_lt_DD=/bin/dd
ac_cv_prog_AWK=awk
ac_cv_prog_CXXCPP='clang++ -E'
ac_cv_prog_LDD='otool -L'
ac_cv_prog_LEX=flex
ac_cv_prog_YACC='bison -y'
ac_cv_prog_ac_ct_AR=ar
ac_cv_prog_ac_ct_CC=clang
ac_cv_prog_ac_ct_DSYMUTIL=dsymutil
ac_cv_prog_ac_ct_LIPO=lipo
ac_cv_prog_ac_ct_NMEDIT=nmedit
ac_cv_prog_ac_ct_OBJCXX=clang++
ac_cv_prog_ac_ct_OBJDUMP=objdump
ac_cv_prog_ac_ct_OTOOL=otool
ac_cv_prog_ac_ct_RANLIB=ranlib
ac_cv_prog_ac_ct_STRIP=strip
ac_cv_prog_cc_c11=
ac_cv_prog_cc_g=yes
ac_cv_prog_cc_stdc=
ac_cv_prog_cxx_11=no
ac_cv_prog_cxx_g=yes
ac_cv_prog_cxx_stdcxx=
ac_cv_prog_lex_root=lex.yy
ac_cv_prog_lex_yytext_pointer=yes
ac_cv_prog_make_make_set=yes
ac_cv_prog_objcxx_g=yes
ac_cv_sizeof_voidp=8
ac_cv_with_apps=yes
ac_cv_with_bintarget=
ac_cv_with_cuda=/usr/local/cuda
ac_cv_with_examples=no
ac_cv_with_mklpath=/Users/fonari/src/2026-2/schrodinger_buildenv_packages/.pixi/envs/schrodinger/mkl-2020.0.166/include:/Users/fonari/src/2026-2/schrodinger_buildenv_packages/.pixi/envs/schrodinger/mkl-2020.0.166/lib
ac_cv_with_numlibs=/Users/fonari/src/sphinx-mac/sphinx-3.1/../netcdf/netcdf-c-4.8.1/install_dn
ac_cv_with_sxmath=yes
ac_cv_with_tests=no
am_cv_CC_dependencies_compiler_type=gcc3
am_cv_CXX_dependencies_compiler_type=gcc3
am_cv_OBJCXX_dependencies_compiler_type=gcc3
am_cv_make_support_nested_variables=yes
am_cv_prog_cc_c_o=yes
lt_cv_apple_cc_single_mod=no
lt_cv_ar_at_file=no
lt_cv_deplibs_check_method=pass_all
lt_cv_file_magic_cmd='$MAGIC_CMD'
lt_cv_file_magic_test_file=
lt_cv_ld_exported_symbols_list=yes
lt_cv_ld_force_load=yes
lt_cv_ld_reload_flag=-r
lt_cv_nm_interface='BSD nm'
lt_cv_objdir=.libs
lt_cv_path_LD=/Applications/Xcode.app/Contents/Developer/Toolchains/XcodeDefault.xctoolchain/usr/bin/ld
lt_cv_path_LDCXX=/Applications/Xcode.app/Contents/Developer/Toolchains/XcodeDefault.xctoolchain/usr/bin/ld
lt_cv_path_NM='/usr/bin/nm -B'
lt_cv_path_mainfest_tool=no
lt_cv_prog_compiler_c_o=yes
lt_cv_prog_compiler_c_o_CXX=yes
lt_cv_prog_compiler_pic='-fno-common -DPIC'
lt_cv_prog_compiler_pic_CXX='-fno-common -DPIC'
lt_cv_prog_compiler_pic_works=yes
lt_cv_prog_compiler_pic_works_CXX=yes
lt_cv_prog_compiler_rtti_exceptions=yes
lt_cv_prog_compiler_static_works=no
lt_cv_prog_compiler_static_works_CXX=no
lt_cv_prog_gnu_ld=no
lt_cv_prog_gnu_ldcxx=no
lt_cv_sharedlib_from_linklib_cmd='printf %s\n'
lt_cv_sys_global_symbol_pipe='sed -n -e '\''s/^.*[	 ]\([ABCDGIRSTW][ABCDGIRSTW]*\)[	 ][	 ]*_\([_A-Za-z][_A-Za-z0-9]*\)$/\1 _\2 \2/p'\'' | sed '\''/ __gnu_lto/d'\'''
lt_cv_sys_global_symbol_to_c_name_address='sed -n -e '\''s/^: \(.*\) .*$/  {"\1", (void *) 0},/p'\'' -e '\''s/^[ABCDGIRSTW][ABCDGIRSTW]* .* \(.*\)$/  {"\1", (void *) \&\1},/p'\'''
lt_cv_sys_global_symbol_to_c_name_address_lib_prefix='sed -n -e '\''s/^: \(.*\) .*$/  {"\1", (void *) 0},/p'\'' -e '\''s/^[ABCDGIRSTW][ABCDGIRSTW]* .* \(lib.*\)$/  {"\1", (void *) \&\1},/p'\'' -e '\''s/^[ABCDGIRSTW][ABCDGIRSTW]* .* \(.*\)$/  {"lib\1", (void *) \&\1},/p'\'''
lt_cv_sys_global_symbol_to_cdecl='sed -n -e '\''s/^T .* \(.*\)$/extern int \1();/p'\'' -e '\''s/^[ABCDGIRSTW][ABCDGIRSTW]* .* \(.*\)$/extern char \1;/p'\'''
lt_cv_sys_global_symbol_to_import=
lt_cv_sys_max_cmd_len=786432
lt_cv_to_host_file_cmd=func_convert_file_noop
lt_cv_to_tool_file_cmd=func_convert_file_noop
lt_cv_truncate_bin='/bin/dd bs=4096 count=1'

## ----------------- ##
## Output variables. ##
## ----------------- ##

ACLOCAL='${SHELL} '\''/Users/fonari/src/sphinx-mac/sphinx-3.1/sxaccelerate/src/missing'\'' aclocal-1.16'
AMDEPBACKSLASH='\'
AMDEP_FALSE='#'
AMDEP_TRUE=''
AMTAR='$${TAR-tar}'
AM_BACKSLASH='\'
AM_CXXFLAGS='-Wall -O3 -march=native -fpermissive -flax-vector-conversions -pipe -Wno-variadic-macros -DNDEBUG -D_REENTRANT'
AM_DEFAULT_V='$(AM_DEFAULT_VERBOSITY)'
AM_DEFAULT_VERBOSITY='1'
AM_V='$(V)'
AR='ar'
AS='as'
AUTOCONF='${SHELL} '\''/Users/fonari/src/sphinx-mac/sphinx-3.1/sxaccelerate/src/missing'\'' autoconf'
AUTOHEADER='${SHELL} '\''/Users/fonari/src/sphinx-mac/sphinx-3.1/sxaccelerate/src/missing'\'' autoheader'
AUTOMAKE='${SHELL} '\''/Users/fonari/src/sphinx-mac/sphinx-3.1/sxaccelerate/src/missing'\'' automake-1.16'
AWK='/usr/bin/awk'
BUILD_DARWIN_FALSE='#'
BUILD_DARWIN_TRUE=''
BUILD_LINUX_FALSE=''
BUILD_LINUX_TRUE='#'
BUILD_SHAREDLIBS_FALSE='#'
BUILD_SHAREDLIBS_TRUE=''
CC='clang'
CCDEPMODE='depmode=gcc3'
CFLAGS='-Wall -O3 -march=native -fpermissive -flax-vector-conversions -pipe -Wno-variadic-macros -DNDEBUG -D_REENTRANT'
COND_BUILD_ANDROID_FALSE=''
COND_BUILD_ANDROID_TRUE='#'
COND_BUILD_APPS_FALSE='#'
COND_BUILD_APPS_TRUE=''
COND_BUILD_EXAMPLES_FALSE=''
COND_BUILD_EXAMPLES_TRUE='#'
COND_BUILD_IOS_FALSE=''
COND_BUILD_IOS_TRUE='#'
COND_BUILD_MOBILE_FALSE=''
COND_BUILD_MOBILE_TRUE='#'
COND_BUILD_SXDOC_FALSE=''
COND_BUILD_SXDOC_TRUE='#'
COND_BUILD_SXMATH_FALSE='#'
COND_BUILD_SXMATH_TRUE=''
COND_BUILD_TESTS_FALSE=''
COND_BUILD_TESTS_TRUE='#'
COND_BUILD_WIN32_FALSE=''
COND_BUILD_WIN32_TRUE='#'
COND_GPU_FALSE=''
COND_GPU_TRUE='#'
COND_MPI_FALSE=''
COND_MPI_TRUE='#'
CPPFLAGS=' -I/Users/fonari/src/sphinx-mac/netcdf/netcdf-c-4.8.1/install_dn/include -I/Users/fonari/src/2026-2/schrodinger_buildenv_packages/.pixi/envs/schrodinger/mkl-2020.0.166/include'
CP_A='/bin/cp -pR'
CSCOPE='cscope'
CTAGS='ctags'
CUDA='/usr/local/cuda'
CUDA_CFLAGS=''
CUDA_LDFLAGS=''
CUDA_LIBS=''
CXX='clang++'
CXXCPP='clang++ -E'
CXXDEPMODE='depmode=gcc3'
CXXFLAGS='-Wall -O3 -march=native -fpermissive -flax-vector-conversions -pipe -Wno-variadic-macros -DNDEBUG -D_REENTRANT'
CXXLD='clang++'
CXX_M_ARCH='-march=native'
CXX_PEDANTIC='-std=c++14 -pedantic -Wconversion -Wredundant-decls -Wno-long-long'
CXX_WARNING_IS_ERROR='-Werror -Wfatal-errors'
CYGPATH_W='echo'
DBG_MODE='no'
DEFS='-DHAVE_CONFIG_H'
DEPDIR='.deps'
DIST_MAJOR=''
DIST_MINOR=''
DIST_NAME='MacOSX'
DIST_OS='Darwin'
DIST_PATCH='0'
DIST_REPO_VER='.'
DIST_VERSION=''
DLLLIBEXT='.dylib'
DLLTOOL='false'
DOXYGEN=''
DOXYWIZARD=''
DSYMUTIL='dsymutil'
DUMPBIN=''
DVIPS=''
ECHO_C='\c'
ECHO_N=''
ECHO_T=''
EGREP='/usr/bin/grep -E'
ETAGS='etags'
EXEEXT=''
FGREP='/usr/bin/grep -F'
FIND='/usr/bin/find'
GCCERRORLIMIT='1'
GDB=''
GREP='/usr/bin/grep'
IMPLIBEXT='.dylib'
INSTALL_DATA='${INSTALL} -m 644'
INSTALL_PROGRAM='${INSTALL}'
INSTALL_SCRIPT='${INSTALL}'
INSTALL_STRIP_PROGRAM='$(install_sh) -c -s'
LATEX=''
LD='/Applications/Xcode.app/Contents/Developer/Toolchains/XcodeDefault.xctoolchain/usr/bin/ld'
LDD='otool -L'
LDD_AWK_COL='1'
LDFLAGS='-L/Users/fonari/src/2026-2/schrodinger_buildenv_packages/.pixi/envs/schrodinger/mkl-2020.0.166/lib -Wl,-rpath,/Users/fonari/src/2026-2/schrodinger_buildenv_packages/.pixi/envs/schrodinger/mkl-2020.0.166/lib  -L/Users/fonari/src/sphinx-mac/netcdf/netcdf-c-4.8.1/install_dn/lib'
LEX='flex'
LEXLIB=''
LEX_CXXFLAGS='-Wno-conversion -Wno-redundant-decls -Wno-unused -Wno-unused-parameter -Wno-sign-compare'
LEX_OUTPUT_ROOT='lex.yy'
LIBEXT='dylib'
LIBOBJS=''
LIBS=' -framework CoreFoundation -ldl -lpthread'
LIBTOOL='$(SHELL) $(top_builddir)/libtool'
LIPO='lipo'
LN_S='ln -s'
LTLIBOBJS=''
LT_SYS_LIBRARY_PATH=''
MACHINE_SPECIFIC='yes'
MAKEINFO='${SHELL} '\''/Users/fonari/src/sphinx-mac/sphinx-3.1/sxaccelerate/src/missing'\'' makeinfo'
MAKE_SILENT_ARGS='-s'
MANIFEST_TOOL=':'
MEMTRACER=''
MKDIR_P='./install-sh -c -d'
MKLPATH='/Users/fonari/src/2026-2/schrodinger_buildenv_packages/.pixi/envs/schrodinger/mkl-2020.0.166/include:/Users/fonari/src/2026-2/schrodinger_buildenv_packages/.pixi/envs/schrodinger/mkl-2020.0.166/lib'
MODE=''
MPICC=''
MPICXX=''
NM='/usr/bin/nm -B'
NMEDIT='nmedit'
NUMLIBS='/Users/fonari/src/sphinx-mac/sphinx-3.1/../netcdf/netcdf-c-4.8.1/install_dn'
NUMLIBS_CHECKS='no'
NVCC=''
OBJCXX='clang++'
OBJCXXDEPMODE='depmode=gcc3'
OBJCXXFLAGS='-g -O2'
OBJDUMP='objdump'
OBJEXT='o'
OTOOL64=':'
OTOOL='otool'
PACKAGE='sxaccelerate'
PACKAGE_BUGREPORT='https://www.sxlib.de'
PACKAGE_NAME='S/PHI/nX Accelerate Libraries'
PACKAGE_STRING='S/PHI/nX Accelerate Libraries 2.11.13'
PACKAGE_TARNAME='sxaccelerate'
PACKAGE_URL=''
PACKAGE_VERSION='2.11.13'
PATH_SEPARATOR=':'
PERL='/Users/fonari/src/2026-2/schrodinger_buildenv_packages/.pixi/envs/schrodinger/perl-5.14.2-sdk1012/bin/perl'
PKG_TYPE='pkg'
PROCESSOR='x86_64'
PRO_MODE='no'
PS2PDF=''
RANLIB='ranlib'
REPOPROC='x86_64'
RM='/bin/rm'
SED='/usr/bin/sed'
SET_MAKE=''
SHARED_VERSION_INFO='1:0:0'
SHELL='/bin/sh'
STATIC_LIBC='no'
STRIP='strip'
SUBDIRS=''
SXACCELERATE='/Users/fonari/src/sphinx-mac/sphinx-3.1/install_dn'
SXACCELERATE_BUILD='/Users/fonari/src/sphinx-mac/sphinx-3.1/sxaccelerate/src'
SXACCELERATE_SRC='/Users/fonari/src/sphinx-mac/sphinx-3.1/sxaccelerate/src'
SXBASE='$(abs_top_srcdir)'
SXBINTARGET=''
SXCLIDOC=''
SXGET_RC='/Users/fonari/src/sphinx-mac/sphinx-3.1/sxaccelerate/src/add-ons/sxget.rc'
SXLIBTOOL='/Users/fonari/src/sphinx-mac/sphinx-3.1/sxaccelerate/src/libtool'
SXPUBLISHER=''
SXQDIR=''
SXSTDDOC=''
SXSTDVIM=''
SX_BLAS_LIBS='-lmkl_intel_lp64 -lmkl_core -lmkl_sequential -ldl -ldl -lpthread -lm  -lm  -framework CoreFoundation -ldl -lpthread'
SX_FFT_LIBS=''
SX_NETCDF_LIBS='-lnetcdf'
SX_PARAM_ACML='no'
SX_PARAM_ACMLFFT='no'
SX_PARAM_ATLAS='no'
SX_PARAM_FFTW='no'
SX_PARAM_MKL='yes'
SX_PARAM_MKLFFT='yes'
SX_PARAM_NETLIB='no'
SX_PARAM_NUMLIBS=''
SX_PARAM_SXMATH=''
SX_SHORTCUT_LIBS=''
TAIL='/usr/bin/tail'
THREADTRACER=''
TODAY='01/31/26'
UNAME='Darwin'
USE_ACML='no'
USE_ACML_FFT='no'
USE_ATLAS='no'
USE_FFTW='no'
USE_GOTO='no'
USE_GPU='no'
USE_HDF5='no'
USE_INTEL_MKL='yes'
USE_MKL_FFT='yes'
USE_MPI='no'
USE_NETCDF4='no'
USE_NETLIB='no'
USE_OPENMP='no'
USE_PARALLEL_NETCDF4='no'
USE_PCRE2='auto'
USE_SXMATH='yes'
USE_SXQDOC='no'
USE_SX_LOG='yes'
VERSION='2.11.13'
WHOAMI='fonari'
WITH_APPS='yes'
WITH_DBGDIR=''
WITH_EXAMPLES='no'
WITH_TESTS='no'
YACC='bison -y'
YFLAGS=''
ZCAT='/usr/bin/gzcat'
abs_top_builddir='/Users/fonari'
abs_top_srcdir='/Users/fonari'
ac_ct_AR='ar'
ac_ct_CC='clang'
ac_ct_CXX=''
ac_ct_DUMPBIN=''
ac_ct_GDB=''
ac_ct_MPICC=''
ac_ct_MPICXX=''
ac_ct_OBJCXX='clang++'
am__EXEEXT_FALSE=''
am__EXEEXT_TRUE='#'
am__fastdepCC_FALSE='#'
am__fastdepCC_TRUE=''
am__fastdepCXX_FALSE='#'
am__fastdepCXX_TRUE=''
am__fastdepOBJCXX_FALSE='#'
am__fastdepOBJCXX_TRUE=''
am__include='include'
am__isrc=''
am__leading_dot='.'
am__nodep='_no'
am__quote=''
am__tar='$${TAR-tar} chof - "$$tardir"'
am__untar='$${TAR-tar} xf -'
bindir='${exec_prefix}/bin'
build='aarch64-apple-darwin23.6.0'
build_alias=''
build_cpu='aarch64'
build_os='darwin23.6.0'
build_vendor='apple'
datadir='${datarootdir}'
datarootdir='${prefix}/share'
docdir='${datarootdir}/doc/${PACKAGE_TARNAME}'
dvidir='${docdir}'
exec_prefix='${prefix}'
host='aarch64-apple-darwin23.6.0'
host_alias=''
host_cpu='aarch64'
host_os='darwin23.6.0'
host_vendor='apple'
htmldir='${docdir}'
includedir='${prefix}/include'
infodir='${datarootdir}/info'
install_sh='${SHELL} /Users/fonari/src/sphinx-mac/sphinx-3.1/sxaccelerate/src/install-sh'
libdir='${exec_prefix}/lib'
libexecdir='${exec_prefix}/libexec'
localedir='${datarootdir}/locale'
localstatedir='${prefix}/var'
mandir='${datarootdir}/man'
mkdir_p='$(MKDIR_P)'
oldincludedir='/usr/include'
pdfdir='${docdir}'
prefix='/Users/fonari/src/sphinx-mac/sphinx-3.1/install_dn'
program_transform_name='s,x,x,'
psdir='${docdir}'
runstatedir='${localstatedir}/run'
sbindir='${exec_prefix}/sbin'
sharedstatedir='${prefix}/com'
sysconfdir='${prefix}/etc'
target_alias=''

## ----------- ##
## confdefs.h. ##
## ----------- ##

/* confdefs.h */
#define PACKAGE_NAME "S/PHI/nX Accelerate Libraries"
#define PACKAGE_TARNAME "sxaccelerate"
#define PACKAGE_VERSION "2.11.13"
#define PACKAGE_STRING "S/PHI/nX Accelerate Libraries 2.11.13"
#define PACKAGE_BUGREPORT "https://www.sxlib.de"
#define PACKAGE_URL ""
#define PACKAGE "sxaccelerate"
#define VERSION "2.11.13"
#define WITH_APPS /**/
#define WITH_APPS /**/
#define USE_SXMATH /**/
#define USE_SXMATH /**/
#define HAVE_STDIO_H 1
#define HAVE_STDLIB_H 1
#define HAVE_STRING_H 1
#define HAVE_INTTYPES_H 1
#define HAVE_STDINT_H 1
#define HAVE_STRINGS_H 1
#define HAVE_SYS_STAT_H 1
#define HAVE_SYS_TYPES_H 1
#define HAVE_UNISTD_H 1
#define STDC_HEADERS 1
#define SIZEOF_VOIDP 8
#define HAS_64BIT "1"
#define UNAME "Darwin"
#define PROCESSOR "x86_64"
#define WHOAMI "fonari"
#define GDB ""
#define MEMTRACER ""
#define THREADTRACER ""
#define DIST_OS "Darwin"
#define DIST_NAME "MacOSX"
#define DIST_VERSION ""
#define DIST_VERSION_L 0L 
#define DIST_MAJOR ""
#define DIST_MINOR ""
#define DIST_PATCH "0"
#define DIST_REPO_VER "."
#define PKG_TYPE "pkg"
#define REPOPROC "x86_64"
#define SXBINTARGET ""
#define SXACCELERATE_SRC "/Users/fonari/src/sphinx-mac/sphinx-3.1/sxaccelerate/src"
#define SXACCELERATE_BUILD "/Users/fonari/src/sphinx-mac/sphinx-3.1/sxaccelerate/src"
#define YYTEXT_POINTER 1
#define SXQDIR ""
#define USE_SX_LOG /**/
#define MACHINE_SPECIFIC /**/
#define MACOSX "1"
#define HAVE_ROUND 1
#define HAVE_LROUND 1
#define CXX "clang++"
#define CXXFLAGS "-Wall -O3 -march=native -fpermissive -flax-vector-conversions -pipe -Wno-variadic-macros -DNDEBUG -D_REENTRANT"
#define CXXVERSION "Apple clang version 16.0.0 (clang-1600.0.26.6)"
#define F77 ""
#define FFLAGS ""
#define HAVE_DLFCN_H 1
#define LT_OBJDIR ".libs/"
#define HAVE_SYS_WAIT_H 1
#define HAVE_ARPA_INET_H 1
#define HAVE_FCNTL_H 1
#define HAVE_NETDB_H 1
#define HAVE_NETINET_IN_H 1
#define HAVE_STDLIB_H 1
#define HAVE_SIGNAL_H 1
#define HAVE_STRING_H 1
#define HAVE_SYS_SOCKET_H 1
#define HAVE_SYS_TYPES_H 1
#define HAVE_SYS_TIME_H 1
#define HAVE_SYS_WAIT_H 1
#define HAVE_SYS_RESOURCE_H 1
#define HAVE_UNISTD_H 1
#define USE_INTEL_MKL /**/
#define USE_MKL_FFT /**/
#define SXCOPYRIGHT "| S/PHI/nX utilizes the following 3rd-party libraries:\n|    - Intel MKL       http://software.intel.com/en-us/intel-mkl\n|    - Flex            http://flex.sourceforge.net\n|    - NetCDF          http://www.unidata.ucar.edu/software/netcdf\n"
#define HAVE_MKSTEMP 1
#define HAVE_POSIX_MEMALIGN 1
#define HAVE_DECL_STRERROR_R 1
#define HAVE_STRERROR_R 1

configure: exit 0
