This file contains any messages produced by compilers while
running configure, to aid debugging if configure makes a mistake.

It was created by S/PHI/nX Accelerate Libraries configure 2.11.13, which was
generated by GNU Autoconf 2.71.  Invocation command line was

  $ ./configure --disable-option-checking --prefix=/Users/fonari/src/sphinx-mac/sphinx-3.1.2/install_dn --with-sxmath --disable-debug --enable-mkl --enable-mklfft --with-mklpath=/Users/fonari/src/2026-2/schrodinger_buildenv_packages/.pixi/envs/schrodinger/mkl-2020.0.166/include:/Users/fonari/src/2026-2/schrodinger_buildenv_packages/.pixi/envs/schrodinger/mkl-2020.0.166/lib --with-numlibs=PWD/../netcdf/netcdf-c-4.8.1/install_dn --disable-openmp --disable-mpi --disable-numlibschecks --cache-file=/dev/null --srcdir=.

## --------- ##
## Platform. ##
## --------- ##

hostname = Y76X0Q4QHW-MBP
uname -m = arm64
uname -r = 23.6.0
uname -s = Darwin
uname -v = Darwin Kernel Version 23.6.0: Wed Oct 15 21:13:51 PDT 2025; root:xnu-10063.141.1.707.11~1/RELEASE_ARM64_T6020

/usr/bin/uname -p = arm
/bin/uname -X     = unknown

/bin/arch              = unknown
/usr/bin/arch -k       = unknown
/usr/convex/getsysinfo = unknown
/usr/bin/hostinfo      = Mach kernel version:
	 Darwin Kernel Version 23.6.0: Wed Oct 15 21:13:51 PDT 2025; root:xnu-10063.141.1.707.11~1/RELEASE_ARM64_T6020
Kernel configured for up to 12 processors.
12 processors are physically available.
12 processors are logically available.
Processor type: arm64e (ARM64E)
Processors active: 0 1 2 3 4 5 6 7 8 9 10 11
Primary memory available: 32.00 gigabytes
Default processor set: 682 tasks, 4494 threads, 12 processors
Load average: 7.03, Mach factor: 5.69
/bin/machine           = unknown
/usr/bin/oslevel       = unknown
/bin/universe          = unknown

PATH: /Users/fonari/src/2026-2/schrodinger_buildenv_packages/.pixi/envs/schrodinger/clang_tools-14.0.6/bin/
PATH: /Users/fonari/src/2026-2/buildvenv/82fbb9c/bin/
PATH: /Users/fonari/src/2026-2/schrodinger_buildenv_packages/.pixi/envs/schrodinger/qt-6.5.8/bin/
PATH: /Users/fonari/src/2026-2/schrodinger_buildenv_packages/.pixi/envs/schrodinger/perl-5.14.2-sdk1012/bin/
PATH: /Users/fonari/src/2026-2/schrodinger_buildenv_packages/.pixi/envs/schrodinger/perceptualdiff-1.1.1/
PATH: /Users/fonari/src/2026-2/schrodinger_buildenv_packages/.pixi/envs/schrodinger/ifort_2022.0.0/bin/intel64/
PATH: /Users/fonari/src/2026-2/schrodinger_buildenv_packages/.pixi/envs/schrodinger/grpc-1.62.3/bin/
PATH: /Users/fonari/src/2026-2/schrodinger_buildenv_packages/.pixi/envs/schrodinger/protobuf-25.7/bin/
PATH: /Users/fonari/src/2026-2/schrodinger_buildenv_packages/.pixi/envs/schrodinger/go-1.25.4/bin/
PATH: /Users/fonari/src/2026-2/schrodinger_buildenv_packages/.pixi/envs/schrodinger/python-3.11.4/bin/
PATH: /opt/homebrew/bin/
PATH: /opt/homebrew/sbin/
PATH: /Users/fonari/.local/bin/
PATH: /Users/fonari/Library/Python/3.9/bin/
PATH: /usr/local/bin/
PATH: /System/Cryptexes/App/usr/bin/
PATH: /usr/bin/
PATH: /bin/
PATH: /usr/sbin/
PATH: /sbin/
PATH: /var/run/com.apple.security.cryptexd/codex.system/bootstrap/usr/local/bin/
PATH: /var/run/com.apple.security.cryptexd/codex.system/bootstrap/usr/bin/
PATH: /var/run/com.apple.security.cryptexd/codex.system/bootstrap/usr/appleinternal/bin/
PATH: /opt/X11/bin/
PATH: /Library/Apple/usr/bin/


## ----------- ##
## Core tests. ##
## ----------- ##

configure:3287: looking for aux files: ltmain.sh compile missing install-sh config.guess config.sub
configure:3300:  trying ./
configure:3329:   ./ltmain.sh found
configure:3329:   ./compile found
configure:3329:   ./missing found
configure:3311:   ./install-sh found
configure:3329:   ./config.guess found
configure:3329:   ./config.sub found
configure:3450: checking build system type
configure:3465: result: aarch64-apple-darwin23.6.0
configure:3485: checking host system type
configure:3499: result: aarch64-apple-darwin23.6.0
configure:3541: checking for a BSD-compatible install
configure:3614: result: /usr/bin/install -c
configure:3625: checking whether build environment is sane
configure:3680: result: yes
configure:3839: checking for a race-free mkdir -p
configure:3883: result: ./install-sh -c -d
configure:3890: checking for gawk
configure:3925: result: no
configure:3890: checking for mawk
configure:3925: result: no
configure:3890: checking for nawk
configure:3925: result: no
configure:3890: checking for awk
configure:3911: found /usr/bin/awk
configure:3922: result: awk
configure:3933: checking whether make sets $(MAKE)
configure:3956: result: yes
configure:3986: checking whether make supports nested variables
configure:4004: result: yes
configure:4272: checking whether to use examples
configure:4280: result: no
configure:4316: checking whether to use apps
configure:4324: result: yes
configure:4360: checking whether to use sxmath
configure:4368: result: yes
configure:4404: checking whether to use tests
configure:4412: result: no
configure:4486: checking whether make supports the include directive
configure:4501: make -f confmf.GNU && cat confinc.out
this is the am__doit target
configure:4504: $? = 0
configure:4523: result: yes (GNU style)
configure:4599: checking for gcc
configure:4631: result: clang
configure:4984: checking for C compiler version
configure:4993: clang --version >&5
Apple clang version 16.0.0 (clang-1600.0.26.6)
Target: x86_64-apple-darwin23.6.0
Thread model: posix
InstalledDir: /Applications/Xcode.app/Contents/Developer/Toolchains/XcodeDefault.xctoolchain/usr/bin
configure:5004: $? = 0
configure:4993: clang -v >&5
Apple clang version 16.0.0 (clang-1600.0.26.6)
Target: x86_64-apple-darwin23.6.0
Thread model: posix
InstalledDir: /Applications/Xcode.app/Contents/Developer/Toolchains/XcodeDefault.xctoolchain/usr/bin
configure:5004: $? = 0
configure:4993: clang -V >&5
clang: error: argument to '-V' is missing (expected 1 value)
clang: error: no input files
configure:5004: $? = 1
configure:4993: clang -qversion >&5
clang: error: unknown argument '-qversion'; did you mean '--version'?
clang: error: no input files
configure:5004: $? = 1
configure:4993: clang -version >&5
clang: error: unknown argument '-version'; did you mean '--version'?
clang: error: no input files
configure:5004: $? = 1
configure:5024: checking whether the C compiler works
configure:5046: clang    conftest.c  >&5
configure:5050: $? = 0
configure:5100: result: yes
configure:5103: checking for C compiler default output file name
configure:5105: result: a.out
configure:5111: checking for suffix of executables
configure:5118: clang -o conftest    conftest.c  >&5
configure:5122: $? = 0
configure:5145: result: 
configure:5167: checking whether we are cross compiling
configure:5175: clang -o conftest    conftest.c  >&5
configure:5179: $? = 0
configure:5186: ./conftest
configure:5190: $? = 0
configure:5205: result: no
configure:5210: checking for suffix of object files
configure:5233: clang -c   conftest.c >&5
configure:5237: $? = 0
configure:5259: result: o
configure:5263: checking whether the compiler supports GNU C
configure:5283: clang -c   conftest.c >&5
configure:5283: $? = 0
configure:5293: result: yes
configure:5304: checking whether clang accepts -g
configure:5325: clang -c -g  conftest.c >&5
configure:5325: $? = 0
configure:5369: result: yes
configure:5389: checking for clang option to enable C11 features
configure:5404: clang  -c -g -O2  conftest.c >&5
conftest.c:29:14: warning: a function definition without a prototype is deprecated in all versions of C and is not supported in C2x [-Wdeprecated-non-prototype]
   29 | static char *e (p, i)
      |              ^
1 warning generated.
configure:5404: $? = 0
configure:5422: result: none needed
configure:5538: checking whether clang understands -c and -o together
configure:5561: clang -c conftest.c -o conftest2.o
configure:5564: $? = 0
configure:5561: clang -c conftest.c -o conftest2.o
configure:5564: $? = 0
configure:5576: result: yes
configure:5595: checking dependency style of clang
configure:5707: result: gcc3
configure:5727: checking for stdio.h
configure:5727: clang -c -g -O2  conftest.c >&5
configure:5727: $? = 0
configure:5727: result: yes
configure:5727: checking for stdlib.h
configure:5727: clang -c -g -O2  conftest.c >&5
configure:5727: $? = 0
configure:5727: result: yes
configure:5727: checking for string.h
configure:5727: clang -c -g -O2  conftest.c >&5
configure:5727: $? = 0
configure:5727: result: yes
configure:5727: checking for inttypes.h
configure:5727: clang -c -g -O2  conftest.c >&5
configure:5727: $? = 0
configure:5727: result: yes
configure:5727: checking for stdint.h
configure:5727: clang -c -g -O2  conftest.c >&5
configure:5727: $? = 0
configure:5727: result: yes
configure:5727: checking for strings.h
configure:5727: clang -c -g -O2  conftest.c >&5
configure:5727: $? = 0
configure:5727: result: yes
configure:5727: checking for sys/stat.h
configure:5727: clang -c -g -O2  conftest.c >&5
configure:5727: $? = 0
configure:5727: result: yes
configure:5727: checking for sys/types.h
configure:5727: clang -c -g -O2  conftest.c >&5
configure:5727: $? = 0
configure:5727: result: yes
configure:5727: checking for unistd.h
configure:5727: clang -c -g -O2  conftest.c >&5
configure:5727: $? = 0
configure:5727: result: yes
configure:5771: checking whether to use bintarget
configure:5779: result: 
configure:6038: checking for ddd
configure:6073: result: no
configure:6038: checking for gdb
configure:6073: result: no
configure:6096: checking for valgrind
configure:6131: result: no
configure:6138: checking for valgrind
configure:6173: result: no
configure:6239: checking for otool
configure:6260: found /usr/bin/otool
configure:6271: result: otool -L
configure:6389: checking size of void*
configure:6395: clang -o conftest -g -O2   conftest.c  >&5
configure:6395: $? = 0
configure:6395: ./conftest
configure:6395: $? = 0
configure:6410: result: 8
configure:6431: checking whether byte ordering is bigendian
configure:6447: clang -c -g -O2  conftest.c >&5
configure:6447: $? = 0
configure:6493: clang -c -g -O2  conftest.c >&5
configure:6493: $? = 0
configure:6512: clang -c -g -O2  conftest.c >&5
conftest.c:34:4: error: use of undeclared identifier 'not'
   34 |                  not big endian
      |                  ^
1 error generated.
configure:6512: $? = 1
configure: failed program was:
| /* confdefs.h */
| #define PACKAGE_NAME "S/PHI/nX Accelerate Libraries"
| #define PACKAGE_TARNAME "sxaccelerate"
| #define PACKAGE_VERSION "2.11.13"
| #define PACKAGE_STRING "S/PHI/nX Accelerate Libraries 2.11.13"
| #define PACKAGE_BUGREPORT "https://www.sxlib.de"
| #define PACKAGE_URL ""
| #define PACKAGE "sxaccelerate"
| #define VERSION "2.11.13"
| #define WITH_APPS /**/
| #define WITH_APPS /**/
| #define USE_SXMATH /**/
| #define USE_SXMATH /**/
| #define HAVE_STDIO_H 1
| #define HAVE_STDLIB_H 1
| #define HAVE_STRING_H 1
| #define HAVE_INTTYPES_H 1
| #define HAVE_STDINT_H 1
| #define HAVE_STRINGS_H 1
| #define HAVE_SYS_STAT_H 1
| #define HAVE_SYS_TYPES_H 1
| #define HAVE_UNISTD_H 1
| #define STDC_HEADERS 1
| #define SIZEOF_VOIDP 8
| #define HAS_64BIT "1"
| /* end confdefs.h.  */
| #include <sys/types.h>
| 		#include <sys/param.h>
| 
| int
| main (void)
| {
| #if BYTE_ORDER != BIG_ENDIAN
| 		 not big endian
| 		#endif
| 
|   ;
|   return 0;
| }
configure:6646: result: no
configure:6762: checking whether ln -s works
configure:6766: result: yes
configure:6777: checking for gawk
configure:6809: result: awk
configure:6824: checking for flex
configure:6845: found /usr/bin/flex
configure:6856: result: flex
configure:6905: checking for lex output file root
configure:6918: flex conftest.l
configure:6922: $? = 0
configure:6930: result: lex.yy
configure:6945: checking for lex library
configure:6970: clang -o conftest -g -O2   conftest.c  >&5
configure:6970: $? = 0
configure:6983: result: none needed
configure:7003: checking whether yytext is a pointer
configure:7019: clang -c -g -O2  conftest.c >&5
configure:7019: $? = 0
configure:7026: result: yes
configure:7042: checking for bison
configure:7063: found /usr/bin/bison
configure:7074: result: bison -y
configure:7134: checking for doxygen
configure:7169: result: no
configure:7198: checking whether to enable sxqdoc
configure:7206: result: no
configure:8429: checking whether to enable debug
configure:8437: result: no
configure:8453: checking whether to enable logging
configure:8461: result: yes
configure:8477: checking whether to enable profile
configure:8485: result: no
configure:8501: checking whether to enable staticlibc
configure:8509: result: no
configure:8525: checking whether to enable openmp
configure:8533: result: no
configure:8549: checking whether to enable mpi
configure:8557: result: no
configure:8574: checking whether to enable cpuspecific
configure:8582: result: yes
configure:8598: checking whether to enable errorlimit
configure:8606: result: 1
configure:8634: checking whether to enable gpu
configure:8642: result: no
configure:8677: checking whether to use cuda
configure:8685: result: /usr/local/cuda
configure:8721: Determine compiler flags
configure:8849: checking for C compiler version
configure:8858: clang --version >&5
Apple clang version 16.0.0 (clang-1600.0.26.6)
Target: x86_64-apple-darwin23.6.0
Thread model: posix
InstalledDir: /Applications/Xcode.app/Contents/Developer/Toolchains/XcodeDefault.xctoolchain/usr/bin
configure:8869: $? = 0
configure:8858: clang -v >&5
Apple clang version 16.0.0 (clang-1600.0.26.6)
Target: x86_64-apple-darwin23.6.0
Thread model: posix
InstalledDir: /Applications/Xcode.app/Contents/Developer/Toolchains/XcodeDefault.xctoolchain/usr/bin
configure:8869: $? = 0
configure:8858: clang -V >&5
clang: error: argument to '-V' is missing (expected 1 value)
clang: error: no input files
configure:8869: $? = 1
configure:8858: clang -qversion >&5
clang: error: unknown argument '-qversion'; did you mean '--version'?
clang: error: no input files
configure:8869: $? = 1
configure:8858: clang -version >&5
clang: error: unknown argument '-version'; did you mean '--version'?
clang: error: no input files
configure:8869: $? = 1
configure:8873: checking whether the compiler supports GNU C
configure:8903: result: yes
configure:8914: checking whether clang accepts -g
configure:8979: result: yes
configure:8999: checking for clang option to enable C11 features
configure:9032: result: none needed
configure:9148: checking whether clang understands -c and -o together
configure:9186: result: yes
configure:9205: checking dependency style of clang
configure:9317: result: gcc3
configure:9954: checking for C++ compiler version
configure:9963: clang++ --version >&5
Apple clang version 16.0.0 (clang-1600.0.26.6)
Target: x86_64-apple-darwin23.6.0
Thread model: posix
InstalledDir: /Applications/Xcode.app/Contents/Developer/Toolchains/XcodeDefault.xctoolchain/usr/bin
configure:9974: $? = 0
configure:9963: clang++ -v >&5
Apple clang version 16.0.0 (clang-1600.0.26.6)
Target: x86_64-apple-darwin23.6.0
Thread model: posix
InstalledDir: /Applications/Xcode.app/Contents/Developer/Toolchains/XcodeDefault.xctoolchain/usr/bin
configure:9974: $? = 0
configure:9963: clang++ -V >&5
clang++: error: argument to '-V' is missing (expected 1 value)
clang++: error: no input files
configure:9974: $? = 1
configure:9963: clang++ -qversion >&5
clang++: error: unknown argument '-qversion'; did you mean '--version'?
clang++: error: no input files
configure:9974: $? = 1
configure:9978: checking whether the compiler supports GNU C++
configure:9998: clang++ -c   conftest.cpp >&5
configure:9998: $? = 0
configure:10008: result: yes
configure:10019: checking whether clang++ accepts -g
configure:10040: clang++ -c -g  conftest.cpp >&5
configure:10040: $? = 0
configure:10084: result: yes
configure:10104: checking for clang++ option to enable C++11 features
configure:10119: clang++  -c -g -O2  conftest.cpp >&5
conftest.cpp:96:3: error: "Compiler does not advertise C++11 conformance"
   96 | # error "Compiler does not advertise C++11 conformance"
      |   ^
conftest.cpp:101:3: error: unknown type name 'constexpr'
  101 |   constexpr int get_val() { return 20; }
      |   ^
conftest.cpp:113:17: error: delegating constructors are permitted only in C++11
  113 |     delegate(): delegate(2354) {}
      |                 ^~~~~~~~
conftest.cpp:124:26: warning: 'override' keyword is a C++11 extension [-Wc++11-extensions]
  124 |     virtual int getval() override final { return this->n * 2; }
      |                          ^
conftest.cpp:124:35: warning: 'final' keyword is a C++11 extension [-Wc++11-extensions]
  124 |     virtual int getval() override final { return this->n * 2; }
      |                                   ^
conftest.cpp:131:16: warning: defaulted function definitions are a C++11 extension [-Wc++11-extensions]
  131 |     nocopy() = default;
      |                ^
conftest.cpp:132:29: warning: deleted function definitions are a C++11 extension [-Wc++11-extensions]
  132 |     nocopy(const nocopy&) = delete;
      |                             ^
conftest.cpp:133:41: warning: deleted function definitions are a C++11 extension [-Wc++11-extensions]
  133 |     nocopy & operator=(const nocopy&) = delete;
      |                                         ^
conftest.cpp:145:25: warning: 'auto' type specifier is a C++11 extension [-Wc++11-extensions]
  145 |   template <typename V> auto sum(V first) -> V
      |                         ^
conftest.cpp:145:25: error: 'auto' not allowed in function return type
  145 |   template <typename V> auto sum(V first) -> V
      |                         ^~~~
conftest.cpp:145:42: error: expected ';' at end of declaration
  145 |   template <typename V> auto sum(V first) -> V
      |                                          ^
      |                                          ;
conftest.cpp:145:43: error: cannot use arrow operator on a type
  145 |   template <typename V> auto sum(V first) -> V
      |                                           ^
conftest.cpp:149:33: warning: variadic templates are a C++11 extension [-Wc++11-extensions]
  149 |   template <typename V, typename... Args> auto sum(V first, Args... rest) -> V
      |                                 ^
conftest.cpp:149:43: warning: 'auto' type specifier is a C++11 extension [-Wc++11-extensions]
  149 |   template <typename V, typename... Args> auto sum(V first, Args... rest) -> V
      |                                           ^
conftest.cpp:149:43: error: 'auto' not allowed in function return type
  149 |   template <typename V, typename... Args> auto sum(V first, Args... rest) -> V
      |                                           ^~~~
conftest.cpp:149:74: error: expected ';' at end of declaration
  149 |   template <typename V, typename... Args> auto sum(V first, Args... rest) -> V
      |                                                                          ^
      |                                                                          ;
conftest.cpp:149:75: error: cannot use arrow operator on a type
  149 |   template <typename V, typename... Args> auto sum(V first, Args... rest) -> V
      |                                                                           ^
conftest.cpp:173:3: warning: 'auto' type specifier is a C++11 extension [-Wc++11-extensions]
  173 |   auto a1 = 6538;
      |   ^
conftest.cpp:174:3: warning: 'auto' type specifier is a C++11 extension [-Wc++11-extensions]
  174 |   auto a2 = 48573953.4;
      |   ^
conftest.cpp:175:3: warning: 'auto' type specifier is a C++11 extension [-Wc++11-extensions]
  175 |   auto a3 = "String literal";
      |   ^
conftest.cpp:178:8: warning: 'auto' type specifier is a C++11 extension [-Wc++11-extensions]
  178 |   for (auto i = a3; *i; ++i) { total += *i; }
      |        ^
conftest.cpp:194:8: warning: 'auto' type specifier is a C++11 extension [-Wc++11-extensions]
  194 |   for (auto &x : array) { x += 23; }
      |        ^
conftest.cpp:194:16: warning: range-based for loop is a C++11 extension [-Wc++11-extensions]
  194 |   for (auto &x : array) { x += 23; }
      |                ^
conftest.cpp:199:17: error: expected expression
  199 |   assert (eval ([](int x) { return x*2; }, 21) == 42);
      |                 ^
conftest.cpp:201:17: error: expected expression
  201 |   assert (eval ([&](double x) { return d += x; }, 3.0) == 5.0);
      |                 ^
conftest.cpp:203:17: error: expected expression
  203 |   assert (eval ([=](double x) mutable { return d += x; }, 4.0) == 9.0);
      |                 ^
conftest.cpp:209:3: warning: 'auto' type specifier is a C++11 extension [-Wc++11-extensions]
  209 |   auto a = sum(1);
      |   ^
conftest.cpp:209:12: error: no matching function for call to 'sum'
  209 |   auto a = sum(1);
      |            ^~~
conftest.cpp:210:3: warning: 'auto' type specifier is a C++11 extension [-Wc++11-extensions]
  210 |   auto b = sum(1, 2);
      |   ^
conftest.cpp:210:12: error: no matching function for call to 'sum'
  210 |   auto b = sum(1, 2);
      |            ^~~
conftest.cpp:211:3: warning: 'auto' type specifier is a C++11 extension [-Wc++11-extensions]
  211 |   auto c = sum(1.0, 2.0, 3.0);
      |   ^
conftest.cpp:211:12: error: no matching function for call to 'sum'
  211 |   auto c = sum(1.0, 2.0, 3.0);
      |            ^~~
conftest.cpp:216:25: warning: empty parentheses interpreted as a function declaration [-Wvexing-parse]
  216 |   cxx11test::delegate d2();
      |                         ^~
conftest.cpp:216:25: note: remove parentheses to declare a variable
  216 |   cxx11test::delegate d2();
      |                         ^~
conftest.cpp:229:16: error: found '<::' after a template name which forms the digraph '<:' (aka '[') and a ':', did you mean '< ::'?
  229 |   test_template<::test_template<int>> v(test_template<int>(12));
      |                ^~~
      |                < ::
conftest.cpp:229:36: error: a space is required between consecutive right angle brackets (use '> >')
  229 |   test_template<::test_template<int>> v(test_template<int>(12));
      |                                    ^~
      |                                    > >
conftest.cpp:233:22: error: use of undeclared identifier 'u8'
  233 |   char const *utf8 = u8"UTF-8 string \u2500";
      |                      ^
conftest.cpp:233:24: error: expected ';' at end of declaration
  233 |   char const *utf8 = u8"UTF-8 string \u2500";
      |                        ^
      |                        ;
fatal error: too many errors emitted, stopping now [-ferror-limit=]
18 warnings and 20 errors generated.
configure:10119: $? = 1
configure: failed program was:
| /* confdefs.h */
| #define PACKAGE_NAME "S/PHI/nX Accelerate Libraries"
| #define PACKAGE_TARNAME "sxaccelerate"
| #define PACKAGE_VERSION "2.11.13"
| #define PACKAGE_STRING "S/PHI/nX Accelerate Libraries 2.11.13"
| #define PACKAGE_BUGREPORT "https://www.sxlib.de"
| #define PACKAGE_URL ""
| #define PACKAGE "sxaccelerate"
| #define VERSION "2.11.13"
| #define WITH_APPS /**/
| #define WITH_APPS /**/
| #define USE_SXMATH /**/
| #define USE_SXMATH /**/
| #define HAVE_STDIO_H 1
| #define HAVE_STDLIB_H 1
| #define HAVE_STRING_H 1
| #define HAVE_INTTYPES_H 1
| #define HAVE_STDINT_H 1
| #define HAVE_STRINGS_H 1
| #define HAVE_SYS_STAT_H 1
| #define HAVE_SYS_TYPES_H 1
| #define HAVE_UNISTD_H 1
| #define STDC_HEADERS 1
| #define SIZEOF_VOIDP 8
| #define HAS_64BIT "1"
| #define UNAME "Darwin"
| #define PROCESSOR "x86_64"
| #define WHOAMI "fonari"
| #define GDB ""
| #define MEMTRACER ""
| #define THREADTRACER ""
| #define DIST_OS "Darwin"
| #define DIST_NAME "MacOSX"
| #define DIST_VERSION ""
| #define DIST_VERSION_L 0L 
| #define DIST_MAJOR ""
| #define DIST_MINOR ""
| #define DIST_PATCH "0"
| #define DIST_REPO_VER "."
| #define PKG_TYPE "pkg"
| #define REPOPROC "x86_64"
| #define SXBINTARGET ""
| #define SXACCELERATE_SRC "/Users/fonari/src/sphinx-mac/sphinx-3.1.2/sxaccelerate/src"
| #define SXACCELERATE_BUILD "/Users/fonari/src/sphinx-mac/sphinx-3.1.2/sxaccelerate/src"
| #define YYTEXT_POINTER 1
| #define SXQDIR ""
| #define USE_SX_LOG /**/
| #define MACHINE_SPECIFIC /**/
| /* end confdefs.h.  */
| 
| // Does the compiler advertise C++98 conformance?
| #if !defined __cplusplus || __cplusplus < 199711L
| # error "Compiler does not advertise C++98 conformance"
| #endif
| 
| // These inclusions are to reject old compilers that
| // lack the unsuffixed header files.
| #include <cstdlib>
| #include <exception>
| 
| // <cassert> and <cstring> are *not* freestanding headers in C++98.
| extern void assert (int);
| namespace std {
|   extern int strcmp (const char *, const char *);
| }
| 
| // Namespaces, exceptions, and templates were all added after "C++ 2.0".
| using std::exception;
| using std::strcmp;
| 
| namespace {
| 
| void test_exception_syntax()
| {
|   try {
|     throw "test";
|   } catch (const char *s) {
|     // Extra parentheses suppress a warning when building autoconf itself,
|     // due to lint rules shared with more typical C programs.
|     assert (!(strcmp) (s, "test"));
|   }
| }
| 
| template <typename T> struct test_template
| {
|   T const val;
|   explicit test_template(T t) : val(t) {}
|   template <typename U> T add(U u) { return static_cast<T>(u) + val; }
| };
| 
| } // anonymous namespace
| 
| 
| // Does the compiler advertise C++ 2011 conformance?
| #if !defined __cplusplus || __cplusplus < 201103L
| # error "Compiler does not advertise C++11 conformance"
| #endif
| 
| namespace cxx11test
| {
|   constexpr int get_val() { return 20; }
| 
|   struct testinit
|   {
|     int i;
|     double d;
|   };
| 
|   class delegate
|   {
|   public:
|     delegate(int n) : n(n) {}
|     delegate(): delegate(2354) {}
| 
|     virtual int getval() { return this->n; };
|   protected:
|     int n;
|   };
| 
|   class overridden : public delegate
|   {
|   public:
|     overridden(int n): delegate(n) {}
|     virtual int getval() override final { return this->n * 2; }
|   };
| 
|   class nocopy
|   {
|   public:
|     nocopy(int i): i(i) {}
|     nocopy() = default;
|     nocopy(const nocopy&) = delete;
|     nocopy & operator=(const nocopy&) = delete;
|   private:
|     int i;
|   };
| 
|   // for testing lambda expressions
|   template <typename Ret, typename Fn> Ret eval(Fn f, Ret v)
|   {
|     return f(v);
|   }
| 
|   // for testing variadic templates and trailing return types
|   template <typename V> auto sum(V first) -> V
|   {
|     return first;
|   }
|   template <typename V, typename... Args> auto sum(V first, Args... rest) -> V
|   {
|     return first + sum(rest...);
|   }
| }
| 
| 
| int
| main (int argc, char **argv)
| {
|   int ok = 0;
|   
|   assert (argc);
|   assert (! argv[0]);
| {
|   test_exception_syntax ();
|   test_template<double> tt (2.0);
|   assert (tt.add (4) == 6.0);
|   assert (true && !false);
| }
| 
|   
| {
|   // Test auto and decltype
|   auto a1 = 6538;
|   auto a2 = 48573953.4;
|   auto a3 = "String literal";
| 
|   int total = 0;
|   for (auto i = a3; *i; ++i) { total += *i; }
| 
|   decltype(a2) a4 = 34895.034;
| }
| {
|   // Test constexpr
|   short sa[cxx11test::get_val()] = { 0 };
| }
| {
|   // Test initializer lists
|   cxx11test::testinit il = { 4323, 435234.23544 };
| }
| {
|   // Test range-based for
|   int array[] = {9, 7, 13, 15, 4, 18, 12, 10, 5, 3,
|                  14, 19, 17, 8, 6, 20, 16, 2, 11, 1};
|   for (auto &x : array) { x += 23; }
| }
| {
|   // Test lambda expressions
|   using cxx11test::eval;
|   assert (eval ([](int x) { return x*2; }, 21) == 42);
|   double d = 2.0;
|   assert (eval ([&](double x) { return d += x; }, 3.0) == 5.0);
|   assert (d == 5.0);
|   assert (eval ([=](double x) mutable { return d += x; }, 4.0) == 9.0);
|   assert (d == 5.0);
| }
| {
|   // Test use of variadic templates
|   using cxx11test::sum;
|   auto a = sum(1);
|   auto b = sum(1, 2);
|   auto c = sum(1.0, 2.0, 3.0);
| }
| {
|   // Test constructor delegation
|   cxx11test::delegate d1;
|   cxx11test::delegate d2();
|   cxx11test::delegate d3(45);
| }
| {
|   // Test override and final
|   cxx11test::overridden o1(55464);
| }
| {
|   // Test nullptr
|   char *c = nullptr;
| }
| {
|   // Test template brackets
|   test_template<::test_template<int>> v(test_template<int>(12));
| }
| {
|   // Unicode literals
|   char const *utf8 = u8"UTF-8 string \u2500";
|   char16_t const *utf16 = u"UTF-8 string \u2500";
|   char32_t const *utf32 = U"UTF-32 string \u2500";
| }
| 
|   return ok;
| }
| 
configure:10119: clang++ -std=gnu++11 -c -g -O2  conftest.cpp >&5
conftest.cpp:216:25: warning: empty parentheses interpreted as a function declaration [-Wvexing-parse]
  216 |   cxx11test::delegate d2();
      |                         ^~
conftest.cpp:216:25: note: remove parentheses to declare a variable
  216 |   cxx11test::delegate d2();
      |                         ^~
1 warning generated.
configure:10119: $? = 0
configure:10140: result: -std=gnu++11
configure:10203: checking dependency style of clang++ -std=gnu++11
configure:10315: result: gcc3
configure:10390: checking for clang++
configure:10411: found /Users/fonari/src/2026-2/buildvenv/82fbb9c/bin/clang++
configure:10422: result: clang++
configure:10447: checking for Objective C++ compiler version
configure:10456: clang++ --version >&5
Apple clang version 16.0.0 (clang-1600.0.26.6)
Target: x86_64-apple-darwin23.6.0
Thread model: posix
InstalledDir: /Applications/Xcode.app/Contents/Developer/Toolchains/XcodeDefault.xctoolchain/usr/bin
configure:10467: $? = 0
configure:10456: clang++ -v >&5
Apple clang version 16.0.0 (clang-1600.0.26.6)
Target: x86_64-apple-darwin23.6.0
Thread model: posix
InstalledDir: /Applications/Xcode.app/Contents/Developer/Toolchains/XcodeDefault.xctoolchain/usr/bin
configure:10467: $? = 0
configure:10456: clang++ -V >&5
clang++: error: argument to '-V' is missing (expected 1 value)
clang++: error: no input files
configure:10467: $? = 1
configure:10456: clang++ -qversion >&5
clang++: error: unknown argument '-qversion'; did you mean '--version'?
clang++: error: no input files
configure:10467: $? = 1
configure:10471: checking whether the compiler supports GNU Objective C++
configure:10491: clang++ -c   conftest.mm >&5
configure:10491: $? = 0
configure:10501: result: yes
configure:10512: checking whether clang++ accepts -g
configure:10533: clang++ -c -g  conftest.mm >&5
configure:10533: $? = 0
configure:10577: result: yes
configure:10602: checking dependency style of clang++
configure:10712: result: gcc3
configure:12743: clang++ -std=gnu++11 pretends to be GCC, but fails to prove it in --version
configure:12763: checking operating system
configure:12776: result: MacOSX

## ---------------- ##
## Cache variables. ##
## ---------------- ##

ac_cv_build=aarch64-apple-darwin23.6.0
ac_cv_c_bigendian=no
ac_cv_c_compiler_gnu=yes
ac_cv_cxx_compiler_gnu=yes
ac_cv_enable_cpuspecific=yes
ac_cv_enable_debug=no
ac_cv_enable_errorlimit=1
ac_cv_enable_gpu=no
ac_cv_enable_logging=yes
ac_cv_enable_mpi=no
ac_cv_enable_openmp=no
ac_cv_enable_profile=no
ac_cv_enable_staticlibc=no
ac_cv_enable_sxqdoc=no
ac_cv_env_CCC_set=
ac_cv_env_CCC_value=
ac_cv_env_CC_set=set
ac_cv_env_CC_value=clang
ac_cv_env_CFLAGS_set=
ac_cv_env_CFLAGS_value=
ac_cv_env_CPPFLAGS_set=
ac_cv_env_CPPFLAGS_value=
ac_cv_env_CXXCPP_set=
ac_cv_env_CXXCPP_value=
ac_cv_env_CXXFLAGS_set=
ac_cv_env_CXXFLAGS_value=
ac_cv_env_CXX_M_ARCH_set=
ac_cv_env_CXX_M_ARCH_value=
ac_cv_env_CXX_set=set
ac_cv_env_CXX_value=clang++
ac_cv_env_DIST_OS_set=
ac_cv_env_DIST_OS_value=
ac_cv_env_LDFLAGS_set=
ac_cv_env_LDFLAGS_value=
ac_cv_env_LIBS_set=
ac_cv_env_LIBS_value=
ac_cv_env_LT_SYS_LIBRARY_PATH_set=
ac_cv_env_LT_SYS_LIBRARY_PATH_value=
ac_cv_env_NUMLIBS_LIBS_set=
ac_cv_env_NUMLIBS_LIBS_value=
ac_cv_env_OBJCXXFLAGS_set=
ac_cv_env_OBJCXXFLAGS_value=
ac_cv_env_OBJCXX_set=
ac_cv_env_OBJCXX_value=
ac_cv_env_YACC_set=
ac_cv_env_YACC_value=
ac_cv_env_YFLAGS_set=
ac_cv_env_YFLAGS_value=
ac_cv_env_build_alias_set=
ac_cv_env_build_alias_value=
ac_cv_env_host_alias_set=
ac_cv_env_host_alias_value=
ac_cv_env_target_alias_set=
ac_cv_env_target_alias_value=
ac_cv_header_inttypes_h=yes
ac_cv_header_stdint_h=yes
ac_cv_header_stdio_h=yes
ac_cv_header_stdlib_h=yes
ac_cv_header_string_h=yes
ac_cv_header_strings_h=yes
ac_cv_header_sys_stat_h=yes
ac_cv_header_sys_types_h=yes
ac_cv_header_unistd_h=yes
ac_cv_host=aarch64-apple-darwin23.6.0
ac_cv_lib_lex='none needed'
ac_cv_objcxx_compiler_gnu=yes
ac_cv_objext=o
ac_cv_path_install='/usr/bin/install -c'
ac_cv_prog_AWK=awk
ac_cv_prog_LDD='otool -L'
ac_cv_prog_LEX=flex
ac_cv_prog_YACC='bison -y'
ac_cv_prog_ac_ct_CC=clang
ac_cv_prog_ac_ct_OBJCXX=clang++
ac_cv_prog_cc_c11=
ac_cv_prog_cc_g=yes
ac_cv_prog_cc_stdc=
ac_cv_prog_cxx_cxx11=-std=gnu++11
ac_cv_prog_cxx_g=yes
ac_cv_prog_cxx_stdcxx=-std=gnu++11
ac_cv_prog_lex_root=lex.yy
ac_cv_prog_lex_yytext_pointer=yes
ac_cv_prog_make_make_set=yes
ac_cv_prog_objcxx_g=yes
ac_cv_sizeof_voidp=8
ac_cv_with_apps=yes
ac_cv_with_bintarget=
ac_cv_with_cuda=/usr/local/cuda
ac_cv_with_examples=no
ac_cv_with_sxmath=yes
ac_cv_with_tests=no
am_cv_CC_dependencies_compiler_type=gcc3
am_cv_CXX_dependencies_compiler_type=gcc3
am_cv_OBJCXX_dependencies_compiler_type=gcc3
am_cv_make_support_nested_variables=yes
am_cv_prog_cc_c_o=yes

## ----------------- ##
## Output variables. ##
## ----------------- ##

ACLOCAL='${SHELL} '\''/Users/fonari/src/sphinx-mac/sphinx-3.1.2/sxaccelerate/src/missing'\'' aclocal-1.16'
AMDEPBACKSLASH='\'
AMDEP_FALSE='#'
AMDEP_TRUE=''
AMTAR='$${TAR-tar}'
AM_BACKSLASH='\'
AM_CXXFLAGS=''
AM_DEFAULT_V='$(AM_DEFAULT_VERBOSITY)'
AM_DEFAULT_VERBOSITY='1'
AM_V='$(V)'
AR=''
AS=''
AUTOCONF='${SHELL} '\''/Users/fonari/src/sphinx-mac/sphinx-3.1.2/sxaccelerate/src/missing'\'' autoconf'
AUTOHEADER='${SHELL} '\''/Users/fonari/src/sphinx-mac/sphinx-3.1.2/sxaccelerate/src/missing'\'' autoheader'
AUTOMAKE='${SHELL} '\''/Users/fonari/src/sphinx-mac/sphinx-3.1.2/sxaccelerate/src/missing'\'' automake-1.16'
AWK='awk'
BUILD_DARWIN_FALSE='#'
BUILD_DARWIN_TRUE=''
BUILD_LINUX_FALSE=''
BUILD_LINUX_TRUE='#'
BUILD_SHAREDLIBS_FALSE=''
BUILD_SHAREDLIBS_TRUE=''
CC='clang'
CCDEPMODE='depmode=gcc3'
CFLAGS='-g -O2'
COND_BUILD_ANDROID_FALSE=''
COND_BUILD_ANDROID_TRUE='#'
COND_BUILD_APPS_FALSE='#'
COND_BUILD_APPS_TRUE=''
COND_BUILD_EXAMPLES_FALSE=''
COND_BUILD_EXAMPLES_TRUE='#'
COND_BUILD_IOS_FALSE=''
COND_BUILD_IOS_TRUE='#'
COND_BUILD_MOBILE_FALSE=''
COND_BUILD_MOBILE_TRUE='#'
COND_BUILD_SXDOC_FALSE=''
COND_BUILD_SXDOC_TRUE='#'
COND_BUILD_SXMATH_FALSE='#'
COND_BUILD_SXMATH_TRUE=''
COND_BUILD_TESTS_FALSE=''
COND_BUILD_TESTS_TRUE='#'
COND_BUILD_WIN32_FALSE=''
COND_BUILD_WIN32_TRUE='#'
COND_GPU_FALSE=''
COND_GPU_TRUE='#'
COND_MPI_FALSE=''
COND_MPI_TRUE='#'
CPPFLAGS=''
CP_A='/bin/cp -pR'
CSCOPE='cscope'
CTAGS='ctags'
CUDA='/usr/local/cuda'
CUDA_CFLAGS=''
CUDA_LDFLAGS=''
CUDA_LIBS=''
CXX='clang++ -std=gnu++11'
CXXCPP=''
CXXDEPMODE='depmode=gcc3'
CXXFLAGS='-g -O2'
CXXLD=''
CXX_M_ARCH=''
CXX_PEDANTIC=''
CXX_WARNING_IS_ERROR=''
CYGPATH_W='echo'
DBG_MODE='no'
DEFS=''
DEPDIR='.deps'
DIST_MAJOR=''
DIST_MINOR=''
DIST_NAME='MacOSX'
DIST_OS='Darwin'
DIST_PATCH='0'
DIST_REPO_VER='.'
DIST_VERSION=''
DLLLIBEXT='.dylib'
DLLTOOL=''
DOXYGEN=''
DOXYWIZARD=''
DSYMUTIL=''
DUMPBIN=''
DVIPS=''
ECHO_C='\c'
ECHO_N=''
ECHO_T=''
EGREP=''
ETAGS='etags'
EXEEXT=''
FGREP=''
FILECMD=''
FIND=''
GCCERRORLIMIT='1'
GDB=''
GREP=''
IMPLIBEXT='.dylib'
INSTALL_DATA='${INSTALL} -m 644'
INSTALL_PROGRAM='${INSTALL}'
INSTALL_SCRIPT='${INSTALL}'
INSTALL_STRIP_PROGRAM='$(install_sh) -c -s'
LATEX=''
LD=''
LDD='otool -L'
LDD_AWK_COL='1'
LDFLAGS=''
LEX='flex'
LEXLIB=''
LEX_CXXFLAGS=''
LEX_OUTPUT_ROOT='lex.yy'
LIBEXT='dylib'
LIBOBJS=''
LIBS=' -framework CoreFoundation'
LIBTOOL=''
LIPO=''
LN_S='ln -s'
LTLIBOBJS=''
LT_SYS_LIBRARY_PATH=''
MACHINE_SPECIFIC='yes'
MAKEINFO='${SHELL} '\''/Users/fonari/src/sphinx-mac/sphinx-3.1.2/sxaccelerate/src/missing'\'' makeinfo'
MAKE_SILENT_ARGS='-s'
MANIFEST_TOOL=''
MEMTRACER=''
MKDIR_P='./install-sh -c -d'
MKLPATH=''
MODE=''
MPICC=''
MPICXX=''
NM=''
NMEDIT=''
NUMLIBS=''
NUMLIBS_CHECKS=''
NUMLIBS_LIBS=''
NVCC=''
OBJCXX='clang++'
OBJCXXDEPMODE='depmode=gcc3'
OBJCXXFLAGS='-g -O2'
OBJDUMP=''
OBJEXT='o'
OTOOL64=''
OTOOL=''
PACKAGE='sxaccelerate'
PACKAGE_BUGREPORT='https://www.sxlib.de'
PACKAGE_NAME='S/PHI/nX Accelerate Libraries'
PACKAGE_STRING='S/PHI/nX Accelerate Libraries 2.11.13'
PACKAGE_TARNAME='sxaccelerate'
PACKAGE_URL=''
PACKAGE_VERSION='2.11.13'
PATH_SEPARATOR=':'
PERL=''
PKG_TYPE='pkg'
PROCESSOR='x86_64'
PRO_MODE='no'
PS2PDF=''
RANLIB=''
REPOPROC='x86_64'
RM=''
SED=''
SET_MAKE=''
SHARED_VERSION_INFO='1:0:0'
SHELL='/bin/sh'
STATIC_LIBC='no'
STRIP=''
SUBDIRS=''
SXACCELERATE=''
SXACCELERATE_BUILD=''
SXACCELERATE_SRC=''
SXBASE='$(abs_top_srcdir)'
SXBINTARGET=''
SXCLIDOC=''
SXGET_RC=''
SXLIBTOOL='/Users/fonari/src/sphinx-mac/sphinx-3.1.2/sxaccelerate/src/libtool'
SXPUBLISHER=''
SXQDIR=''
SXSTDDOC=''
SXSTDVIM=''
SX_BLAS_LIBS=''
SX_FFT_LIBS=''
SX_NETCDF_LIBS=''
SX_PARAM_ACML=''
SX_PARAM_ACMLFFT=''
SX_PARAM_ATLAS=''
SX_PARAM_FFTW=''
SX_PARAM_MKL=''
SX_PARAM_MKLFFT=''
SX_PARAM_NETLIB=''
SX_PARAM_NUMLIBS=''
SX_PARAM_SXMATH=''
SX_SHORTCUT_LIBS=''
TAIL=''
THREADTRACER=''
TODAY='01/31/26'
UNAME='Darwin'
USE_ACML=''
USE_ACML_FFT=''
USE_ATLAS=''
USE_FFTW=''
USE_FLAME=''
USE_GOTO=''
USE_GPU='no'
USE_HDF5=''
USE_INTEL_MKL=''
USE_MKL_FFT=''
USE_MPI='no'
USE_NETCDF4=''
USE_NETLIB=''
USE_OPENMP='no'
USE_PARALLEL_NETCDF4=''
USE_PCRE2=''
USE_SXMATH='yes'
USE_SXQDOC='no'
USE_SX_LOG='yes'
VERSION='2.11.13'
WHOAMI='fonari'
WITH_APPS='yes'
WITH_DBGDIR=''
WITH_EXAMPLES='no'
WITH_TESTS='no'
YACC='bison -y'
YFLAGS=''
ZCAT=''
abs_top_builddir='/Users/fonari'
abs_top_srcdir='/Users/fonari'
ac_ct_AR=''
ac_ct_CC='clang'
ac_ct_CXX=''
ac_ct_DUMPBIN=''
ac_ct_GDB=''
ac_ct_MPICC=''
ac_ct_MPICXX=''
ac_ct_OBJCXX='clang++'
am__EXEEXT_FALSE=''
am__EXEEXT_TRUE=''
am__fastdepCC_FALSE='#'
am__fastdepCC_TRUE=''
am__fastdepCXX_FALSE='#'
am__fastdepCXX_TRUE=''
am__fastdepOBJCXX_FALSE='#'
am__fastdepOBJCXX_TRUE=''
am__include='include'
am__isrc=''
am__leading_dot='.'
am__nodep='_no'
am__quote=''
am__tar='$${TAR-tar} chof - "$$tardir"'
am__untar='$${TAR-tar} xf -'
bindir='${exec_prefix}/bin'
build='aarch64-apple-darwin23.6.0'
build_alias=''
build_cpu='aarch64'
build_os='darwin23.6.0'
build_vendor='apple'
datadir='${datarootdir}'
datarootdir='${prefix}/share'
docdir='${datarootdir}/doc/${PACKAGE_TARNAME}'
dvidir='${docdir}'
exec_prefix='NONE'
host='aarch64-apple-darwin23.6.0'
host_alias=''
host_cpu='aarch64'
host_os='darwin23.6.0'
host_vendor='apple'
htmldir='${docdir}'
includedir='${prefix}/include'
infodir='${datarootdir}/info'
install_sh='${SHELL} /Users/fonari/src/sphinx-mac/sphinx-3.1.2/sxaccelerate/src/install-sh'
libdir='${exec_prefix}/lib'
libexecdir='${exec_prefix}/libexec'
localedir='${datarootdir}/locale'
localstatedir='${prefix}/var'
mandir='${datarootdir}/man'
mkdir_p='$(MKDIR_P)'
oldincludedir='/usr/include'
pdfdir='${docdir}'
prefix='/Users/fonari/src/sphinx-mac/sphinx-3.1.2/install_dn'
program_transform_name='s,x,x,'
psdir='${docdir}'
runstatedir='${localstatedir}/run'
sbindir='${exec_prefix}/sbin'
sharedstatedir='${prefix}/com'
sysconfdir='${prefix}/etc'
target_alias=''

## ----------- ##
## confdefs.h. ##
## ----------- ##

/* confdefs.h */
#define PACKAGE_NAME "S/PHI/nX Accelerate Libraries"
#define PACKAGE_TARNAME "sxaccelerate"
#define PACKAGE_VERSION "2.11.13"
#define PACKAGE_STRING "S/PHI/nX Accelerate Libraries 2.11.13"
#define PACKAGE_BUGREPORT "https://www.sxlib.de"
#define PACKAGE_URL ""
#define PACKAGE "sxaccelerate"
#define VERSION "2.11.13"
#define WITH_APPS /**/
#define WITH_APPS /**/
#define USE_SXMATH /**/
#define USE_SXMATH /**/
#define HAVE_STDIO_H 1
#define HAVE_STDLIB_H 1
#define HAVE_STRING_H 1
#define HAVE_INTTYPES_H 1
#define HAVE_STDINT_H 1
#define HAVE_STRINGS_H 1
#define HAVE_SYS_STAT_H 1
#define HAVE_SYS_TYPES_H 1
#define HAVE_UNISTD_H 1
#define STDC_HEADERS 1
#define SIZEOF_VOIDP 8
#define HAS_64BIT "1"
#define UNAME "Darwin"
#define PROCESSOR "x86_64"
#define WHOAMI "fonari"
#define GDB ""
#define MEMTRACER ""
#define THREADTRACER ""
#define DIST_OS "Darwin"
#define DIST_NAME "MacOSX"
#define DIST_VERSION ""
#define DIST_VERSION_L 0L 
#define DIST_MAJOR ""
#define DIST_MINOR ""
#define DIST_PATCH "0"
#define DIST_REPO_VER "."
#define PKG_TYPE "pkg"
#define REPOPROC "x86_64"
#define SXBINTARGET ""
#define SXACCELERATE_SRC "/Users/fonari/src/sphinx-mac/sphinx-3.1.2/sxaccelerate/src"
#define SXACCELERATE_BUILD "/Users/fonari/src/sphinx-mac/sphinx-3.1.2/sxaccelerate/src"
#define YYTEXT_POINTER 1
#define SXQDIR ""
#define USE_SX_LOG /**/
#define MACHINE_SPECIFIC /**/
#define MACOSX "1"

configure: exit 1
