This file contains any messages produced by compilers while
running configure, to aid debugging if configure makes a mistake.

It was created by SPHInX configure 3.1, which was
generated by GNU Autoconf 2.71.  Invocation command line was

  $ /Users/fonari/src/sphinx-mac/sphinx-3.1/src/configure --disable-option-checking --with-sxaccelerate=/Users/fonari/src/sphinx-mac/sphinx-3.1/sxaccelerate/src --disable-debug --enable-mkl --enable-mklfft --with-mklpath=/Users/fonari/src/2026-2/schrodinger_buildenv_packages/.pixi/envs/schrodinger/mkl-2020.0.166/include:/Users/fonari/src/2026-2/schrodinger_buildenv_packages/.pixi/envs/schrodinger/mkl-2020.0.166/lib --with-numlibs=/Users/fonari/src/sphinx-mac/sphinx-3.1/../netcdf/netcdf-c-4.8.1/install_dn --disable-openmp --disable-mpi --disable-numlibschecks --prefix=/Users/fonari/src/sphinx-mac/sphinx-3.1/install_dn

## --------- ##
## Platform. ##
## --------- ##

hostname = Y76X0Q4QHW-MBP
uname -m = arm64
uname -r = 23.6.0
uname -s = Darwin
uname -v = Darwin Kernel Version 23.6.0: Wed Oct 15 21:13:51 PDT 2025; root:xnu-10063.141.1.707.11~1/RELEASE_ARM64_T6020

/usr/bin/uname -p = arm
/bin/uname -X     = unknown

/bin/arch              = unknown
/usr/bin/arch -k       = unknown
/usr/convex/getsysinfo = unknown
/usr/bin/hostinfo      = Mach kernel version:
	 Darwin Kernel Version 23.6.0: Wed Oct 15 21:13:51 PDT 2025; root:xnu-10063.141.1.707.11~1/RELEASE_ARM64_T6020
Kernel configured for up to 12 processors.
12 processors are physically available.
12 processors are logically available.
Processor type: arm64e (ARM64E)
Processors active: 0 1 2 3 4 5 6 7 8 9 10 11
Primary memory available: 32.00 gigabytes
Default processor set: 670 tasks, 4285 threads, 12 processors
Load average: 7.30, Mach factor: 5.43
/bin/machine           = unknown
/usr/bin/oslevel       = unknown
/bin/universe          = unknown

PATH: /Users/fonari/src/2026-2/schrodinger_buildenv_packages/.pixi/envs/schrodinger/clang_tools-14.0.6/bin/
PATH: /Users/fonari/src/2026-2/buildvenv/82fbb9c/bin/
PATH: /Users/fonari/src/2026-2/schrodinger_buildenv_packages/.pixi/envs/schrodinger/qt-6.5.8/bin/
PATH: /Users/fonari/src/2026-2/schrodinger_buildenv_packages/.pixi/envs/schrodinger/perl-5.14.2-sdk1012/bin/
PATH: /Users/fonari/src/2026-2/schrodinger_buildenv_packages/.pixi/envs/schrodinger/perceptualdiff-1.1.1/
PATH: /Users/fonari/src/2026-2/schrodinger_buildenv_packages/.pixi/envs/schrodinger/ifort_2022.0.0/bin/intel64/
PATH: /Users/fonari/src/2026-2/schrodinger_buildenv_packages/.pixi/envs/schrodinger/grpc-1.62.3/bin/
PATH: /Users/fonari/src/2026-2/schrodinger_buildenv_packages/.pixi/envs/schrodinger/protobuf-25.7/bin/
PATH: /Users/fonari/src/2026-2/schrodinger_buildenv_packages/.pixi/envs/schrodinger/go-1.25.4/bin/
PATH: /Users/fonari/src/2026-2/schrodinger_buildenv_packages/.pixi/envs/schrodinger/python-3.11.4/bin/
PATH: /opt/homebrew/bin/
PATH: /opt/homebrew/sbin/
PATH: /Users/fonari/.local/bin/
PATH: /Users/fonari/Library/Python/3.9/bin/
PATH: /usr/local/bin/
PATH: /System/Cryptexes/App/usr/bin/
PATH: /usr/bin/
PATH: /bin/
PATH: /usr/sbin/
PATH: /sbin/
PATH: /var/run/com.apple.security.cryptexd/codex.system/bootstrap/usr/local/bin/
PATH: /var/run/com.apple.security.cryptexd/codex.system/bootstrap/usr/bin/
PATH: /var/run/com.apple.security.cryptexd/codex.system/bootstrap/usr/appleinternal/bin/
PATH: /opt/X11/bin/
PATH: /Library/Apple/usr/bin/


## ----------- ##
## Core tests. ##
## ----------- ##

configure:3227: looking for aux files: ltmain.sh compile missing install-sh config.guess config.sub
configure:3240:  trying ./
configure:3269:   ./ltmain.sh found
configure:3269:   ./compile found
configure:3269:   ./missing found
configure:3251:   ./install-sh found
configure:3269:   ./config.guess found
configure:3269:   ./config.sub found
configure:3389: checking build system type
configure:3404: result: aarch64-apple-darwin23.6.0
configure:3424: checking host system type
configure:3438: result: aarch64-apple-darwin23.6.0
configure:3480: checking for a BSD-compatible install
configure:3553: result: /usr/bin/install -c
configure:3564: checking whether build environment is sane
configure:3619: result: yes
configure:3778: checking for a race-free mkdir -p
configure:3822: result: ./install-sh -c -d
configure:3829: checking for gawk
configure:3864: result: no
configure:3829: checking for mawk
configure:3864: result: no
configure:3829: checking for nawk
configure:3864: result: no
configure:3829: checking for awk
configure:3850: found /usr/bin/awk
configure:3861: result: awk
configure:3872: checking whether make sets $(MAKE)
configure:3895: result: yes
configure:3925: checking whether make supports nested variables
configure:3943: result: yes
configure:4161: checking whether to use addons
configure:4169: result: yes
configure:4205: checking whether to use tools
configure:4213: result: yes
configure:4249: checking whether to use vimsyntax
configure:4257: result: no
configure:4293: checking whether to use examples
configure:4301: result: no
configure:4337: checking whether to use tests
configure:4345: result: no
configure:4371: checking whether to enable sxgemmm
configure:4379: result: no
configure:4407: checking whether make supports the include directive
configure:4422: make -f confmf.GNU && cat confinc.out
this is the am__doit target
configure:4425: $? = 0
configure:4444: result: yes (GNU style)
configure:4520: checking for gcc
configure:4552: result: clang
configure:4905: checking for C compiler version
configure:4914: clang --version >&5
Apple clang version 16.0.0 (clang-1600.0.26.6)
Target: x86_64-apple-darwin23.6.0
Thread model: posix
InstalledDir: /Applications/Xcode.app/Contents/Developer/Toolchains/XcodeDefault.xctoolchain/usr/bin
configure:4925: $? = 0
configure:4914: clang -v >&5
Apple clang version 16.0.0 (clang-1600.0.26.6)
Target: x86_64-apple-darwin23.6.0
Thread model: posix
InstalledDir: /Applications/Xcode.app/Contents/Developer/Toolchains/XcodeDefault.xctoolchain/usr/bin
configure:4925: $? = 0
configure:4914: clang -V >&5
clang: error: argument to '-V' is missing (expected 1 value)
clang: error: no input files
configure:4925: $? = 1
configure:4914: clang -qversion >&5
clang: error: unknown argument '-qversion'; did you mean '--version'?
clang: error: no input files
configure:4925: $? = 1
configure:4914: clang -version >&5
clang: error: unknown argument '-version'; did you mean '--version'?
clang: error: no input files
configure:4925: $? = 1
configure:4945: checking whether the C compiler works
configure:4967: clang    conftest.c  >&5
configure:4971: $? = 0
configure:5021: result: yes
configure:5024: checking for C compiler default output file name
configure:5026: result: a.out
configure:5032: checking for suffix of executables
configure:5039: clang -o conftest    conftest.c  >&5
configure:5043: $? = 0
configure:5066: result: 
configure:5088: checking whether we are cross compiling
configure:5096: clang -o conftest    conftest.c  >&5
configure:5100: $? = 0
configure:5107: ./conftest
configure:5111: $? = 0
configure:5126: result: no
configure:5131: checking for suffix of object files
configure:5154: clang -c   conftest.c >&5
configure:5158: $? = 0
configure:5180: result: o
configure:5184: checking whether the compiler supports GNU C
configure:5204: clang -c   conftest.c >&5
configure:5204: $? = 0
configure:5214: result: yes
configure:5225: checking whether clang accepts -g
configure:5246: clang -c -g  conftest.c >&5
configure:5246: $? = 0
configure:5290: result: yes
configure:5310: checking for clang option to enable C11 features
configure:5325: clang  -c -g -O2  conftest.c >&5
conftest.c:29:14: warning: a function definition without a prototype is deprecated in all versions of C and is not supported in C2x [-Wdeprecated-non-prototype]
   29 | static char *e (p, i)
      |              ^
1 warning generated.
configure:5325: $? = 0
configure:5343: result: none needed
configure:5459: checking whether clang understands -c and -o together
configure:5482: clang -c conftest.c -o conftest2.o
configure:5485: $? = 0
configure:5482: clang -c conftest.c -o conftest2.o
configure:5485: $? = 0
configure:5497: result: yes
configure:5516: checking dependency style of clang
configure:5628: result: gcc3
configure:5648: checking for stdio.h
configure:5648: clang -c -g -O2  conftest.c >&5
configure:5648: $? = 0
configure:5648: result: yes
configure:5648: checking for stdlib.h
configure:5648: clang -c -g -O2  conftest.c >&5
configure:5648: $? = 0
configure:5648: result: yes
configure:5648: checking for string.h
configure:5648: clang -c -g -O2  conftest.c >&5
configure:5648: $? = 0
configure:5648: result: yes
configure:5648: checking for inttypes.h
configure:5648: clang -c -g -O2  conftest.c >&5
configure:5648: $? = 0
configure:5648: result: yes
configure:5648: checking for stdint.h
configure:5648: clang -c -g -O2  conftest.c >&5
configure:5648: $? = 0
configure:5648: result: yes
configure:5648: checking for strings.h
configure:5648: clang -c -g -O2  conftest.c >&5
configure:5648: $? = 0
configure:5648: result: yes
configure:5648: checking for sys/stat.h
configure:5648: clang -c -g -O2  conftest.c >&5
configure:5648: $? = 0
configure:5648: result: yes
configure:5648: checking for sys/types.h
configure:5648: clang -c -g -O2  conftest.c >&5
configure:5648: $? = 0
configure:5648: result: yes
configure:5648: checking for unistd.h
configure:5648: clang -c -g -O2  conftest.c >&5
configure:5648: $? = 0
configure:5648: result: yes
configure:5692: checking whether to use bintarget
configure:5700: result: 
configure:5959: checking for ddd
configure:5994: result: no
configure:5959: checking for gdb
configure:5994: result: no
configure:6017: checking for valgrind
configure:6052: result: no
configure:6059: checking for valgrind
configure:6094: result: no
configure:6160: checking for otool
configure:6181: found /usr/bin/otool
configure:6192: result: otool -L
configure:6310: checking size of void*
configure:6316: clang -o conftest -g -O2   conftest.c  >&5
configure:6316: $? = 0
configure:6316: ./conftest
configure:6316: $? = 0
configure:6331: result: 8
configure:6352: checking whether byte ordering is bigendian
configure:6368: clang -c -g -O2  conftest.c >&5
configure:6368: $? = 0
configure:6414: clang -c -g -O2  conftest.c >&5
configure:6414: $? = 0
configure:6433: clang -c -g -O2  conftest.c >&5
conftest.c:34:4: error: use of undeclared identifier 'not'
   34 |                  not big endian
      |                  ^
1 error generated.
configure:6433: $? = 1
configure: failed program was:
| /* confdefs.h */
| #define PACKAGE_NAME "SPHInX"
| #define PACKAGE_TARNAME "sphinx"
| #define PACKAGE_VERSION "3.1"
| #define PACKAGE_STRING "SPHInX 3.1"
| #define PACKAGE_BUGREPORT "https://sxrepo.mpie.de"
| #define PACKAGE_URL ""
| #define PACKAGE "sphinx"
| #define VERSION "3.1"
| #define WITH_ADDONS /**/
| #define WITH_ADDONS /**/
| #define WITH_TOOLS /**/
| #define WITH_TOOLS /**/
| #define HAVE_STDIO_H 1
| #define HAVE_STDLIB_H 1
| #define HAVE_STRING_H 1
| #define HAVE_INTTYPES_H 1
| #define HAVE_STDINT_H 1
| #define HAVE_STRINGS_H 1
| #define HAVE_SYS_STAT_H 1
| #define HAVE_SYS_TYPES_H 1
| #define HAVE_UNISTD_H 1
| #define STDC_HEADERS 1
| #define SIZEOF_VOIDP 8
| #define HAS_64BIT "1"
| /* end confdefs.h.  */
| #include <sys/types.h>
| 		#include <sys/param.h>
| 
| int
| main (void)
| {
| #if BYTE_ORDER != BIG_ENDIAN
| 		 not big endian
| 		#endif
| 
|   ;
|   return 0;
| }
configure:6567: result: no
configure:6687: checking whether to use sxaccelerate
configure:6695: result: /Users/fonari/src/sphinx-mac/sphinx-3.1/sxaccelerate/src
configure:6808: checking whether ln -s works
configure:6812: result: yes
configure:6823: checking for gawk
configure:6855: result: awk
configure:6870: checking for flex
configure:6891: found /usr/bin/flex
configure:6902: result: flex
configure:6951: checking for lex output file root
configure:6964: flex conftest.l
configure:6968: $? = 0
configure:6976: result: lex.yy
configure:6991: checking for lex library
configure:7016: clang -o conftest -g -O2   conftest.c  >&5
configure:7016: $? = 0
configure:7029: result: none needed
configure:7049: checking whether yytext is a pointer
configure:7065: clang -c -g -O2  conftest.c >&5
configure:7065: $? = 0
configure:7072: result: yes
configure:7088: checking for bison
configure:7109: found /usr/bin/bison
configure:7120: result: bison -y
configure:7180: checking for doxygen
configure:7215: result: no
configure:7251: checking whether to enable debug
configure:7259: result: no
configure:7275: checking whether to enable logging
configure:7283: result: yes
configure:7299: checking whether to enable profile
configure:7307: result: no
configure:7323: checking whether to enable staticlibc
configure:7331: result: no
configure:7347: checking whether to enable openmp
configure:7355: result: no
configure:7371: checking whether to enable mpi
configure:7379: result: no
configure:7396: checking whether to enable cpuspecific
configure:7404: result: yes
configure:7420: checking whether to enable errorlimit
configure:7428: result: 1
configure:7456: checking whether to enable gpu
configure:7464: result: no
configure:7499: checking whether to use cuda
configure:7507: result: /usr/local/cuda
configure:7543: Determine compiler flags
configure:7671: checking for C compiler version
configure:7680: clang --version >&5
Apple clang version 16.0.0 (clang-1600.0.26.6)
Target: x86_64-apple-darwin23.6.0
Thread model: posix
InstalledDir: /Applications/Xcode.app/Contents/Developer/Toolchains/XcodeDefault.xctoolchain/usr/bin
configure:7691: $? = 0
configure:7680: clang -v >&5
Apple clang version 16.0.0 (clang-1600.0.26.6)
Target: x86_64-apple-darwin23.6.0
Thread model: posix
InstalledDir: /Applications/Xcode.app/Contents/Developer/Toolchains/XcodeDefault.xctoolchain/usr/bin
configure:7691: $? = 0
configure:7680: clang -V >&5
clang: error: argument to '-V' is missing (expected 1 value)
clang: error: no input files
configure:7691: $? = 1
configure:7680: clang -qversion >&5
clang: error: unknown argument '-qversion'; did you mean '--version'?
clang: error: no input files
configure:7691: $? = 1
configure:7680: clang -version >&5
clang: error: unknown argument '-version'; did you mean '--version'?
clang: error: no input files
configure:7691: $? = 1
configure:7695: checking whether the compiler supports GNU C
configure:7725: result: yes
configure:7736: checking whether clang accepts -g
configure:7801: result: yes
configure:7821: checking for clang option to enable C11 features
configure:7854: result: none needed
configure:7970: checking whether clang understands -c and -o together
configure:8008: result: yes
configure:8027: checking dependency style of clang
configure:8139: result: gcc3
configure:8776: checking for C++ compiler version
configure:8785: clang++ --version >&5
Apple clang version 16.0.0 (clang-1600.0.26.6)
Target: x86_64-apple-darwin23.6.0
Thread model: posix
InstalledDir: /Applications/Xcode.app/Contents/Developer/Toolchains/XcodeDefault.xctoolchain/usr/bin
configure:8796: $? = 0
configure:8785: clang++ -v >&5
Apple clang version 16.0.0 (clang-1600.0.26.6)
Target: x86_64-apple-darwin23.6.0
Thread model: posix
InstalledDir: /Applications/Xcode.app/Contents/Developer/Toolchains/XcodeDefault.xctoolchain/usr/bin
configure:8796: $? = 0
configure:8785: clang++ -V >&5
clang++: error: argument to '-V' is missing (expected 1 value)
clang++: error: no input files
configure:8796: $? = 1
configure:8785: clang++ -qversion >&5
clang++: error: unknown argument '-qversion'; did you mean '--version'?
clang++: error: no input files
configure:8796: $? = 1
configure:8800: checking whether the compiler supports GNU C++
configure:8820: clang++ -c   conftest.cpp >&5
configure:8820: $? = 0
configure:8830: result: yes
configure:8841: checking whether clang++ accepts -g
configure:8862: clang++ -c -g  conftest.cpp >&5
configure:8862: $? = 0
configure:8906: result: yes
configure:8926: checking for clang++ option to enable C++11 features
configure:8941: clang++  -c -g -O2  conftest.cpp >&5
conftest.cpp:95:3: error: "Compiler does not advertise C++11 conformance"
   95 | # error "Compiler does not advertise C++11 conformance"
      |   ^
conftest.cpp:100:3: error: unknown type name 'constexpr'
  100 |   constexpr int get_val() { return 20; }
      |   ^
conftest.cpp:112:17: error: delegating constructors are permitted only in C++11
  112 |     delegate(): delegate(2354) {}
      |                 ^~~~~~~~
conftest.cpp:123:26: warning: 'override' keyword is a C++11 extension [-Wc++11-extensions]
  123 |     virtual int getval() override final { return this->n * 2; }
      |                          ^
conftest.cpp:123:35: warning: 'final' keyword is a C++11 extension [-Wc++11-extensions]
  123 |     virtual int getval() override final { return this->n * 2; }
      |                                   ^
conftest.cpp:130:16: warning: defaulted function definitions are a C++11 extension [-Wc++11-extensions]
  130 |     nocopy() = default;
      |                ^
conftest.cpp:131:29: warning: deleted function definitions are a C++11 extension [-Wc++11-extensions]
  131 |     nocopy(const nocopy&) = delete;
      |                             ^
conftest.cpp:132:41: warning: deleted function definitions are a C++11 extension [-Wc++11-extensions]
  132 |     nocopy & operator=(const nocopy&) = delete;
      |                                         ^
conftest.cpp:144:25: warning: 'auto' type specifier is a C++11 extension [-Wc++11-extensions]
  144 |   template <typename V> auto sum(V first) -> V
      |                         ^
conftest.cpp:144:25: error: 'auto' not allowed in function return type
  144 |   template <typename V> auto sum(V first) -> V
      |                         ^~~~
conftest.cpp:144:42: error: expected ';' at end of declaration
  144 |   template <typename V> auto sum(V first) -> V
      |                                          ^
      |                                          ;
conftest.cpp:144:43: error: cannot use arrow operator on a type
  144 |   template <typename V> auto sum(V first) -> V
      |                                           ^
conftest.cpp:148:33: warning: variadic templates are a C++11 extension [-Wc++11-extensions]
  148 |   template <typename V, typename... Args> auto sum(V first, Args... rest) -> V
      |                                 ^
conftest.cpp:148:43: warning: 'auto' type specifier is a C++11 extension [-Wc++11-extensions]
  148 |   template <typename V, typename... Args> auto sum(V first, Args... rest) -> V
      |                                           ^
conftest.cpp:148:43: error: 'auto' not allowed in function return type
  148 |   template <typename V, typename... Args> auto sum(V first, Args... rest) -> V
      |                                           ^~~~
conftest.cpp:148:74: error: expected ';' at end of declaration
  148 |   template <typename V, typename... Args> auto sum(V first, Args... rest) -> V
      |                                                                          ^
      |                                                                          ;
conftest.cpp:148:75: error: cannot use arrow operator on a type
  148 |   template <typename V, typename... Args> auto sum(V first, Args... rest) -> V
      |                                                                           ^
conftest.cpp:172:3: warning: 'auto' type specifier is a C++11 extension [-Wc++11-extensions]
  172 |   auto a1 = 6538;
      |   ^
conftest.cpp:173:3: warning: 'auto' type specifier is a C++11 extension [-Wc++11-extensions]
  173 |   auto a2 = 48573953.4;
      |   ^
conftest.cpp:174:3: warning: 'auto' type specifier is a C++11 extension [-Wc++11-extensions]
  174 |   auto a3 = "String literal";
      |   ^
conftest.cpp:177:8: warning: 'auto' type specifier is a C++11 extension [-Wc++11-extensions]
  177 |   for (auto i = a3; *i; ++i) { total += *i; }
      |        ^
conftest.cpp:193:8: warning: 'auto' type specifier is a C++11 extension [-Wc++11-extensions]
  193 |   for (auto &x : array) { x += 23; }
      |        ^
conftest.cpp:193:16: warning: range-based for loop is a C++11 extension [-Wc++11-extensions]
  193 |   for (auto &x : array) { x += 23; }
      |                ^
conftest.cpp:198:17: error: expected expression
  198 |   assert (eval ([](int x) { return x*2; }, 21) == 42);
      |                 ^
conftest.cpp:200:17: error: expected expression
  200 |   assert (eval ([&](double x) { return d += x; }, 3.0) == 5.0);
      |                 ^
conftest.cpp:202:17: error: expected expression
  202 |   assert (eval ([=](double x) mutable { return d += x; }, 4.0) == 9.0);
      |                 ^
conftest.cpp:208:3: warning: 'auto' type specifier is a C++11 extension [-Wc++11-extensions]
  208 |   auto a = sum(1);
      |   ^
conftest.cpp:208:12: error: no matching function for call to 'sum'
  208 |   auto a = sum(1);
      |            ^~~
conftest.cpp:209:3: warning: 'auto' type specifier is a C++11 extension [-Wc++11-extensions]
  209 |   auto b = sum(1, 2);
      |   ^
conftest.cpp:209:12: error: no matching function for call to 'sum'
  209 |   auto b = sum(1, 2);
      |            ^~~
conftest.cpp:210:3: warning: 'auto' type specifier is a C++11 extension [-Wc++11-extensions]
  210 |   auto c = sum(1.0, 2.0, 3.0);
      |   ^
conftest.cpp:210:12: error: no matching function for call to 'sum'
  210 |   auto c = sum(1.0, 2.0, 3.0);
      |            ^~~
conftest.cpp:215:25: warning: empty parentheses interpreted as a function declaration [-Wvexing-parse]
  215 |   cxx11test::delegate d2();
      |                         ^~
conftest.cpp:215:25: note: remove parentheses to declare a variable
  215 |   cxx11test::delegate d2();
      |                         ^~
conftest.cpp:228:16: error: found '<::' after a template name which forms the digraph '<:' (aka '[') and a ':', did you mean '< ::'?
  228 |   test_template<::test_template<int>> v(test_template<int>(12));
      |                ^~~
      |                < ::
conftest.cpp:228:36: error: a space is required between consecutive right angle brackets (use '> >')
  228 |   test_template<::test_template<int>> v(test_template<int>(12));
      |                                    ^~
      |                                    > >
conftest.cpp:232:22: error: use of undeclared identifier 'u8'
  232 |   char const *utf8 = u8"UTF-8 string \u2500";
      |                      ^
conftest.cpp:232:24: error: expected ';' at end of declaration
  232 |   char const *utf8 = u8"UTF-8 string \u2500";
      |                        ^
      |                        ;
fatal error: too many errors emitted, stopping now [-ferror-limit=]
18 warnings and 20 errors generated.
configure:8941: $? = 1
configure: failed program was:
| /* confdefs.h */
| #define PACKAGE_NAME "SPHInX"
| #define PACKAGE_TARNAME "sphinx"
| #define PACKAGE_VERSION "3.1"
| #define PACKAGE_STRING "SPHInX 3.1"
| #define PACKAGE_BUGREPORT "https://sxrepo.mpie.de"
| #define PACKAGE_URL ""
| #define PACKAGE "sphinx"
| #define VERSION "3.1"
| #define WITH_ADDONS /**/
| #define WITH_ADDONS /**/
| #define WITH_TOOLS /**/
| #define WITH_TOOLS /**/
| #define HAVE_STDIO_H 1
| #define HAVE_STDLIB_H 1
| #define HAVE_STRING_H 1
| #define HAVE_INTTYPES_H 1
| #define HAVE_STDINT_H 1
| #define HAVE_STRINGS_H 1
| #define HAVE_SYS_STAT_H 1
| #define HAVE_SYS_TYPES_H 1
| #define HAVE_UNISTD_H 1
| #define STDC_HEADERS 1
| #define SIZEOF_VOIDP 8
| #define HAS_64BIT "1"
| #define UNAME "Darwin"
| #define PROCESSOR "x86_64"
| #define WHOAMI "fonari"
| #define GDB ""
| #define MEMTRACER ""
| #define THREADTRACER ""
| #define DIST_OS "Darwin"
| #define DIST_NAME "MacOSX"
| #define DIST_VERSION ""
| #define DIST_VERSION_L 0L 
| #define DIST_MAJOR ""
| #define DIST_MINOR ""
| #define DIST_PATCH "0"
| #define DIST_REPO_VER "."
| #define PKG_TYPE "pkg"
| #define REPOPROC "x86_64"
| #define SXBINTARGET ""
| #define SXACCELERATE_SRC "/Users/fonari/src/sphinx-mac/sphinx-3.1/src"
| #define SXACCELERATE_BUILD "/Users/fonari/src/sphinx-mac/sphinx-3.1/src"
| #define YYTEXT_POINTER 1
| #define USE_SX_LOG /**/
| #define MACHINE_SPECIFIC /**/
| /* end confdefs.h.  */
| 
| // Does the compiler advertise C++98 conformance?
| #if !defined __cplusplus || __cplusplus < 199711L
| # error "Compiler does not advertise C++98 conformance"
| #endif
| 
| // These inclusions are to reject old compilers that
| // lack the unsuffixed header files.
| #include <cstdlib>
| #include <exception>
| 
| // <cassert> and <cstring> are *not* freestanding headers in C++98.
| extern void assert (int);
| namespace std {
|   extern int strcmp (const char *, const char *);
| }
| 
| // Namespaces, exceptions, and templates were all added after "C++ 2.0".
| using std::exception;
| using std::strcmp;
| 
| namespace {
| 
| void test_exception_syntax()
| {
|   try {
|     throw "test";
|   } catch (const char *s) {
|     // Extra parentheses suppress a warning when building autoconf itself,
|     // due to lint rules shared with more typical C programs.
|     assert (!(strcmp) (s, "test"));
|   }
| }
| 
| template <typename T> struct test_template
| {
|   T const val;
|   explicit test_template(T t) : val(t) {}
|   template <typename U> T add(U u) { return static_cast<T>(u) + val; }
| };
| 
| } // anonymous namespace
| 
| 
| // Does the compiler advertise C++ 2011 conformance?
| #if !defined __cplusplus || __cplusplus < 201103L
| # error "Compiler does not advertise C++11 conformance"
| #endif
| 
| namespace cxx11test
| {
|   constexpr int get_val() { return 20; }
| 
|   struct testinit
|   {
|     int i;
|     double d;
|   };
| 
|   class delegate
|   {
|   public:
|     delegate(int n) : n(n) {}
|     delegate(): delegate(2354) {}
| 
|     virtual int getval() { return this->n; };
|   protected:
|     int n;
|   };
| 
|   class overridden : public delegate
|   {
|   public:
|     overridden(int n): delegate(n) {}
|     virtual int getval() override final { return this->n * 2; }
|   };
| 
|   class nocopy
|   {
|   public:
|     nocopy(int i): i(i) {}
|     nocopy() = default;
|     nocopy(const nocopy&) = delete;
|     nocopy & operator=(const nocopy&) = delete;
|   private:
|     int i;
|   };
| 
|   // for testing lambda expressions
|   template <typename Ret, typename Fn> Ret eval(Fn f, Ret v)
|   {
|     return f(v);
|   }
| 
|   // for testing variadic templates and trailing return types
|   template <typename V> auto sum(V first) -> V
|   {
|     return first;
|   }
|   template <typename V, typename... Args> auto sum(V first, Args... rest) -> V
|   {
|     return first + sum(rest...);
|   }
| }
| 
| 
| int
| main (int argc, char **argv)
| {
|   int ok = 0;
|   
|   assert (argc);
|   assert (! argv[0]);
| {
|   test_exception_syntax ();
|   test_template<double> tt (2.0);
|   assert (tt.add (4) == 6.0);
|   assert (true && !false);
| }
| 
|   
| {
|   // Test auto and decltype
|   auto a1 = 6538;
|   auto a2 = 48573953.4;
|   auto a3 = "String literal";
| 
|   int total = 0;
|   for (auto i = a3; *i; ++i) { total += *i; }
| 
|   decltype(a2) a4 = 34895.034;
| }
| {
|   // Test constexpr
|   short sa[cxx11test::get_val()] = { 0 };
| }
| {
|   // Test initializer lists
|   cxx11test::testinit il = { 4323, 435234.23544 };
| }
| {
|   // Test range-based for
|   int array[] = {9, 7, 13, 15, 4, 18, 12, 10, 5, 3,
|                  14, 19, 17, 8, 6, 20, 16, 2, 11, 1};
|   for (auto &x : array) { x += 23; }
| }
| {
|   // Test lambda expressions
|   using cxx11test::eval;
|   assert (eval ([](int x) { return x*2; }, 21) == 42);
|   double d = 2.0;
|   assert (eval ([&](double x) { return d += x; }, 3.0) == 5.0);
|   assert (d == 5.0);
|   assert (eval ([=](double x) mutable { return d += x; }, 4.0) == 9.0);
|   assert (d == 5.0);
| }
| {
|   // Test use of variadic templates
|   using cxx11test::sum;
|   auto a = sum(1);
|   auto b = sum(1, 2);
|   auto c = sum(1.0, 2.0, 3.0);
| }
| {
|   // Test constructor delegation
|   cxx11test::delegate d1;
|   cxx11test::delegate d2();
|   cxx11test::delegate d3(45);
| }
| {
|   // Test override and final
|   cxx11test::overridden o1(55464);
| }
| {
|   // Test nullptr
|   char *c = nullptr;
| }
| {
|   // Test template brackets
|   test_template<::test_template<int>> v(test_template<int>(12));
| }
| {
|   // Unicode literals
|   char const *utf8 = u8"UTF-8 string \u2500";
|   char16_t const *utf16 = u"UTF-8 string \u2500";
|   char32_t const *utf32 = U"UTF-32 string \u2500";
| }
| 
|   return ok;
| }
| 
configure:8959: result: none needed
configure:9025: checking dependency style of clang++
configure:9137: result: gcc3
configure:9212: checking for clang++
configure:9233: found /Users/fonari/src/2026-2/buildvenv/82fbb9c/bin/clang++
configure:9244: result: clang++
configure:9269: checking for Objective C++ compiler version
configure:9278: clang++ --version >&5
Apple clang version 16.0.0 (clang-1600.0.26.6)
Target: x86_64-apple-darwin23.6.0
Thread model: posix
InstalledDir: /Applications/Xcode.app/Contents/Developer/Toolchains/XcodeDefault.xctoolchain/usr/bin
configure:9289: $? = 0
configure:9278: clang++ -v >&5
Apple clang version 16.0.0 (clang-1600.0.26.6)
Target: x86_64-apple-darwin23.6.0
Thread model: posix
InstalledDir: /Applications/Xcode.app/Contents/Developer/Toolchains/XcodeDefault.xctoolchain/usr/bin
configure:9289: $? = 0
configure:9278: clang++ -V >&5
clang++: error: argument to '-V' is missing (expected 1 value)
clang++: error: no input files
configure:9289: $? = 1
configure:9278: clang++ -qversion >&5
clang++: error: unknown argument '-qversion'; did you mean '--version'?
clang++: error: no input files
configure:9289: $? = 1
configure:9293: checking whether the compiler supports GNU Objective C++
configure:9313: clang++ -c   conftest.mm >&5
configure:9313: $? = 0
configure:9323: result: yes
configure:9334: checking whether clang++ accepts -g
configure:9355: clang++ -c -g  conftest.mm >&5
configure:9355: $? = 0
configure:9399: result: yes
configure:9424: checking dependency style of clang++
configure:9534: result: gcc3
configure:11565: clang++ pretends to be GCC, but fails to prove it in --version
configure:11585: checking operating system
configure:11598: result: MacOSX
configure:11680: checking GCC_M_ARCH
configure:11682: result: -march=native
configure:11876: checking for round
configure:11876: clang -o conftest -Wall -O3 -march=native -fpermissive -flax-vector-conversions -pipe -Wno-variadic-macros -DNDEBUG -D_REENTRANT   conftest.c  -framework CoreFoundation -lm >&5
conftest.c:66:6: warning: incompatible redeclaration of library function 'round' [-Wincompatible-library-redeclaration]
   66 | char round ();
      |      ^
conftest.c:66:6: note: 'round' is a builtin with type 'double (double)'
1 warning generated.
configure:11876: $? = 0
configure:11876: result: yes
configure:11882: checking for lround
configure:11882: clang -o conftest -Wall -O3 -march=native -fpermissive -flax-vector-conversions -pipe -Wno-variadic-macros -DNDEBUG -D_REENTRANT   conftest.c  -framework CoreFoundation -lm >&5
conftest.c:67:6: warning: incompatible redeclaration of library function 'lround' [-Wincompatible-library-redeclaration]
   67 | char lround ();
      |      ^
conftest.c:67:6: note: 'lround' is a builtin with type 'long (double)'
1 warning generated.
configure:11882: $? = 0
configure:11882: result: yes
configure:11888: checking for sincos
configure:11888: clang -o conftest -Wall -O3 -march=native -fpermissive -flax-vector-conversions -pipe -Wno-variadic-macros -DNDEBUG -D_REENTRANT   conftest.c  -framework CoreFoundation -lm >&5
Undefined symbols for architecture x86_64:
  "_sincos", referenced from:
      _main in conftest-b8b873.o
ld: symbol(s) not found for architecture x86_64
clang: error: linker command failed with exit code 1 (use -v to see invocation)
configure:11888: $? = 1
configure: failed program was:
| /* confdefs.h */
| #define PACKAGE_NAME "SPHInX"
| #define PACKAGE_TARNAME "sphinx"
| #define PACKAGE_VERSION "3.1"
| #define PACKAGE_STRING "SPHInX 3.1"
| #define PACKAGE_BUGREPORT "https://sxrepo.mpie.de"
| #define PACKAGE_URL ""
| #define PACKAGE "sphinx"
| #define VERSION "3.1"
| #define WITH_ADDONS /**/
| #define WITH_ADDONS /**/
| #define WITH_TOOLS /**/
| #define WITH_TOOLS /**/
| #define HAVE_STDIO_H 1
| #define HAVE_STDLIB_H 1
| #define HAVE_STRING_H 1
| #define HAVE_INTTYPES_H 1
| #define HAVE_STDINT_H 1
| #define HAVE_STRINGS_H 1
| #define HAVE_SYS_STAT_H 1
| #define HAVE_SYS_TYPES_H 1
| #define HAVE_UNISTD_H 1
| #define STDC_HEADERS 1
| #define SIZEOF_VOIDP 8
| #define HAS_64BIT "1"
| #define UNAME "Darwin"
| #define PROCESSOR "x86_64"
| #define WHOAMI "fonari"
| #define GDB ""
| #define MEMTRACER ""
| #define THREADTRACER ""
| #define DIST_OS "Darwin"
| #define DIST_NAME "MacOSX"
| #define DIST_VERSION ""
| #define DIST_VERSION_L 0L 
| #define DIST_MAJOR ""
| #define DIST_MINOR ""
| #define DIST_PATCH "0"
| #define DIST_REPO_VER "."
| #define PKG_TYPE "pkg"
| #define REPOPROC "x86_64"
| #define SXBINTARGET ""
| #define SXACCELERATE_SRC "/Users/fonari/src/sphinx-mac/sphinx-3.1/src"
| #define SXACCELERATE_BUILD "/Users/fonari/src/sphinx-mac/sphinx-3.1/src"
| #define YYTEXT_POINTER 1
| #define USE_SX_LOG /**/
| #define MACHINE_SPECIFIC /**/
| #define MACOSX "1"
| #define HAVE_ROUND 1
| #define HAVE_LROUND 1
| /* end confdefs.h.  */
| /* Define sincos to an innocuous variant, in case <limits.h> declares sincos.
|    For example, HP-UX 11i <limits.h> declares gettimeofday.  */
| #define sincos innocuous_sincos
| 
| /* System header to define __stub macros and hopefully few prototypes,
|    which can conflict with char sincos (); below.  */
| 
| #include <limits.h>
| #undef sincos
| 
| /* Override any GCC internal prototype to avoid an error.
|    Use char because int might match the return type of a GCC
|    builtin and then its argument prototype would still apply.  */
| #ifdef __cplusplus
| extern "C"
| #endif
| char sincos ();
| /* The GNU C library defines this for functions which it implements
|     to always fail with ENOSYS.  Some functions are actually named
|     something starting with __ and the normal name is an alias.  */
| #if defined __stub_sincos || defined __stub___sincos
| choke me
| #endif
| 
| int
| main (void)
| {
| return sincos ();
|   ;
|   return 0;
| }
configure:11888: result: no
configure:11900: checking for dlopen in -ldl
configure:11923: clang -o conftest -Wall -O3 -march=native -fpermissive -flax-vector-conversions -pipe -Wno-variadic-macros -DNDEBUG -D_REENTRANT   conftest.c -ldl   -framework CoreFoundation >&5
configure:11923: $? = 0
configure:11933: result: yes
configure:11941: checking for pthread_create in -lpthreadGCE2
configure:11964: clang -o conftest -Wall -O3 -march=native -fpermissive -flax-vector-conversions -pipe -Wno-variadic-macros -DNDEBUG -D_REENTRANT   conftest.c -lpthreadGCE2   -framework CoreFoundation -ldl >&5
ld: library 'pthreadGCE2' not found
clang: error: linker command failed with exit code 1 (use -v to see invocation)
configure:11964: $? = 1
configure: failed program was:
| /* confdefs.h */
| #define PACKAGE_NAME "SPHInX"
| #define PACKAGE_TARNAME "sphinx"
| #define PACKAGE_VERSION "3.1"
| #define PACKAGE_STRING "SPHInX 3.1"
| #define PACKAGE_BUGREPORT "https://sxrepo.mpie.de"
| #define PACKAGE_URL ""
| #define PACKAGE "sphinx"
| #define VERSION "3.1"
| #define WITH_ADDONS /**/
| #define WITH_ADDONS /**/
| #define WITH_TOOLS /**/
| #define WITH_TOOLS /**/
| #define HAVE_STDIO_H 1
| #define HAVE_STDLIB_H 1
| #define HAVE_STRING_H 1
| #define HAVE_INTTYPES_H 1
| #define HAVE_STDINT_H 1
| #define HAVE_STRINGS_H 1
| #define HAVE_SYS_STAT_H 1
| #define HAVE_SYS_TYPES_H 1
| #define HAVE_UNISTD_H 1
| #define STDC_HEADERS 1
| #define SIZEOF_VOIDP 8
| #define HAS_64BIT "1"
| #define UNAME "Darwin"
| #define PROCESSOR "x86_64"
| #define WHOAMI "fonari"
| #define GDB ""
| #define MEMTRACER ""
| #define THREADTRACER ""
| #define DIST_OS "Darwin"
| #define DIST_NAME "MacOSX"
| #define DIST_VERSION ""
| #define DIST_VERSION_L 0L 
| #define DIST_MAJOR ""
| #define DIST_MINOR ""
| #define DIST_PATCH "0"
| #define DIST_REPO_VER "."
| #define PKG_TYPE "pkg"
| #define REPOPROC "x86_64"
| #define SXBINTARGET ""
| #define SXACCELERATE_SRC "/Users/fonari/src/sphinx-mac/sphinx-3.1/src"
| #define SXACCELERATE_BUILD "/Users/fonari/src/sphinx-mac/sphinx-3.1/src"
| #define YYTEXT_POINTER 1
| #define USE_SX_LOG /**/
| #define MACHINE_SPECIFIC /**/
| #define MACOSX "1"
| #define HAVE_ROUND 1
| #define HAVE_LROUND 1
| /* end confdefs.h.  */
| 
| /* Override any GCC internal prototype to avoid an error.
|    Use char because int might match the return type of a GCC
|    builtin and then its argument prototype would still apply.  */
| char pthread_create ();
| int
| main (void)
| {
| return pthread_create ();
|   ;
|   return 0;
| }
configure:11974: result: no
configure:11980: checking for pthread_create in -lpthread
configure:12003: clang -o conftest -Wall -O3 -march=native -fpermissive -flax-vector-conversions -pipe -Wno-variadic-macros -DNDEBUG -D_REENTRANT   conftest.c -lpthread   -framework CoreFoundation -ldl >&5
configure:12003: $? = 0
configure:12013: result: yes
configure:12028: checking for suitable compiler flags
configure:12030: result: -Wall -O3 -march=native -fpermissive -flax-vector-conversions -pipe -Wno-variadic-macros -DNDEBUG -D_REENTRANT
configure:12115: checking how to print strings
configure:12142: result: printf
configure:12163: checking for a sed that does not truncate output
configure:12233: result: /usr/bin/sed
configure:12251: checking for grep that handles long lines and -e
configure:12315: result: /usr/bin/grep
configure:12320: checking for egrep
configure:12388: result: /usr/bin/grep -E
configure:12393: checking for fgrep
configure:12461: result: /usr/bin/grep -F
configure:12497: checking for ld used by clang
configure:12565: result: /Applications/Xcode.app/Contents/Developer/Toolchains/XcodeDefault.xctoolchain/usr/bin/ld
configure:12572: checking if the linker (/Applications/Xcode.app/Contents/Developer/Toolchains/XcodeDefault.xctoolchain/usr/bin/ld) is GNU ld
configure:12588: result: no
configure:12600: checking for BSD- or MS-compatible name lister (nm)
configure:12655: result: /usr/bin/nm -B
configure:12795: checking the name lister (/usr/bin/nm -B) interface
configure:12803: clang -c -Wall -O3 -march=native -fpermissive -flax-vector-conversions -pipe -Wno-variadic-macros -DNDEBUG -D_REENTRANT  conftest.c >&5
configure:12806: /usr/bin/nm -B "conftest.o"
configure:12809: output
0000000000000000 S _some_variable
configure:12816: result: BSD nm
configure:12820: checking the maximum length of command line arguments
configure:12952: result: 786432
configure:13000: checking how to convert aarch64-apple-darwin23.6.0 file names to aarch64-apple-darwin23.6.0 format
configure:13041: result: func_convert_file_noop
configure:13048: checking how to convert aarch64-apple-darwin23.6.0 file names to toolchain format
configure:13069: result: func_convert_file_noop
configure:13076: checking for /Applications/Xcode.app/Contents/Developer/Toolchains/XcodeDefault.xctoolchain/usr/bin/ld option to reload object files
configure:13084: result: -r
configure:13163: checking for objdump
configure:13184: found /usr/bin/objdump
configure:13195: result: objdump
configure:13224: checking how to recognize dependent libraries
configure:13425: result: pass_all
configure:13515: checking for dlltool
configure:13550: result: no
configure:13577: checking how to associate runtime and link libraries
configure:13605: result: printf %s\n
configure:13670: checking for ar
configure:13691: found /usr/bin/ar
configure:13702: result: ar
configure:13739: checking for archiver @FILE support
configure:13757: clang -c -Wall -O3 -march=native -fpermissive -flax-vector-conversions -pipe -Wno-variadic-macros -DNDEBUG -D_REENTRANT  conftest.c >&5
configure:13757: $? = 0
configure:13761: ar ruv libconftest.a @conftest.lst >&5
ar: creating archive libconftest.a
ar: @conftest.lst: No such file or directory
a - @conftest.lst
configure:13764: $? = 1
configure:13784: result: no
configure:13847: checking for strip
configure:13868: found /usr/bin/strip
configure:13879: result: strip
configure:13956: checking for ranlib
configure:13977: found /usr/bin/ranlib
configure:13988: result: ranlib
configure:14090: checking command to parse /usr/bin/nm -B output from clang object
configure:14244: clang -c -Wall -O3 -march=native -fpermissive -flax-vector-conversions -pipe -Wno-variadic-macros -DNDEBUG -D_REENTRANT  conftest.c >&5
configure:14247: $? = 0
configure:14251: /usr/bin/nm -B conftest.o | sed -n -e 's/^.*[	 ]\([ABCDGIRSTW][ABCDGIRSTW]*\)[	 ][	 ]*\([_A-Za-z][_A-Za-z0-9]*\)$/\1 \2 \2/p' | sed '/ __gnu_lto/d' > conftest.nm
cannot find nm_test_var in conftest.nm
configure:14244: clang -c -Wall -O3 -march=native -fpermissive -flax-vector-conversions -pipe -Wno-variadic-macros -DNDEBUG -D_REENTRANT  conftest.c >&5
configure:14247: $? = 0
configure:14251: /usr/bin/nm -B conftest.o | sed -n -e 's/^.*[	 ]\([ABCDGIRSTW][ABCDGIRSTW]*\)[	 ][	 ]*_\([_A-Za-z][_A-Za-z0-9]*\)$/\1 _\2 \2/p' | sed '/ __gnu_lto/d' > conftest.nm
configure:14317: clang -o conftest -Wall -O3 -march=native -fpermissive -flax-vector-conversions -pipe -Wno-variadic-macros -DNDEBUG -D_REENTRANT   conftest.c conftstm.o >&5
configure:14320: $? = 0
configure:14358: result: ok
configure:14405: checking for sysroot
configure:14436: result: no
configure:14443: checking for a working dd
configure:14487: result: /bin/dd
configure:14491: checking how to truncate binary pipes
configure:14507: result: /bin/dd bs=4096 count=1
configure:14844: checking for mt
configure:14879: result: no
configure:14899: checking if : is a manifest tool
configure:14906: : '-?'
configure:14914: result: no
configure:14975: checking for dsymutil
configure:14996: found /usr/bin/dsymutil
configure:15007: result: dsymutil
configure:15077: checking for nmedit
configure:15098: found /usr/bin/nmedit
configure:15109: result: nmedit
configure:15179: checking for lipo
configure:15200: found /usr/bin/lipo
configure:15211: result: lipo
configure:15281: checking for otool
configure:15302: found /usr/bin/otool
configure:15313: result: otool
configure:15383: checking for otool64
configure:15418: result: no
configure:15463: checking for -single_module linker flag
clang -Wall -O3 -march=native -fpermissive -flax-vector-conversions -pipe -Wno-variadic-macros -DNDEBUG -D_REENTRANT  -o libconftest.dylib -dynamiclib -Wl,-single_module conftest.c
ld: warning: -single_module is obsolete
configure:15497: result: no
configure:15500: checking for -exported_symbols_list linker flag
configure:15521: clang -o conftest -Wall -O3 -march=native -fpermissive -flax-vector-conversions -pipe -Wno-variadic-macros -DNDEBUG -D_REENTRANT   -Wl,-exported_symbols_list,conftest.sym conftest.c  -framework CoreFoundation -ldl -lpthread >&5
configure:15521: $? = 0
configure:15532: result: yes
configure:15535: checking for -force_load linker flag
clang -Wall -O3 -march=native -fpermissive -flax-vector-conversions -pipe -Wno-variadic-macros -DNDEBUG -D_REENTRANT -c -o conftest.o conftest.c
ar cr libconftest.a conftest.o
ranlib libconftest.a
clang -Wall -O3 -march=native -fpermissive -flax-vector-conversions -pipe -Wno-variadic-macros -DNDEBUG -D_REENTRANT  -o conftest conftest.c -Wl,-force_load,./libconftest.a
configure:15568: result: yes
configure:15640: checking for dlfcn.h
configure:15640: clang -c -Wall -O3 -march=native -fpermissive -flax-vector-conversions -pipe -Wno-variadic-macros -DNDEBUG -D_REENTRANT  conftest.c >&5
configure:15640: $? = 0
configure:15640: result: yes
configure:16236: checking for objdir
configure:16252: result: .libs
configure:16516: checking if clang supports -fno-rtti -fno-exceptions
configure:16535: clang -c -Wall -O3 -march=native -fpermissive -flax-vector-conversions -pipe -Wno-variadic-macros -DNDEBUG -D_REENTRANT  -fno-rtti -fno-exceptions conftest.c >&5
configure:16539: $? = 0
configure:16552: result: yes
configure:16916: checking for clang option to produce PIC
configure:16924: result: -fno-common -DPIC
configure:16932: checking if clang PIC flag -fno-common -DPIC works
configure:16951: clang -c -Wall -O3 -march=native -fpermissive -flax-vector-conversions -pipe -Wno-variadic-macros -DNDEBUG -D_REENTRANT  -fno-common -DPIC -DPIC conftest.c >&5
configure:16955: $? = 0
configure:16968: result: yes
configure:16997: checking if clang static flag -static works
configure:17026: result: no
configure:17041: checking if clang supports -c -o file.o
configure:17063: clang -c -Wall -O3 -march=native -fpermissive -flax-vector-conversions -pipe -Wno-variadic-macros -DNDEBUG -D_REENTRANT  -o out/conftest2.o conftest.c >&5
configure:17067: $? = 0
configure:17089: result: yes
configure:17097: checking if clang supports -c -o file.o
configure:17145: result: yes
configure:17178: checking whether the clang linker (/Applications/Xcode.app/Contents/Developer/Toolchains/XcodeDefault.xctoolchain/usr/bin/ld) supports shared libraries
configure:18448: result: yes
configure:18689: checking dynamic linker characteristics
configure:19522: result: darwin23.6.0 dyld
configure:19644: checking how to hardcode library paths into programs
configure:19669: result: immediate
configure:20221: checking whether stripping libraries is possible
configure:20235: result: yes
configure:20261: checking if libtool supports shared libraries
configure:20263: result: yes
configure:20266: checking whether to build shared libraries
configure:20291: result: yes
configure:20294: checking whether to build static libraries
configure:20298: result: no
configure:20321: checking how to run the C++ preprocessor
configure:20343: clang++ -E  conftest.cpp
configure:20343: $? = 0
configure:20358: clang++ -E  conftest.cpp
conftest.cpp:59:10: fatal error: 'ac_nonexistent.h' file not found
   59 | #include <ac_nonexistent.h>
      |          ^~~~~~~~~~~~~~~~~~
1 error generated.
configure:20358: $? = 1
configure: failed program was:
| /* confdefs.h */
| #define PACKAGE_NAME "SPHInX"
| #define PACKAGE_TARNAME "sphinx"
| #define PACKAGE_VERSION "3.1"
| #define PACKAGE_STRING "SPHInX 3.1"
| #define PACKAGE_BUGREPORT "https://sxrepo.mpie.de"
| #define PACKAGE_URL ""
| #define PACKAGE "sphinx"
| #define VERSION "3.1"
| #define WITH_ADDONS /**/
| #define WITH_ADDONS /**/
| #define WITH_TOOLS /**/
| #define WITH_TOOLS /**/
| #define HAVE_STDIO_H 1
| #define HAVE_STDLIB_H 1
| #define HAVE_STRING_H 1
| #define HAVE_INTTYPES_H 1
| #define HAVE_STDINT_H 1
| #define HAVE_STRINGS_H 1
| #define HAVE_SYS_STAT_H 1
| #define HAVE_SYS_TYPES_H 1
| #define HAVE_UNISTD_H 1
| #define STDC_HEADERS 1
| #define SIZEOF_VOIDP 8
| #define HAS_64BIT "1"
| #define UNAME "Darwin"
| #define PROCESSOR "x86_64"
| #define WHOAMI "fonari"
| #define GDB ""
| #define MEMTRACER ""
| #define THREADTRACER ""
| #define DIST_OS "Darwin"
| #define DIST_NAME "MacOSX"
| #define DIST_VERSION ""
| #define DIST_VERSION_L 0L 
| #define DIST_MAJOR ""
| #define DIST_MINOR ""
| #define DIST_PATCH "0"
| #define DIST_REPO_VER "."
| #define PKG_TYPE "pkg"
| #define REPOPROC "x86_64"
| #define SXBINTARGET ""
| #define SXACCELERATE_SRC "/Users/fonari/src/sphinx-mac/sphinx-3.1/src"
| #define SXACCELERATE_BUILD "/Users/fonari/src/sphinx-mac/sphinx-3.1/src"
| #define YYTEXT_POINTER 1
| #define USE_SX_LOG /**/
| #define MACHINE_SPECIFIC /**/
| #define MACOSX "1"
| #define HAVE_ROUND 1
| #define HAVE_LROUND 1
| #define CXX "clang++"
| #define CXXFLAGS "-Wall -O3 -march=native -fpermissive -flax-vector-conversions -pipe -Wno-variadic-macros -DNDEBUG -D_REENTRANT"
| #define CXXVERSION "Apple clang version 16.0.0 (clang-1600.0.26.6)"
| #define F77 ""
| #define FFLAGS ""
| #define HAVE_DLFCN_H 1
| #define LT_OBJDIR ".libs/"
| /* end confdefs.h.  */
| #include <ac_nonexistent.h>
configure:20385: result: clang++ -E
configure:20399: clang++ -E  conftest.cpp
configure:20399: $? = 0
configure:20414: clang++ -E  conftest.cpp
conftest.cpp:59:10: fatal error: 'ac_nonexistent.h' file not found
   59 | #include <ac_nonexistent.h>
      |          ^~~~~~~~~~~~~~~~~~
1 error generated.
configure:20414: $? = 1
configure: failed program was:
| /* confdefs.h */
| #define PACKAGE_NAME "SPHInX"
| #define PACKAGE_TARNAME "sphinx"
| #define PACKAGE_VERSION "3.1"
| #define PACKAGE_STRING "SPHInX 3.1"
| #define PACKAGE_BUGREPORT "https://sxrepo.mpie.de"
| #define PACKAGE_URL ""
| #define PACKAGE "sphinx"
| #define VERSION "3.1"
| #define WITH_ADDONS /**/
| #define WITH_ADDONS /**/
| #define WITH_TOOLS /**/
| #define WITH_TOOLS /**/
| #define HAVE_STDIO_H 1
| #define HAVE_STDLIB_H 1
| #define HAVE_STRING_H 1
| #define HAVE_INTTYPES_H 1
| #define HAVE_STDINT_H 1
| #define HAVE_STRINGS_H 1
| #define HAVE_SYS_STAT_H 1
| #define HAVE_SYS_TYPES_H 1
| #define HAVE_UNISTD_H 1
| #define STDC_HEADERS 1
| #define SIZEOF_VOIDP 8
| #define HAS_64BIT "1"
| #define UNAME "Darwin"
| #define PROCESSOR "x86_64"
| #define WHOAMI "fonari"
| #define GDB ""
| #define MEMTRACER ""
| #define THREADTRACER ""
| #define DIST_OS "Darwin"
| #define DIST_NAME "MacOSX"
| #define DIST_VERSION ""
| #define DIST_VERSION_L 0L 
| #define DIST_MAJOR ""
| #define DIST_MINOR ""
| #define DIST_PATCH "0"
| #define DIST_REPO_VER "."
| #define PKG_TYPE "pkg"
| #define REPOPROC "x86_64"
| #define SXBINTARGET ""
| #define SXACCELERATE_SRC "/Users/fonari/src/sphinx-mac/sphinx-3.1/src"
| #define SXACCELERATE_BUILD "/Users/fonari/src/sphinx-mac/sphinx-3.1/src"
| #define YYTEXT_POINTER 1
| #define USE_SX_LOG /**/
| #define MACHINE_SPECIFIC /**/
| #define MACOSX "1"
| #define HAVE_ROUND 1
| #define HAVE_LROUND 1
| #define CXX "clang++"
| #define CXXFLAGS "-Wall -O3 -march=native -fpermissive -flax-vector-conversions -pipe -Wno-variadic-macros -DNDEBUG -D_REENTRANT"
| #define CXXVERSION "Apple clang version 16.0.0 (clang-1600.0.26.6)"
| #define F77 ""
| #define FFLAGS ""
| #define HAVE_DLFCN_H 1
| #define LT_OBJDIR ".libs/"
| /* end confdefs.h.  */
| #include <ac_nonexistent.h>
configure:20579: checking for ld used by clang++
configure:20647: result: /Applications/Xcode.app/Contents/Developer/Toolchains/XcodeDefault.xctoolchain/usr/bin/ld
configure:20654: checking if the linker (/Applications/Xcode.app/Contents/Developer/Toolchains/XcodeDefault.xctoolchain/usr/bin/ld) is GNU ld
configure:20670: result: no
configure:20725: checking whether the clang++ linker (/Applications/Xcode.app/Contents/Developer/Toolchains/XcodeDefault.xctoolchain/usr/bin/ld) supports shared libraries
configure:21802: result: yes
configure:21838: clang++ -c -Wall -O3 -march=native -fpermissive -flax-vector-conversions -pipe -Wno-variadic-macros -DNDEBUG -D_REENTRANT  conftest.cpp >&5
configure:21841: $? = 0
configure:22322: checking for clang++ option to produce PIC
configure:22330: result: -fno-common -DPIC
configure:22338: checking if clang++ PIC flag -fno-common -DPIC works
configure:22357: clang++ -c -Wall -O3 -march=native -fpermissive -flax-vector-conversions -pipe -Wno-variadic-macros -DNDEBUG -D_REENTRANT  -fno-common -DPIC -DPIC conftest.cpp >&5
configure:22361: $? = 0
configure:22374: result: yes
configure:22397: checking if clang++ static flag -static works
configure:22426: result: no
configure:22438: checking if clang++ supports -c -o file.o
configure:22460: clang++ -c -Wall -O3 -march=native -fpermissive -flax-vector-conversions -pipe -Wno-variadic-macros -DNDEBUG -D_REENTRANT  -o out/conftest2.o conftest.cpp >&5
configure:22464: $? = 0
configure:22486: result: yes
configure:22491: checking if clang++ supports -c -o file.o
configure:22539: result: yes
configure:22569: checking whether the clang++ linker (/Applications/Xcode.app/Contents/Developer/Toolchains/XcodeDefault.xctoolchain/usr/bin/ld) supports shared libraries
configure:22612: result: yes
configure:22754: checking dynamic linker characteristics
configure:23514: result: darwin23.6.0 dyld
configure:23579: checking how to hardcode library paths into programs
configure:23604: result: immediate
configure:23678: Setting up numlibs
configure:23686: checking for rand in -lgfortran
configure:23709: clang -o conftest -Wall -O3 -march=native -fpermissive -flax-vector-conversions -pipe -Wno-variadic-macros -DNDEBUG -D_REENTRANT   conftest.c -lgfortran  -lm  -framework CoreFoundation -ldl -lpthread >&5
ld: library 'gfortran' not found
clang: error: linker command failed with exit code 1 (use -v to see invocation)
configure:23709: $? = 1
configure: failed program was:
| /* confdefs.h */
| #define PACKAGE_NAME "SPHInX"
| #define PACKAGE_TARNAME "sphinx"
| #define PACKAGE_VERSION "3.1"
| #define PACKAGE_STRING "SPHInX 3.1"
| #define PACKAGE_BUGREPORT "https://sxrepo.mpie.de"
| #define PACKAGE_URL ""
| #define PACKAGE "sphinx"
| #define VERSION "3.1"
| #define WITH_ADDONS /**/
| #define WITH_ADDONS /**/
| #define WITH_TOOLS /**/
| #define WITH_TOOLS /**/
| #define HAVE_STDIO_H 1
| #define HAVE_STDLIB_H 1
| #define HAVE_STRING_H 1
| #define HAVE_INTTYPES_H 1
| #define HAVE_STDINT_H 1
| #define HAVE_STRINGS_H 1
| #define HAVE_SYS_STAT_H 1
| #define HAVE_SYS_TYPES_H 1
| #define HAVE_UNISTD_H 1
| #define STDC_HEADERS 1
| #define SIZEOF_VOIDP 8
| #define HAS_64BIT "1"
| #define UNAME "Darwin"
| #define PROCESSOR "x86_64"
| #define WHOAMI "fonari"
| #define GDB ""
| #define MEMTRACER ""
| #define THREADTRACER ""
| #define DIST_OS "Darwin"
| #define DIST_NAME "MacOSX"
| #define DIST_VERSION ""
| #define DIST_VERSION_L 0L 
| #define DIST_MAJOR ""
| #define DIST_MINOR ""
| #define DIST_PATCH "0"
| #define DIST_REPO_VER "."
| #define PKG_TYPE "pkg"
| #define REPOPROC "x86_64"
| #define SXBINTARGET ""
| #define SXACCELERATE_SRC "/Users/fonari/src/sphinx-mac/sphinx-3.1/src"
| #define SXACCELERATE_BUILD "/Users/fonari/src/sphinx-mac/sphinx-3.1/src"
| #define YYTEXT_POINTER 1
| #define USE_SX_LOG /**/
| #define MACHINE_SPECIFIC /**/
| #define MACOSX "1"
| #define HAVE_ROUND 1
| #define HAVE_LROUND 1
| #define CXX "clang++"
| #define CXXFLAGS "-Wall -O3 -march=native -fpermissive -flax-vector-conversions -pipe -Wno-variadic-macros -DNDEBUG -D_REENTRANT"
| #define CXXVERSION "Apple clang version 16.0.0 (clang-1600.0.26.6)"
| #define F77 ""
| #define FFLAGS ""
| #define HAVE_DLFCN_H 1
| #define LT_OBJDIR ".libs/"
| /* end confdefs.h.  */
| 
| /* Override any GCC internal prototype to avoid an error.
|    Use char because int might match the return type of a GCC
|    builtin and then its argument prototype would still apply.  */
| char rand ();
| int
| main (void)
| {
| return rand ();
|   ;
|   return 0;
| }
configure:23719: result: no
configure:23729: checking for _gfortran_copy_string in -lgfortran
configure:23752: clang -o conftest -Wall -O3 -march=native -fpermissive -flax-vector-conversions -pipe -Wno-variadic-macros -DNDEBUG -D_REENTRANT   conftest.c -lgfortran  -lm  -framework CoreFoundation -ldl -lpthread >&5
ld: library 'gfortran' not found
clang: error: linker command failed with exit code 1 (use -v to see invocation)
configure:23752: $? = 1
configure: failed program was:
| /* confdefs.h */
| #define PACKAGE_NAME "SPHInX"
| #define PACKAGE_TARNAME "sphinx"
| #define PACKAGE_VERSION "3.1"
| #define PACKAGE_STRING "SPHInX 3.1"
| #define PACKAGE_BUGREPORT "https://sxrepo.mpie.de"
| #define PACKAGE_URL ""
| #define PACKAGE "sphinx"
| #define VERSION "3.1"
| #define WITH_ADDONS /**/
| #define WITH_ADDONS /**/
| #define WITH_TOOLS /**/
| #define WITH_TOOLS /**/
| #define HAVE_STDIO_H 1
| #define HAVE_STDLIB_H 1
| #define HAVE_STRING_H 1
| #define HAVE_INTTYPES_H 1
| #define HAVE_STDINT_H 1
| #define HAVE_STRINGS_H 1
| #define HAVE_SYS_STAT_H 1
| #define HAVE_SYS_TYPES_H 1
| #define HAVE_UNISTD_H 1
| #define STDC_HEADERS 1
| #define SIZEOF_VOIDP 8
| #define HAS_64BIT "1"
| #define UNAME "Darwin"
| #define PROCESSOR "x86_64"
| #define WHOAMI "fonari"
| #define GDB ""
| #define MEMTRACER ""
| #define THREADTRACER ""
| #define DIST_OS "Darwin"
| #define DIST_NAME "MacOSX"
| #define DIST_VERSION ""
| #define DIST_VERSION_L 0L 
| #define DIST_MAJOR ""
| #define DIST_MINOR ""
| #define DIST_PATCH "0"
| #define DIST_REPO_VER "."
| #define PKG_TYPE "pkg"
| #define REPOPROC "x86_64"
| #define SXBINTARGET ""
| #define SXACCELERATE_SRC "/Users/fonari/src/sphinx-mac/sphinx-3.1/src"
| #define SXACCELERATE_BUILD "/Users/fonari/src/sphinx-mac/sphinx-3.1/src"
| #define YYTEXT_POINTER 1
| #define USE_SX_LOG /**/
| #define MACHINE_SPECIFIC /**/
| #define MACOSX "1"
| #define HAVE_ROUND 1
| #define HAVE_LROUND 1
| #define CXX "clang++"
| #define CXXFLAGS "-Wall -O3 -march=native -fpermissive -flax-vector-conversions -pipe -Wno-variadic-macros -DNDEBUG -D_REENTRANT"
| #define CXXVERSION "Apple clang version 16.0.0 (clang-1600.0.26.6)"
| #define F77 ""
| #define FFLAGS ""
| #define HAVE_DLFCN_H 1
| #define LT_OBJDIR ".libs/"
| /* end confdefs.h.  */
| 
| /* Override any GCC internal prototype to avoid an error.
|    Use char because int might match the return type of a GCC
|    builtin and then its argument prototype would still apply.  */
| char _gfortran_copy_string ();
| int
| main (void)
| {
| return _gfortran_copy_string ();
|   ;
|   return 0;
| }
configure:23762: result: no
configure:23813: checking whether to use numlibs
configure:23821: result: /Users/fonari/src/sphinx-mac/sphinx-3.1/../netcdf/netcdf-c-4.8.1/install_dn
configure:23847: checking whether to enable numlibschecks
configure:23855: result: no
configure:23877: checking whether to enable atlas
configure:23885: result: no
configure:23901: checking whether to enable netlib
configure:23909: result: no
configure:23925: checking whether to enable acml
configure:23933: result: no
configure:23959: checking whether to use mklpath
configure:23967: result: /Users/fonari/src/2026-2/schrodinger_buildenv_packages/.pixi/envs/schrodinger/mkl-2020.0.166/include:/Users/fonari/src/2026-2/schrodinger_buildenv_packages/.pixi/envs/schrodinger/mkl-2020.0.166/lib
configure:23993: checking whether to enable mkl
configure:24001: result: yes
configure:24017: checking whether to enable goto
configure:24025: result: no
configure:24041: checking whether to enable fftw
configure:24049: result: no
configure:24065: checking whether to enable mklfft
configure:24073: result: yes
configure:24089: checking whether to enable acmlfft
configure:24097: result: no
configure:24113: checking whether to enable mpi
configure:24121: result: no
configure:24137: checking whether to enable netcdf4
configure:24145: result: no
configure:24161: checking whether to enable parnetcdf4
configure:24169: result: no
configure:24185: checking whether to enable openmp
configure:24193: result: no
configure:24209: checking whether to enable hdf5
configure:24217: result: no
configure:24233: checking whether to enable pcre2
configure:24241: result: auto
configure:24313: Adding include path /Users/fonari/src/sphinx-mac/sphinx-3.1/../netcdf/netcdf-c-4.8.1/install_dn/include
configure:24321: Adding library path /Users/fonari/src/sphinx-mac/sphinx-3.1/../netcdf/netcdf-c-4.8.1/install_dn/lib
configure:24346: checking for /Users/fonari/src/2026-2/schrodinger_buildenv_packages/.pixi/envs/schrodinger/mkl-2020.0.166/include/mkl.h
configure:24361: result: yes
configure:24371: checking for /Users/fonari/src/2026-2/schrodinger_buildenv_packages/.pixi/envs/schrodinger/mkl-2020.0.166/lib/libmkl_core.dylib
configure:24386: result: yes
configure:25209: checking for dnrm2
configure:25209: clang -o conftest -Wall -O3 -march=native -fpermissive -flax-vector-conversions -pipe -Wno-variadic-macros -DNDEBUG -D_REENTRANT  -I/Users/fonari/src/sphinx-mac/netcdf/netcdf-c-4.8.1/install_dn/include -I/Users/fonari/src/2026-2/schrodinger_buildenv_packages/.pixi/envs/schrodinger/mkl-2020.0.166/include -L/Users/fonari/src/2026-2/schrodinger_buildenv_packages/.pixi/envs/schrodinger/mkl-2020.0.166/lib -Wl,-rpath,/Users/fonari/src/2026-2/schrodinger_buildenv_packages/.pixi/envs/schrodinger/mkl-2020.0.166/lib  -L/Users/fonari/src/sphinx-mac/netcdf/netcdf-c-4.8.1/install_dn/lib conftest.c -lmkl_intel_lp64 -lmkl_core -lmkl_sequential -ldl -ldl -lpthread -lm  -lm  -framework CoreFoundation -ldl -lpthread -lm  -framework CoreFoundation -ldl -lpthread >&5
ld: warning: ignoring duplicate libraries: '-ldl', '-lm', '-lpthread'
configure:25209: $? = 0
configure:25209: result: yes
configure:26178: checking for pcre2.h
configure:26178: clang -c -Wall -O3 -march=native -fpermissive -flax-vector-conversions -pipe -Wno-variadic-macros -DNDEBUG -D_REENTRANT  -I/Users/fonari/src/sphinx-mac/netcdf/netcdf-c-4.8.1/install_dn/include -I/Users/fonari/src/2026-2/schrodinger_buildenv_packages/.pixi/envs/schrodinger/mkl-2020.0.166/include conftest.c >&5
conftest.c:64:10: fatal error: 'pcre2.h' file not found
   64 | #include <pcre2.h>
      |          ^~~~~~~~~
1 error generated.
configure:26178: $? = 1
configure: failed program was:
| /* confdefs.h */
| #define PACKAGE_NAME "SPHInX"
| #define PACKAGE_TARNAME "sphinx"
| #define PACKAGE_VERSION "3.1"
| #define PACKAGE_STRING "SPHInX 3.1"
| #define PACKAGE_BUGREPORT "https://sxrepo.mpie.de"
| #define PACKAGE_URL ""
| #define PACKAGE "sphinx"
| #define VERSION "3.1"
| #define WITH_ADDONS /**/
| #define WITH_ADDONS /**/
| #define WITH_TOOLS /**/
| #define WITH_TOOLS /**/
| #define HAVE_STDIO_H 1
| #define HAVE_STDLIB_H 1
| #define HAVE_STRING_H 1
| #define HAVE_INTTYPES_H 1
| #define HAVE_STDINT_H 1
| #define HAVE_STRINGS_H 1
| #define HAVE_SYS_STAT_H 1
| #define HAVE_SYS_TYPES_H 1
| #define HAVE_UNISTD_H 1
| #define STDC_HEADERS 1
| #define SIZEOF_VOIDP 8
| #define HAS_64BIT "1"
| #define UNAME "Darwin"
| #define PROCESSOR "x86_64"
| #define WHOAMI "fonari"
| #define GDB ""
| #define MEMTRACER ""
| #define THREADTRACER ""
| #define DIST_OS "Darwin"
| #define DIST_NAME "MacOSX"
| #define DIST_VERSION ""
| #define DIST_VERSION_L 0L 
| #define DIST_MAJOR ""
| #define DIST_MINOR ""
| #define DIST_PATCH "0"
| #define DIST_REPO_VER "."
| #define PKG_TYPE "pkg"
| #define REPOPROC "x86_64"
| #define SXBINTARGET ""
| #define SXACCELERATE_SRC "/Users/fonari/src/sphinx-mac/sphinx-3.1/src"
| #define SXACCELERATE_BUILD "/Users/fonari/src/sphinx-mac/sphinx-3.1/src"
| #define YYTEXT_POINTER 1
| #define USE_SX_LOG /**/
| #define MACHINE_SPECIFIC /**/
| #define MACOSX "1"
| #define HAVE_ROUND 1
| #define HAVE_LROUND 1
| #define CXX "clang++"
| #define CXXFLAGS "-Wall -O3 -march=native -fpermissive -flax-vector-conversions -pipe -Wno-variadic-macros -DNDEBUG -D_REENTRANT"
| #define CXXVERSION "Apple clang version 16.0.0 (clang-1600.0.26.6)"
| #define F77 ""
| #define FFLAGS ""
| #define HAVE_DLFCN_H 1
| #define LT_OBJDIR ".libs/"
| #define USE_INTEL_MKL /**/
| #define USE_MKL_FFT /**/
| #define SXCOPYRIGHT "| S/PHI/nX utilizes the following 3rd-party libraries:\n|    - Intel MKL       http://software.intel.com/en-us/intel-mkl\n|    - Flex            http://flex.sourceforge.net\n|    - NetCDF          http://www.unidata.ucar.edu/software/netcdf\n"
| /* end confdefs.h.  */
| #define PCRE2_CODE_UNIT_WIDTH 8
| 
| #include <pcre2.h>
configure:26178: result: no
configure:26191: pcre2 will not be used
configure:26265: checking for perl
configure:26288: found /Users/fonari/src/2026-2/schrodinger_buildenv_packages/.pixi/envs/schrodinger/perl-5.14.2-sdk1012/bin/perl
configure:26300: result: /Users/fonari/src/2026-2/schrodinger_buildenv_packages/.pixi/envs/schrodinger/perl-5.14.2-sdk1012/bin/perl
configure:26481: checking for find
configure:26504: found /usr/bin/find
configure:26516: result: /usr/bin/find
configure:26589: checking for rm
configure:26612: found /bin/rm
configure:26624: result: /bin/rm
configure:26650: checking for gzcat
configure:26673: found /usr/bin/gzcat
configure:26685: result: /usr/bin/gzcat
configure:26700: checking for gtail
configure:26738: result: no
configure:26700: checking for tail
configure:26723: found /usr/bin/tail
configure:26735: result: /usr/bin/tail
configure:26750: checking for gawk
configure:26788: result: no
configure:26750: checking for awk
configure:26773: found /usr/bin/awk
configure:26785: result: /usr/bin/awk
configure:26800: checking for gsed
configure:26835: result: /usr/bin/sed
configure:26915: checking for sincos in -lm
configure:26938: clang -o conftest -Wall -O3 -march=native -fpermissive -flax-vector-conversions -pipe -Wno-variadic-macros -DNDEBUG -D_REENTRANT  -I/Users/fonari/src/sphinx-mac/netcdf/netcdf-c-4.8.1/install_dn/include -I/Users/fonari/src/2026-2/schrodinger_buildenv_packages/.pixi/envs/schrodinger/mkl-2020.0.166/include -L/Users/fonari/src/2026-2/schrodinger_buildenv_packages/.pixi/envs/schrodinger/mkl-2020.0.166/lib -Wl,-rpath,/Users/fonari/src/2026-2/schrodinger_buildenv_packages/.pixi/envs/schrodinger/mkl-2020.0.166/lib  -L/Users/fonari/src/sphinx-mac/netcdf/netcdf-c-4.8.1/install_dn/lib conftest.c -lm   -framework CoreFoundation -ldl -lpthread >&5
Undefined symbols for architecture x86_64:
  "_sincos", referenced from:
      _main in conftest-8b0252.o
ld: symbol(s) not found for architecture x86_64
clang: error: linker command failed with exit code 1 (use -v to see invocation)
configure:26938: $? = 1
configure: failed program was:
| /* confdefs.h */
| #define PACKAGE_NAME "SPHInX"
| #define PACKAGE_TARNAME "sphinx"
| #define PACKAGE_VERSION "3.1"
| #define PACKAGE_STRING "SPHInX 3.1"
| #define PACKAGE_BUGREPORT "https://sxrepo.mpie.de"
| #define PACKAGE_URL ""
| #define PACKAGE "sphinx"
| #define VERSION "3.1"
| #define WITH_ADDONS /**/
| #define WITH_ADDONS /**/
| #define WITH_TOOLS /**/
| #define WITH_TOOLS /**/
| #define HAVE_STDIO_H 1
| #define HAVE_STDLIB_H 1
| #define HAVE_STRING_H 1
| #define HAVE_INTTYPES_H 1
| #define HAVE_STDINT_H 1
| #define HAVE_STRINGS_H 1
| #define HAVE_SYS_STAT_H 1
| #define HAVE_SYS_TYPES_H 1
| #define HAVE_UNISTD_H 1
| #define STDC_HEADERS 1
| #define SIZEOF_VOIDP 8
| #define HAS_64BIT "1"
| #define UNAME "Darwin"
| #define PROCESSOR "x86_64"
| #define WHOAMI "fonari"
| #define GDB ""
| #define MEMTRACER ""
| #define THREADTRACER ""
| #define DIST_OS "Darwin"
| #define DIST_NAME "MacOSX"
| #define DIST_VERSION ""
| #define DIST_VERSION_L 0L 
| #define DIST_MAJOR ""
| #define DIST_MINOR ""
| #define DIST_PATCH "0"
| #define DIST_REPO_VER "."
| #define PKG_TYPE "pkg"
| #define REPOPROC "x86_64"
| #define SXBINTARGET ""
| #define SXACCELERATE_SRC "/Users/fonari/src/sphinx-mac/sphinx-3.1/src"
| #define SXACCELERATE_BUILD "/Users/fonari/src/sphinx-mac/sphinx-3.1/src"
| #define YYTEXT_POINTER 1
| #define USE_SX_LOG /**/
| #define MACHINE_SPECIFIC /**/
| #define MACOSX "1"
| #define HAVE_ROUND 1
| #define HAVE_LROUND 1
| #define CXX "clang++"
| #define CXXFLAGS "-Wall -O3 -march=native -fpermissive -flax-vector-conversions -pipe -Wno-variadic-macros -DNDEBUG -D_REENTRANT"
| #define CXXVERSION "Apple clang version 16.0.0 (clang-1600.0.26.6)"
| #define F77 ""
| #define FFLAGS ""
| #define HAVE_DLFCN_H 1
| #define LT_OBJDIR ".libs/"
| #define USE_INTEL_MKL /**/
| #define USE_MKL_FFT /**/
| #define SXCOPYRIGHT "| S/PHI/nX utilizes the following 3rd-party libraries:\n|    - Intel MKL       http://software.intel.com/en-us/intel-mkl\n|    - Flex            http://flex.sourceforge.net\n|    - NetCDF          http://www.unidata.ucar.edu/software/netcdf\n"
| /* end confdefs.h.  */
| 
| /* Override any GCC internal prototype to avoid an error.
|    Use char because int might match the return type of a GCC
|    builtin and then its argument prototype would still apply.  */
| char sincos ();
| int
| main (void)
| {
| return sincos ();
|   ;
|   return 0;
| }
configure:26948: result: no
configure:27086: checking that generated files are newer than configure
configure:27092: result: done
configure:27208: creating ./config.status

## ---------------------- ##
## Running config.status. ##
## ---------------------- ##

This file was extended by SPHInX config.status 3.1, which was
generated by GNU Autoconf 2.71.  Invocation command line was

  CONFIG_FILES    = 
  CONFIG_HEADERS  = 
  CONFIG_LINKS    = 
  CONFIG_COMMANDS = 
  $ ./config.status 

on Y76X0Q4QHW-MBP

config.status:1350: creating Makefile
config.status:1350: creating geom/Makefile
config.status:1350: creating geom/examples/Makefile
config.status:1350: creating lgpl/Makefile
config.status:1350: creating io2/Makefile
config.status:1350: creating io2/examples/Makefile
config.status:1350: creating dirac/Makefile
config.status:1350: creating dft/Makefile
config.status:1350: creating dft/examples/Makefile
config.status:1350: creating struct/Makefile
config.status:1350: creating struct/examples/Makefile
config.status:1350: creating exx/Makefile
config.status:1350: creating classic/Makefile
config.status:1350: creating addutil/Makefile
config.status:1350: creating add-ons/Makefile
config.status:1350: creating tools/Makefile
config.status:1350: creating doc/Makefile
config.status:1350: creating share/Makefile
config.status:1350: creating share/sphinx/Makefile
config.status:1350: creating share/sphinx/std/Makefile
config.status:1350: creating share/sphinx/structures/Makefile
config.status:1350: creating add-ons/sxget
config.status:1350: creating dummy-config
config.status:1531: dummy-config is unchanged
config.status:1350: creating dft/SxDFTConfig.h
config.status:1531: dft/SxDFTConfig.h is unchanged
config.status:1579: executing depfiles commands
config.status:1657: cd geom       && sed -e '/# am--include-marker/d' Makefile         | make -f - am--depfiles
make: Nothing to be done for `am--depfiles'.
config.status:1662: $? = 0
config.status:1657: cd geom/examples       && sed -e '/# am--include-marker/d' Makefile         | make -f - am--depfiles
make: Nothing to be done for `am--depfiles'.
config.status:1662: $? = 0
config.status:1657: cd lgpl       && sed -e '/# am--include-marker/d' Makefile         | make -f - am--depfiles
make: Nothing to be done for `am--depfiles'.
config.status:1662: $? = 0
config.status:1657: cd io2       && sed -e '/# am--include-marker/d' Makefile         | make -f - am--depfiles
make: Nothing to be done for `am--depfiles'.
config.status:1662: $? = 0
config.status:1657: cd io2/examples       && sed -e '/# am--include-marker/d' Makefile         | make -f - am--depfiles
make: Nothing to be done for `am--depfiles'.
config.status:1662: $? = 0
config.status:1657: cd dirac       && sed -e '/# am--include-marker/d' Makefile         | make -f - am--depfiles
make: Nothing to be done for `am--depfiles'.
config.status:1662: $? = 0
config.status:1657: cd dft       && sed -e '/# am--include-marker/d' Makefile         | make -f - am--depfiles
make: Nothing to be done for `am--depfiles'.
config.status:1662: $? = 0
config.status:1657: cd dft/examples       && sed -e '/# am--include-marker/d' Makefile         | make -f - am--depfiles
make: Nothing to be done for `am--depfiles'.
config.status:1662: $? = 0
config.status:1657: cd struct       && sed -e '/# am--include-marker/d' Makefile         | make -f - am--depfiles
make: Nothing to be done for `am--depfiles'.
config.status:1662: $? = 0
config.status:1657: cd exx       && sed -e '/# am--include-marker/d' Makefile         | make -f - am--depfiles
make: Nothing to be done for `am--depfiles'.
config.status:1662: $? = 0
config.status:1657: cd classic       && sed -e '/# am--include-marker/d' Makefile         | make -f - am--depfiles
make: Nothing to be done for `am--depfiles'.
config.status:1662: $? = 0
config.status:1657: cd addutil       && sed -e '/# am--include-marker/d' Makefile         | make -f - am--depfiles
make: Nothing to be done for `am--depfiles'.
config.status:1662: $? = 0
config.status:1657: cd add-ons       && sed -e '/# am--include-marker/d' Makefile         | make -f - am--depfiles
make: Nothing to be done for `am--depfiles'.
config.status:1662: $? = 0
config.status:1657: cd tools       && sed -e '/# am--include-marker/d' Makefile         | make -f - am--depfiles
make: Nothing to be done for `am--depfiles'.
config.status:1662: $? = 0
config.status:1579: executing libtool commands
config.status:1579: executing helper commands

## ---------------- ##
## Cache variables. ##
## ---------------- ##

ac_cv_build=aarch64-apple-darwin23.6.0
ac_cv_c_bigendian=no
ac_cv_c_compiler_gnu=yes
ac_cv_cxx_compiler_gnu=yes
ac_cv_enable_acml=no
ac_cv_enable_acmlfft=no
ac_cv_enable_atlas=no
ac_cv_enable_cpuspecific=yes
ac_cv_enable_debug=no
ac_cv_enable_errorlimit=1
ac_cv_enable_fftw=no
ac_cv_enable_goto=no
ac_cv_enable_gpu=no
ac_cv_enable_hdf5=no
ac_cv_enable_logging=yes
ac_cv_enable_mkl=yes
ac_cv_enable_mklfft=yes
ac_cv_enable_mpi=no
ac_cv_enable_netcdf4=no
ac_cv_enable_netlib=no
ac_cv_enable_numlibschecks=no
ac_cv_enable_openmp=no
ac_cv_enable_parnetcdf4=no
ac_cv_enable_pcre2=auto
ac_cv_enable_profile=no
ac_cv_enable_staticlibc=no
ac_cv_enable_sxgemmm=no
ac_cv_env_CCC_set=
ac_cv_env_CCC_value=
ac_cv_env_CC_set=set
ac_cv_env_CC_value=clang
ac_cv_env_CFLAGS_set=
ac_cv_env_CFLAGS_value=
ac_cv_env_CPPFLAGS_set=
ac_cv_env_CPPFLAGS_value=
ac_cv_env_CXXCPP_set=
ac_cv_env_CXXCPP_value=
ac_cv_env_CXXFLAGS_set=
ac_cv_env_CXXFLAGS_value=
ac_cv_env_CXX_M_ARCH_set=
ac_cv_env_CXX_M_ARCH_value=
ac_cv_env_CXX_set=set
ac_cv_env_CXX_value=clang++
ac_cv_env_DIST_OS_set=
ac_cv_env_DIST_OS_value=
ac_cv_env_LDFLAGS_set=
ac_cv_env_LDFLAGS_value=
ac_cv_env_LIBS_set=
ac_cv_env_LIBS_value=
ac_cv_env_LT_SYS_LIBRARY_PATH_set=
ac_cv_env_LT_SYS_LIBRARY_PATH_value=
ac_cv_env_OBJCXXFLAGS_set=
ac_cv_env_OBJCXXFLAGS_value=
ac_cv_env_OBJCXX_set=
ac_cv_env_OBJCXX_value=
ac_cv_env_YACC_set=
ac_cv_env_YACC_value=
ac_cv_env_YFLAGS_set=
ac_cv_env_YFLAGS_value=
ac_cv_env_build_alias_set=
ac_cv_env_build_alias_value=
ac_cv_env_host_alias_set=
ac_cv_env_host_alias_value=
ac_cv_env_target_alias_set=
ac_cv_env_target_alias_value=
ac_cv_file__Users_fonari_src_2026_2_schrodinger_buildenv_packages__pixi_envs_schrodinger_mkl_2020_0_166_include_mkl_h=yes
ac_cv_file__Users_fonari_src_2026_2_schrodinger_buildenv_packages__pixi_envs_schrodinger_mkl_2020_0_166_lib_libmkl_core_dylib=yes
ac_cv_func_dnrm2=yes
ac_cv_func_lround=yes
ac_cv_func_round=yes
ac_cv_func_sincos=no
ac_cv_header_dlfcn_h=yes
ac_cv_header_inttypes_h=yes
ac_cv_header_pcre2_h=no
ac_cv_header_stdint_h=yes
ac_cv_header_stdio_h=yes
ac_cv_header_stdlib_h=yes
ac_cv_header_string_h=yes
ac_cv_header_strings_h=yes
ac_cv_header_sys_stat_h=yes
ac_cv_header_sys_types_h=yes
ac_cv_header_unistd_h=yes
ac_cv_host=aarch64-apple-darwin23.6.0
ac_cv_lib_dl_dlopen=yes
ac_cv_lib_gfortran__gfortran_copy_string=no
ac_cv_lib_gfortran_rand=no
ac_cv_lib_lex='none needed'
ac_cv_lib_m_sincos=no
ac_cv_lib_pthreadGCE2_pthread_create=no
ac_cv_lib_pthread_pthread_create=yes
ac_cv_objcxx_compiler_gnu=yes
ac_cv_objext=o
ac_cv_path_AWK=/usr/bin/awk
ac_cv_path_EGREP='/usr/bin/grep -E'
ac_cv_path_FGREP='/usr/bin/grep -F'
ac_cv_path_GREP=/usr/bin/grep
ac_cv_path_SED=/usr/bin/sed
ac_cv_path_TAIL=/usr/bin/tail
ac_cv_path_ZCAT=/usr/bin/gzcat
ac_cv_path_ac_pt_FIND=/usr/bin/find
ac_cv_path_ac_pt_PERL=/Users/fonari/src/2026-2/schrodinger_buildenv_packages/.pixi/envs/schrodinger/perl-5.14.2-sdk1012/bin/perl
ac_cv_path_ac_pt_RM=/bin/rm
ac_cv_path_install='/usr/bin/install -c'
ac_cv_path_lt_DD=/bin/dd
ac_cv_prog_AWK=awk
ac_cv_prog_CXXCPP='clang++ -E'
ac_cv_prog_LDD='otool -L'
ac_cv_prog_LEX=flex
ac_cv_prog_YACC='bison -y'
ac_cv_prog_ac_ct_AR=ar
ac_cv_prog_ac_ct_CC=clang
ac_cv_prog_ac_ct_DSYMUTIL=dsymutil
ac_cv_prog_ac_ct_LIPO=lipo
ac_cv_prog_ac_ct_NMEDIT=nmedit
ac_cv_prog_ac_ct_OBJCXX=clang++
ac_cv_prog_ac_ct_OBJDUMP=objdump
ac_cv_prog_ac_ct_OTOOL=otool
ac_cv_prog_ac_ct_RANLIB=ranlib
ac_cv_prog_ac_ct_STRIP=strip
ac_cv_prog_cc_c11=
ac_cv_prog_cc_g=yes
ac_cv_prog_cc_stdc=
ac_cv_prog_cxx_11=no
ac_cv_prog_cxx_g=yes
ac_cv_prog_cxx_stdcxx=
ac_cv_prog_lex_root=lex.yy
ac_cv_prog_lex_yytext_pointer=yes
ac_cv_prog_make_make_set=yes
ac_cv_prog_objcxx_g=yes
ac_cv_sizeof_voidp=8
ac_cv_with_addons=yes
ac_cv_with_bintarget=
ac_cv_with_cuda=/usr/local/cuda
ac_cv_with_examples=no
ac_cv_with_mklpath=/Users/fonari/src/2026-2/schrodinger_buildenv_packages/.pixi/envs/schrodinger/mkl-2020.0.166/include:/Users/fonari/src/2026-2/schrodinger_buildenv_packages/.pixi/envs/schrodinger/mkl-2020.0.166/lib
ac_cv_with_numlibs=/Users/fonari/src/sphinx-mac/sphinx-3.1/../netcdf/netcdf-c-4.8.1/install_dn
ac_cv_with_sxaccelerate=/Users/fonari/src/sphinx-mac/sphinx-3.1/sxaccelerate/src
ac_cv_with_sxaccelerate_build=/Users/fonari/src/sphinx-mac/sphinx-3.1/sxaccelerate/src
ac_cv_with_sxaccelerate_src=/Users/fonari/src/sphinx-mac/sphinx-3.1/sxaccelerate/src
ac_cv_with_sxmath=yes
ac_cv_with_tests=no
ac_cv_with_tools=yes
ac_cv_with_vimsyntax=no
am_cv_CC_dependencies_compiler_type=gcc3
am_cv_CXX_dependencies_compiler_type=gcc3
am_cv_OBJCXX_dependencies_compiler_type=gcc3
am_cv_make_support_nested_variables=yes
am_cv_prog_cc_c_o=yes
lt_cv_apple_cc_single_mod=no
lt_cv_ar_at_file=no
lt_cv_deplibs_check_method=pass_all
lt_cv_file_magic_cmd='$MAGIC_CMD'
lt_cv_file_magic_test_file=
lt_cv_ld_exported_symbols_list=yes
lt_cv_ld_force_load=yes
lt_cv_ld_reload_flag=-r
lt_cv_nm_interface='BSD nm'
lt_cv_objdir=.libs
lt_cv_path_LD=/Applications/Xcode.app/Contents/Developer/Toolchains/XcodeDefault.xctoolchain/usr/bin/ld
lt_cv_path_LDCXX=/Applications/Xcode.app/Contents/Developer/Toolchains/XcodeDefault.xctoolchain/usr/bin/ld
lt_cv_path_NM='/usr/bin/nm -B'
lt_cv_path_mainfest_tool=no
lt_cv_prog_compiler_c_o=yes
lt_cv_prog_compiler_c_o_CXX=yes
lt_cv_prog_compiler_pic='-fno-common -DPIC'
lt_cv_prog_compiler_pic_CXX='-fno-common -DPIC'
lt_cv_prog_compiler_pic_works=yes
lt_cv_prog_compiler_pic_works_CXX=yes
lt_cv_prog_compiler_rtti_exceptions=yes
lt_cv_prog_compiler_static_works=no
lt_cv_prog_compiler_static_works_CXX=no
lt_cv_prog_gnu_ld=no
lt_cv_prog_gnu_ldcxx=no
lt_cv_sharedlib_from_linklib_cmd='printf %s\n'
lt_cv_sys_global_symbol_pipe='sed -n -e '\''s/^.*[	 ]\([ABCDGIRSTW][ABCDGIRSTW]*\)[	 ][	 ]*_\([_A-Za-z][_A-Za-z0-9]*\)$/\1 _\2 \2/p'\'' | sed '\''/ __gnu_lto/d'\'''
lt_cv_sys_global_symbol_to_c_name_address='sed -n -e '\''s/^: \(.*\) .*$/  {"\1", (void *) 0},/p'\'' -e '\''s/^[ABCDGIRSTW][ABCDGIRSTW]* .* \(.*\)$/  {"\1", (void *) \&\1},/p'\'''
lt_cv_sys_global_symbol_to_c_name_address_lib_prefix='sed -n -e '\''s/^: \(.*\) .*$/  {"\1", (void *) 0},/p'\'' -e '\''s/^[ABCDGIRSTW][ABCDGIRSTW]* .* \(lib.*\)$/  {"\1", (void *) \&\1},/p'\'' -e '\''s/^[ABCDGIRSTW][ABCDGIRSTW]* .* \(.*\)$/  {"lib\1", (void *) \&\1},/p'\'''
lt_cv_sys_global_symbol_to_cdecl='sed -n -e '\''s/^T .* \(.*\)$/extern int \1();/p'\'' -e '\''s/^[ABCDGIRSTW][ABCDGIRSTW]* .* \(.*\)$/extern char \1;/p'\'''
lt_cv_sys_global_symbol_to_import=
lt_cv_sys_max_cmd_len=786432
lt_cv_to_host_file_cmd=func_convert_file_noop
lt_cv_to_tool_file_cmd=func_convert_file_noop
lt_cv_truncate_bin='/bin/dd bs=4096 count=1'

## ----------------- ##
## Output variables. ##
## ----------------- ##

ACLOCAL='${SHELL} '\''/Users/fonari/src/sphinx-mac/sphinx-3.1/src/missing'\'' aclocal-1.16'
AMDEPBACKSLASH='\'
AMDEP_FALSE='#'
AMDEP_TRUE=''
AMTAR='$${TAR-tar}'
AM_BACKSLASH='\'
AM_CXXFLAGS='-Wall -O3 -march=native -fpermissive -flax-vector-conversions -pipe -Wno-variadic-macros -DNDEBUG -D_REENTRANT'
AM_DEFAULT_V='$(AM_DEFAULT_VERBOSITY)'
AM_DEFAULT_VERBOSITY='1'
AM_V='$(V)'
AR='ar'
AS='as'
AUTOCONF='${SHELL} '\''/Users/fonari/src/sphinx-mac/sphinx-3.1/src/missing'\'' autoconf'
AUTOHEADER='${SHELL} '\''/Users/fonari/src/sphinx-mac/sphinx-3.1/src/missing'\'' autoheader'
AUTOMAKE='${SHELL} '\''/Users/fonari/src/sphinx-mac/sphinx-3.1/src/missing'\'' automake-1.16'
AWK='/usr/bin/awk'
BUILD_DARWIN_FALSE='#'
BUILD_DARWIN_TRUE=''
BUILD_LINUX_FALSE=''
BUILD_LINUX_TRUE='#'
BUILD_SHAREDLIBS_FALSE='#'
BUILD_SHAREDLIBS_TRUE=''
CC='clang'
CCDEPMODE='depmode=gcc3'
CFLAGS='-Wall -O3 -march=native -fpermissive -flax-vector-conversions -pipe -Wno-variadic-macros -DNDEBUG -D_REENTRANT'
COND_BUILD_ACCELERATE_FALSE='#'
COND_BUILD_ACCELERATE_TRUE=''
COND_BUILD_ADDONS_FALSE='#'
COND_BUILD_ADDONS_TRUE=''
COND_BUILD_ANDROID_FALSE=''
COND_BUILD_ANDROID_TRUE='#'
COND_BUILD_DOC_FALSE=''
COND_BUILD_DOC_TRUE='#'
COND_BUILD_EXAMPLES_FALSE=''
COND_BUILD_EXAMPLES_TRUE='#'
COND_BUILD_IOS_FALSE=''
COND_BUILD_IOS_TRUE='#'
COND_BUILD_MOBILE_FALSE=''
COND_BUILD_MOBILE_TRUE='#'
COND_BUILD_TOOLS_FALSE='#'
COND_BUILD_TOOLS_TRUE=''
COND_BUILD_WIN32_FALSE=''
COND_BUILD_WIN32_TRUE='#'
COND_GPU_FALSE=''
COND_GPU_TRUE='#'
COND_MPI_FALSE=''
COND_MPI_TRUE='#'
COND_PLAYGROUND_FALSE=''
COND_PLAYGROUND_TRUE='#'
CPPFLAGS=' -I/Users/fonari/src/sphinx-mac/netcdf/netcdf-c-4.8.1/install_dn/include -I/Users/fonari/src/2026-2/schrodinger_buildenv_packages/.pixi/envs/schrodinger/mkl-2020.0.166/include'
CP_A='/bin/cp -pR'
CSCOPE='cscope'
CTAGS='ctags'
CUDA='/usr/local/cuda'
CUDA_CFLAGS=''
CUDA_LDFLAGS=''
CUDA_LIBS=''
CXX='clang++'
CXXCPP='clang++ -E'
CXXDEPMODE='depmode=gcc3'
CXXFLAGS='-Wall -O3 -march=native -fpermissive -flax-vector-conversions -pipe -Wno-variadic-macros -DNDEBUG -D_REENTRANT'
CXXLD='clang++'
CXX_M_ARCH='-march=native'
CXX_PEDANTIC='-std=c++14 -pedantic -Wconversion -Wredundant-decls -Wno-long-long'
CXX_WARNING_IS_ERROR='-Werror -Wfatal-errors'
CYGPATH_W='echo'
DBG_MODE='no'
DEFS='-DHAVE_CONFIG_H'
DEPDIR='.deps'
DIST_MAJOR=''
DIST_MINOR=''
DIST_NAME='MacOSX'
DIST_OS='Darwin'
DIST_PATCH='0'
DIST_REPO_VER='.'
DIST_VERSION=''
DLLLIBEXT='.dylib'
DLLTOOL='false'
DOXYGEN=''
DSYMUTIL='dsymutil'
DUMPBIN=''
ECHO_C='\c'
ECHO_N=''
ECHO_T=''
EGREP='/usr/bin/grep -E'
ETAGS='etags'
EXEEXT=''
FGREP='/usr/bin/grep -F'
FIND='/usr/bin/find'
GCCERRORLIMIT='1'
GDB=''
GREP='/usr/bin/grep'
IMPLIBEXT='.dylib'
INSTALL_DATA='${INSTALL} -m 644'
INSTALL_PROGRAM='${INSTALL}'
INSTALL_SCRIPT='${INSTALL}'
INSTALL_STRIP_PROGRAM='$(install_sh) -c -s'
LD='/Applications/Xcode.app/Contents/Developer/Toolchains/XcodeDefault.xctoolchain/usr/bin/ld'
LDD='otool -L'
LDD_AWK_COL='1'
LDFLAGS='-L/Users/fonari/src/2026-2/schrodinger_buildenv_packages/.pixi/envs/schrodinger/mkl-2020.0.166/lib -Wl,-rpath,/Users/fonari/src/2026-2/schrodinger_buildenv_packages/.pixi/envs/schrodinger/mkl-2020.0.166/lib  -L/Users/fonari/src/sphinx-mac/netcdf/netcdf-c-4.8.1/install_dn/lib'
LEX='flex'
LEXLIB=''
LEX_CXXFLAGS='-Wno-conversion -Wno-redundant-decls -Wno-unused -Wno-unused-parameter -Wno-sign-compare'
LEX_OUTPUT_ROOT='lex.yy'
LIBEXT='dylib'
LIBOBJS=''
LIBS=' -framework CoreFoundation -ldl -lpthread'
LIBTOOL='$(SHELL) $(top_builddir)/libtool'
LIPO='lipo'
LN_S='ln -s'
LTLIBOBJS=''
LT_SYS_LIBRARY_PATH=''
MACHINE_SPECIFIC='yes'
MAKEINFO='${SHELL} '\''/Users/fonari/src/sphinx-mac/sphinx-3.1/src/missing'\'' makeinfo'
MAKE_SILENT_ARGS='-s'
MANIFEST_TOOL=':'
MEMTRACER=''
MKDIR_P='./install-sh -c -d'
MKLPATH='/Users/fonari/src/2026-2/schrodinger_buildenv_packages/.pixi/envs/schrodinger/mkl-2020.0.166/include:/Users/fonari/src/2026-2/schrodinger_buildenv_packages/.pixi/envs/schrodinger/mkl-2020.0.166/lib'
MPICC=''
MPICXX=''
NM='/usr/bin/nm -B'
NMEDIT='nmedit'
NUMLIBS='/Users/fonari/src/sphinx-mac/sphinx-3.1/../netcdf/netcdf-c-4.8.1/install_dn'
NUMLIBS_CHECKS='no'
NVCC=''
OBJCXX='clang++'
OBJCXXDEPMODE='depmode=gcc3'
OBJCXXFLAGS='-g -O2'
OBJDUMP='objdump'
OBJEXT='o'
OTOOL64=':'
OTOOL='otool'
PACKAGE='sphinx'
PACKAGE_BUGREPORT='https://sxrepo.mpie.de'
PACKAGE_NAME='SPHInX'
PACKAGE_STRING='SPHInX 3.1'
PACKAGE_TARNAME='sphinx'
PACKAGE_URL=''
PACKAGE_VERSION='3.1'
PATH_SEPARATOR=':'
PERL='/Users/fonari/src/2026-2/schrodinger_buildenv_packages/.pixi/envs/schrodinger/perl-5.14.2-sdk1012/bin/perl'
PKG_TYPE='pkg'
PROCESSOR='x86_64'
PRO_MODE='no'
RANLIB='ranlib'
REPOPROC='x86_64'
RM='/bin/rm'
SED='/usr/bin/sed'
SET_MAKE=''
SHARED_VERSION_INFO=''
SHELL='/bin/sh'
STATIC_LIBC='no'
STRIP='strip'
SUBDIRS=''
SXACCELERATE='/Users/fonari/src/sphinx-mac/sphinx-3.1/sxaccelerate/src'
SXACCELERATE_BUILD='/Users/fonari/src/sphinx-mac/sphinx-3.1/sxaccelerate/src'
SXACCELERATE_SRC='/Users/fonari/src/sphinx-mac/sphinx-3.1/sxaccelerate/src'
SXBINTARGET=''
SXDIR='/Users/fonari/src/sphinx-mac/sphinx-3.1'
SXLIBTOOL='/Users/fonari/src/sphinx-mac/sphinx-3.1/src/libtool'
SX_BLAS_LIBS='-lmkl_intel_lp64 -lmkl_core -lmkl_sequential -ldl -ldl -lpthread -lm  -lm  -framework CoreFoundation -ldl -lpthread'
SX_FFT_LIBS=''
SX_NETCDF_LIBS='-lnetcdf'
SX_PARAM_ACML='no'
SX_PARAM_ACMLFFT='no'
SX_PARAM_ATLAS='no'
SX_PARAM_FFTW='no'
SX_PARAM_MKL='yes'
SX_PARAM_MKLFFT='yes'
SX_PARAM_NETLIB='no'
SX_PARAM_NUMLIBS=''
SX_PARAM_SXMATH=''
SX_SHORTCUT_LIBS=''
TAIL='/usr/bin/tail'
THREADTRACER=''
TODAY='01/31/26'
UNAME='Darwin'
USE_ACML='no'
USE_ACML_FFT='no'
USE_ATLAS='no'
USE_FFTW='no'
USE_GOTO='no'
USE_GPU='no'
USE_HDF5='no'
USE_INTEL_MKL='yes'
USE_MKL_FFT='yes'
USE_MPI='no'
USE_NETCDF4='no'
USE_NETLIB='no'
USE_OPENMP='no'
USE_PARALLEL_NETCDF4='no'
USE_PCRE2='auto'
USE_SXGEMMM='no'
USE_SX_LOG='yes'
VERSION='3.1'
WHOAMI='fonari'
WITH_ADDONS='yes'
WITH_DBGDIR=''
WITH_EXAMPLES='no'
WITH_TESTS='no'
WITH_TOOLS='yes'
WITH_VIM_SYNTAX='no'
YACC='bison -y'
YFLAGS=''
ZCAT='/usr/bin/gzcat'
abs_top_builddir='/Users/fonari'
abs_top_srcdir='/Users/fonari'
ac_ct_AR='ar'
ac_ct_CC='clang'
ac_ct_CXX=''
ac_ct_DUMPBIN=''
ac_ct_GDB=''
ac_ct_MPICC=''
ac_ct_MPICXX=''
ac_ct_OBJCXX='clang++'
am__EXEEXT_FALSE=''
am__EXEEXT_TRUE='#'
am__fastdepCC_FALSE='#'
am__fastdepCC_TRUE=''
am__fastdepCXX_FALSE='#'
am__fastdepCXX_TRUE=''
am__fastdepOBJCXX_FALSE='#'
am__fastdepOBJCXX_TRUE=''
am__include='include'
am__isrc=''
am__leading_dot='.'
am__nodep='_no'
am__quote=''
am__tar='$${TAR-tar} chof - "$$tardir"'
am__untar='$${TAR-tar} xf -'
bindir='${exec_prefix}/bin'
build='aarch64-apple-darwin23.6.0'
build_alias=''
build_cpu='aarch64'
build_os='darwin23.6.0'
build_vendor='apple'
datadir='${datarootdir}'
datarootdir='${prefix}/share'
docdir='${datarootdir}/doc/${PACKAGE_TARNAME}'
dvidir='${docdir}'
exec_prefix='${prefix}'
host='aarch64-apple-darwin23.6.0'
host_alias=''
host_cpu='aarch64'
host_os='darwin23.6.0'
host_vendor='apple'
htmldir='${docdir}'
includedir='${prefix}/include'
infodir='${datarootdir}/info'
install_sh='${SHELL} /Users/fonari/src/sphinx-mac/sphinx-3.1/src/install-sh'
libdir='${exec_prefix}/lib'
libexecdir='${exec_prefix}/libexec'
localedir='${datarootdir}/locale'
localstatedir='${prefix}/var'
mandir='${datarootdir}/man'
mkdir_p='$(MKDIR_P)'
oldincludedir='/usr/include'
pdfdir='${docdir}'
prefix='/Users/fonari/src/sphinx-mac/sphinx-3.1/install_dn'
program_transform_name='s,x,x,'
psdir='${docdir}'
runstatedir='${localstatedir}/run'
sbindir='${exec_prefix}/sbin'
sharedstatedir='${prefix}/com'
sysconfdir='${prefix}/etc'
target_alias=''

## ----------- ##
## confdefs.h. ##
## ----------- ##

/* confdefs.h */
#define PACKAGE_NAME "SPHInX"
#define PACKAGE_TARNAME "sphinx"
#define PACKAGE_VERSION "3.1"
#define PACKAGE_STRING "SPHInX 3.1"
#define PACKAGE_BUGREPORT "https://sxrepo.mpie.de"
#define PACKAGE_URL ""
#define PACKAGE "sphinx"
#define VERSION "3.1"
#define WITH_ADDONS /**/
#define WITH_ADDONS /**/
#define WITH_TOOLS /**/
#define WITH_TOOLS /**/
#define HAVE_STDIO_H 1
#define HAVE_STDLIB_H 1
#define HAVE_STRING_H 1
#define HAVE_INTTYPES_H 1
#define HAVE_STDINT_H 1
#define HAVE_STRINGS_H 1
#define HAVE_SYS_STAT_H 1
#define HAVE_SYS_TYPES_H 1
#define HAVE_UNISTD_H 1
#define STDC_HEADERS 1
#define SIZEOF_VOIDP 8
#define HAS_64BIT "1"
#define UNAME "Darwin"
#define PROCESSOR "x86_64"
#define WHOAMI "fonari"
#define GDB ""
#define MEMTRACER ""
#define THREADTRACER ""
#define DIST_OS "Darwin"
#define DIST_NAME "MacOSX"
#define DIST_VERSION ""
#define DIST_VERSION_L 0L 
#define DIST_MAJOR ""
#define DIST_MINOR ""
#define DIST_PATCH "0"
#define DIST_REPO_VER "."
#define PKG_TYPE "pkg"
#define REPOPROC "x86_64"
#define SXBINTARGET ""
#define SXACCELERATE_SRC "/Users/fonari/src/sphinx-mac/sphinx-3.1/src"
#define SXACCELERATE_BUILD "/Users/fonari/src/sphinx-mac/sphinx-3.1/src"
#define YYTEXT_POINTER 1
#define USE_SX_LOG /**/
#define MACHINE_SPECIFIC /**/
#define MACOSX "1"
#define HAVE_ROUND 1
#define HAVE_LROUND 1
#define CXX "clang++"
#define CXXFLAGS "-Wall -O3 -march=native -fpermissive -flax-vector-conversions -pipe -Wno-variadic-macros -DNDEBUG -D_REENTRANT"
#define CXXVERSION "Apple clang version 16.0.0 (clang-1600.0.26.6)"
#define F77 ""
#define FFLAGS ""
#define HAVE_DLFCN_H 1
#define LT_OBJDIR ".libs/"
#define USE_INTEL_MKL /**/
#define USE_MKL_FFT /**/
#define SXCOPYRIGHT "| S/PHI/nX utilizes the following 3rd-party libraries:\n|    - Intel MKL       http://software.intel.com/en-us/intel-mkl\n|    - Flex            http://flex.sourceforge.net\n|    - NetCDF          http://www.unidata.ucar.edu/software/netcdf\n"

configure: exit 0
